=== Started 2019-09-21T23-43-42-339 ===
[INFO ][23:43:42] 418 bad words loaded
[WARN ][23:43:42] User account "Local Administrator" disabled
[WARN ][23:43:42] User account "Local Moderator" disabled
[WARN ][23:43:42] User account "Local User" disabled
[INFO ][23:43:42] 0 user records loaded.
[INFO ][23:43:42] 0 IP ban records loaded.
[INFO ][23:43:42] [1m[32mMultiOgar-Edited 1.6.1[37m - An open source multi-protocol ogar server[0m
[NONE ][23:43:42] 111111111111start
[NONE ][23:43:42] 0
[INFO ][23:43:42] WebSocket: ws
[INFO ][23:43:42] Started stats server on port 14
[NONE ][23:43:42] 111111111111http open
[NONE ][23:43:42] Listening on port 10014
[INFO ][23:43:42] Current game mode is Free For All
[NONE ][23:43:42] spawnCells99999999999999
[NONE ][23:43:42]   __  __       _ _   _  ___                        _____    _ _ _           _    _   __    _ 
 |  \/  |_   _| | |_(_)/ _ \  __ _  __ _ _ __     | ____|__| (_) |_ ___  __| |  / | / /_  / |
 | |\/| | | | | | __| | | | |/ _` |/ _` | '__|____|  _| / _` | | __/ _ \/ _` |  | || '_ \ | |
 | |  | | |_| | | |_| | |_| | (_| | (_| | | |_____| |__| (_| | | ||  __/ (_| |  | || (_) || |
 |_|  |_|\__,_|_|\__|_|\___/ \__, |\__,_|_|       |_____\__,_|_|\__\___|\__,_|  |_(_)___(_)_|
                             |___/                                                           
[NONE ][23:43:44] spawnCells99999999999999
[NONE ][23:43:46] spawnCells99999999999999
[NONE ][23:43:48] spawnCells99999999999999
[NONE ][23:43:48] 111111111111onClientSocketOpen
[NONE ][23:43:48] 333333333333onClientSocketOpen
[NONE ][23:43:48] 222222222222onClientSocketOpen
[NONE ][23:43:48] CONNECTED 127.0.0.1:52399, origin: "http://localhost"
[NONE ][23:43:50] spawnCells99999999999999
[NONE ][23:43:52] spawnCells99999999999999
[NONE ][23:43:54] 111111111111onClientSocketOpen
[NONE ][23:43:54] 333333333333onClientSocketOpen
[NONE ][23:43:54] 222222222222onClientSocketOpen
[NONE ][23:43:54] CONNECTED 127.0.0.1:52405, origin: "http://localhost"
[NONE ][23:43:54] spawnCells99999999999999
[NONE ][23:43:56] spawnCells99999999999999
[NONE ][23:43:58] spawnCells99999999999999
[NONE ][23:44:00] spawnCells99999999999999
[NONE ][23:44:02] spawnCells99999999999999
[NONE ][23:44:04] spawnCells99999999999999
[NONE ][23:44:06] spawnCells99999999999999
[NONE ][23:44:08] spawnCells99999999999999
[NONE ][23:44:10] spawnCells99999999999999
[ERROR][23:44:10] [127.0.0.1:52399] Error: read ECONNRESET
    at TCP.onStreamRead (internal/stream_base_commons.js:111:27)
[NONE ][23:44:10] DISCONNECTED 127.0.0.1:52399, code: 1006, reason: "", name: "AAAAA"
[NONE ][23:44:10] 111111111111onClientSocketOpen
[NONE ][23:44:10] 333333333333onClientSocketOpen
[NONE ][23:44:10] 222222222222onClientSocketOpen
[NONE ][23:44:10] CONNECTED 127.0.0.1:52413, origin: "http://localhost"
[NONE ][23:44:12] spawnCells99999999999999
[ERROR][23:44:12] [127.0.0.1:52405] Error: read ECONNRESET
    at TCP.onStreamRead (internal/stream_base_commons.js:111:27)
[NONE ][23:44:12] DISCONNECTED 127.0.0.1:52405, code: 1001, reason: "", name: "BBBBB"
[NONE ][23:44:12] 111111111111onClientSocketOpen
[NONE ][23:44:12] 333333333333onClientSocketOpen
[NONE ][23:44:12] 222222222222onClientSocketOpen
[NONE ][23:44:12] CONNECTED 127.0.0.1:52415, origin: "http://localhost"
[NONE ][23:44:14] spawnCells99999999999999
[NONE ][23:44:16] spawnCells99999999999999
[NONE ][23:44:18] spawnCells99999999999999
[NONE ][23:44:20] spawnCells99999999999999
[NONE ][23:44:22] spawnCells99999999999999
[NONE ][23:44:24] spawnCells99999999999999
[ERROR][23:44:26] [127.0.0.1:52415] Error: read ECONNRESET
    at TCP.onStreamRead (internal/stream_base_commons.js:111:27)
[NONE ][23:44:26] DISCONNECTED 127.0.0.1:52415, code: 1001, reason: "", name: "BBBBB"
[NONE ][23:44:26] spawnCells99999999999999
[NONE ][23:44:28] spawnCells99999999999999
[ERROR][23:44:28] [127.0.0.1:52413] Error: read ECONNRESET
    at TCP.onStreamRead (internal/stream_base_commons.js:111:27)
[NONE ][23:44:28] DISCONNECTED 127.0.0.1:52413, code: 1001, reason: "", name: "BBBBB"
[NONE ][23:44:30] spawnCells99999999999999
[NONE ][23:44:32] spawnCells99999999999999
[NONE ][23:44:34] spawnCells99999999999999
[NONE ][23:44:36] spawnCells99999999999999
[NONE ][23:44:36] 111111111111onClientSocketOpen
[NONE ][23:44:36] 333333333333onClientSocketOpen
[NONE ][23:44:36] 222222222222onClientSocketOpen
[NONE ][23:44:36] CONNECTED 127.0.0.1:52423, origin: "http://localhost"
[NONE ][23:44:38] spawnCells99999999999999
[NONE ][23:44:40] spawnCells99999999999999
[NONE ][23:44:41] 111111111111onClientSocketOpen
[NONE ][23:44:41] 333333333333onClientSocketOpen
[NONE ][23:44:41] 222222222222onClientSocketOpen
[NONE ][23:44:41] CONNECTED 127.0.0.1:52425, origin: "http://localhost"
[NONE ][23:44:42] spawnCells99999999999999
[NONE ][23:44:44] spawnCells99999999999999
[NONE ][23:44:46] spawnCells99999999999999
[NONE ][23:44:48] spawnCells99999999999999
[NONE ][23:44:50] spawnCells99999999999999
[NONE ][23:44:52] spawnCells99999999999999
[ERROR][23:44:54] [127.0.0.1:52425] Error: read ECONNRESET
    at TCP.onStreamRead (internal/stream_base_commons.js:111:27)
[NONE ][23:44:54] DISCONNECTED 127.0.0.1:52425, code: 1001, reason: "", name: "AAAA"
[NONE ][23:44:54] 111111111111onClientSocketOpen
[NONE ][23:44:54] 333333333333onClientSocketOpen
[NONE ][23:44:54] 222222222222onClientSocketOpen
[NONE ][23:44:54] CONNECTED 127.0.0.1:52433, origin: "http://localhost"
[NONE ][23:44:54] spawnCells99999999999999
[NONE ][23:44:54] DISCONNECTED 127.0.0.1:52423, code: 1001, reason: "", name: "BBBBB"
[NONE ][23:44:55] 111111111111onClientSocketOpen
[NONE ][23:44:55] 333333333333onClientSocketOpen
[NONE ][23:44:55] 222222222222onClientSocketOpen
[NONE ][23:44:55] CONNECTED 127.0.0.1:52434, origin: "http://localhost"
[NONE ][23:44:56] spawnCells99999999999999
[NONE ][23:44:58] spawnCells99999999999999
[NONE ][23:45:00] spawnCells99999999999999
[NONE ][23:45:02] spawnCells99999999999999
[NONE ][23:45:04] spawnCells99999999999999
[NONE ][23:45:06] spawnCells99999999999999
[NONE ][23:45:08] spawnCells99999999999999
[NONE ][23:45:10] spawnCells99999999999999
[NONE ][23:45:12] spawnCells99999999999999
[NONE ][23:45:14] spawnCells99999999999999
[NONE ][23:45:16] spawnCells99999999999999
[NONE ][23:45:18] spawnCells99999999999999
[NONE ][23:45:20] spawnCells99999999999999
[NONE ][23:45:22] spawnCells99999999999999
[NONE ][23:45:24] spawnCells99999999999999
[NONE ][23:45:26] spawnCells99999999999999
[NONE ][23:45:28] spawnCells99999999999999
[NONE ][23:45:30] spawnCells99999999999999
[NONE ][23:45:32] spawnCells99999999999999
[NONE ][23:45:34] spawnCells99999999999999
[NONE ][23:45:36] spawnCells99999999999999
[NONE ][23:45:38] spawnCells99999999999999
[NONE ][23:45:40] spawnCells99999999999999
[NONE ][23:45:42] spawnCells99999999999999
[NONE ][23:45:44] spawnCells99999999999999
[NONE ][23:45:46] spawnCells99999999999999
[NONE ][23:45:48] spawnCells99999999999999
[NONE ][23:45:50] spawnCells99999999999999
[NONE ][23:45:52] spawnCells99999999999999
[NONE ][23:45:54] spawnCells99999999999999
[NONE ][23:45:54] 111111111111onClientSocketOpen
[NONE ][23:45:55] 111111111111onClientSocketOpen
[NONE ][23:45:56] spawnCells99999999999999
[ERROR][23:45:57] [127.0.0.1:52433] Error: read ECONNRESET
    at TCP.onStreamRead (internal/stream_base_commons.js:111:27)
[NONE ][23:45:57] DISCONNECTED 127.0.0.1:52433, code: 1001, reason: "", name: ""
[NONE ][23:45:57] 111111111111onClientSocketOpen
[NONE ][23:45:57] 333333333333onClientSocketOpen
[NONE ][23:45:57] 222222222222onClientSocketOpen
[NONE ][23:45:57] CONNECTED 127.0.0.1:52450, origin: "http://localhost"
[NONE ][23:45:58] spawnCells99999999999999
[ERROR][23:45:58] [127.0.0.1:52434] Error: read ECONNRESET
    at TCP.onStreamRead (internal/stream_base_commons.js:111:27)
[NONE ][23:45:58] DISCONNECTED 127.0.0.1:52434, code: 1001, reason: "", name: ""
[NONE ][23:46:00] spawnCells99999999999999
[NONE ][23:46:02] spawnCells99999999999999
[NONE ][23:46:04] spawnCells99999999999999
[NONE ][23:46:06] spawnCells99999999999999
[NONE ][23:46:08] spawnCells99999999999999
[NONE ][23:46:10] spawnCells99999999999999
[NONE ][23:46:12] spawnCells99999999999999
[NONE ][23:46:13] DISCONNECTED 127.0.0.1:52450, code: 1001, reason: "", name: "BBBBB"
[NONE ][23:46:13] 111111111111onClientSocketOpen
[NONE ][23:46:13] 333333333333onClientSocketOpen
[NONE ][23:46:13] 222222222222onClientSocketOpen
[NONE ][23:46:13] CONNECTED 127.0.0.1:52460, origin: "http://localhost"
[NONE ][23:46:14] spawnCells99999999999999
[NONE ][23:46:16] spawnCells99999999999999
[NONE ][23:46:18] spawnCells99999999999999
[NONE ][23:46:20] spawnCells99999999999999
[NONE ][23:46:22] spawnCells99999999999999
[NONE ][23:46:24] spawnCells99999999999999
[NONE ][23:46:26] spawnCells99999999999999
[NONE ][23:46:28] spawnCells99999999999999
[ERROR][23:46:29] [127.0.0.1:52460] Error: read ECONNRESET
    at TCP.onStreamRead (internal/stream_base_commons.js:111:27)
[NONE ][23:46:29] DISCONNECTED 127.0.0.1:52460, code: 1001, reason: "", name: "BBBBB"
[NONE ][23:46:30] spawnCells99999999999999
[NONE ][23:46:32] spawnCells99999999999999
