=== Started 2019-09-20T22-50-07-680 ===
[INFO ][22:50:07] 418 bad words loaded
[WARN ][22:50:07] User account "Local Administrator" disabled
[WARN ][22:50:07] User account "Local Moderator" disabled
[WARN ][22:50:07] User account "Local User" disabled
[INFO ][22:50:07] 0 user records loaded.
[INFO ][22:50:07] 0 IP ban records loaded.
[INFO ][22:50:07] [1m[32mMultiOgar-Edited 1.6.1[37m - An open source multi-protocol ogar server[0m
[NONE ][22:50:07] 111111111111start
[NONE ][22:50:07] 0
[INFO ][22:50:07] WebSocket: ws
[INFO ][22:50:08] Started stats server on port 14
[NONE ][22:50:08] 111111111111http open
[NONE ][22:50:08] Listening on port 10014
[INFO ][22:50:08] Current game mode is Free For All
[NONE ][22:50:08] spawnCells99999999999999
[NONE ][22:50:08]   __  __       _ _   _  ___                        _____    _ _ _           _    _   __    _ 
 |  \/  |_   _| | |_(_)/ _ \  __ _  __ _ _ __     | ____|__| (_) |_ ___  __| |  / | / /_  / |
 | |\/| | | | | | __| | | | |/ _` |/ _` | '__|____|  _| / _` | | __/ _ \/ _` |  | || '_ \ | |
 | |  | | |_| | | |_| | |_| | (_| | (_| | | |_____| |__| (_| | | ||  __/ (_| |  | || (_) || |
 |_|  |_|\__,_|_|\__|_|\___/ \__, |\__,_|_|       |_____\__,_|_|\__\___|\__,_|  |_(_)___(_)_|
                             |___/                                                           
[NONE ][22:50:08] 111111111111onClientSocketOpen
[NONE ][22:50:08] 333333333333onClientSocketOpen
[NONE ][22:50:08] 222222222222onClientSocketOpen
[NONE ][22:50:08] CONNECTED 127.0.0.1:61747, origin: "http://localhost"
[NONE ][22:50:08] 111111111111onClientSocketOpen
[NONE ][22:50:08] 333333333333onClientSocketOpen
[NONE ][22:50:08] 222222222222onClientSocketOpen
[NONE ][22:50:08] CONNECTED 127.0.0.1:61748, origin: "http://localhost"
[ERROR][22:50:09] [127.0.0.1:61747] Error: read ECONNRESET
    at TCP.onStreamRead (internal/stream_base_commons.js:111:27)
[NONE ][22:50:09] DISCONNECTED 127.0.0.1:61747, code: 1001, reason: "", name: ""
[NONE ][22:50:09] 111111111111onClientSocketOpen
[NONE ][22:50:09] 333333333333onClientSocketOpen
[NONE ][22:50:09] 222222222222onClientSocketOpen
[NONE ][22:50:09] CONNECTED 127.0.0.1:61754, origin: "http://localhost"
[NONE ][22:50:10] spawnCells99999999999999
[NONE ][22:50:12] spawnCells99999999999999
[NONE ][22:50:14] spawnCells99999999999999
[ERROR][22:50:15] [127.0.0.1:61748] Error: read ECONNRESET
    at TCP.onStreamRead (internal/stream_base_commons.js:111:27)
[NONE ][22:50:15] DISCONNECTED 127.0.0.1:61748, code: 1001, reason: "", name: ""
[NONE ][22:50:15] 111111111111onClientSocketOpen
[NONE ][22:50:15] 333333333333onClientSocketOpen
[NONE ][22:50:15] 222222222222onClientSocketOpen
[NONE ][22:50:15] CONNECTED 127.0.0.1:61759, origin: "http://localhost"
[NONE ][22:50:16] spawnCells99999999999999
[NONE ][22:50:18] spawnCells99999999999999
[NONE ][22:50:20] spawnCells99999999999999
[NONE ][22:50:22] spawnCells99999999999999
