=== Started 2019-09-21T21-05-21-972 ===
[INFO ][21:05:22] 418 bad words loaded
[WARN ][21:05:22] User account "Local Administrator" disabled
[WARN ][21:05:22] User account "Local Moderator" disabled
[WARN ][21:05:22] User account "Local User" disabled
[INFO ][21:05:22] 0 user records loaded.
[INFO ][21:05:22] 0 IP ban records loaded.
[INFO ][21:05:22] [1m[32mMultiOgar-Edited 1.6.1[37m - An open source multi-protocol ogar server[0m
[NONE ][21:05:22] 111111111111start
[NONE ][21:05:22] 0
[INFO ][21:05:22] WebSocket: ws
[INFO ][21:05:22] Started stats server on port 14
[NONE ][21:05:22] 111111111111http open
[NONE ][21:05:22] Listening on port 10014
[INFO ][21:05:22] Current game mode is Free For All
[NONE ][21:05:22] spawnCells99999999999999
[NONE ][21:05:22]   __  __       _ _   _  ___                        _____    _ _ _           _    _   __    _ 
 |  \/  |_   _| | |_(_)/ _ \  __ _  __ _ _ __     | ____|__| (_) |_ ___  __| |  / | / /_  / |
 | |\/| | | | | | __| | | | |/ _` |/ _` | '__|____|  _| / _` | | __/ _ \/ _` |  | || '_ \ | |
 | |  | | |_| | | |_| | |_| | (_| | (_| | | |_____| |__| (_| | | ||  __/ (_| |  | || (_) || |
 |_|  |_|\__,_|_|\__|_|\___/ \__, |\__,_|_|       |_____\__,_|_|\__\___|\__,_|  |_(_)___(_)_|
                             |___/                                                           
[NONE ][21:05:22] 111111111111onClientSocketOpen
[NONE ][21:05:22] 333333333333onClientSocketOpen
[NONE ][21:05:22] 222222222222onClientSocketOpen
[NONE ][21:05:22] CONNECTED 127.0.0.1:57596, origin: "http://localhost"
[NONE ][21:05:22] 111111111111onClientSocketOpen
[NONE ][21:05:22] 333333333333onClientSocketOpen
[NONE ][21:05:22] 222222222222onClientSocketOpen
[NONE ][21:05:22] CONNECTED 127.0.0.1:57598, origin: "http://localhost"
[NONE ][21:05:24] spawnCells99999999999999
[ERROR][21:05:25] [127.0.0.1:57596] Error: read ECONNRESET
    at TCP.onStreamRead (internal/stream_base_commons.js:111:27)
[NONE ][21:05:25] DISCONNECTED 127.0.0.1:57596, code: 1001, reason: "", name: ""
[NONE ][21:05:25] 111111111111onClientSocketOpen
[NONE ][21:05:25] 333333333333onClientSocketOpen
[NONE ][21:05:25] 222222222222onClientSocketOpen
[NONE ][21:05:25] CONNECTED 127.0.0.1:57607, origin: "http://localhost"
[NONE ][21:05:26] spawnCells99999999999999
[NONE ][21:05:28] spawnCells99999999999999
[ERROR][21:05:28] [127.0.0.1:57598] Error: read ECONNRESET
    at TCP.onStreamRead (internal/stream_base_commons.js:111:27)
[NONE ][21:05:28] DISCONNECTED 127.0.0.1:57598, code: 1001, reason: "", name: ""
[NONE ][21:05:28] 111111111111onClientSocketOpen
[NONE ][21:05:28] 333333333333onClientSocketOpen
[NONE ][21:05:28] 222222222222onClientSocketOpen
[NONE ][21:05:28] CONNECTED 127.0.0.1:57613, origin: "http://localhost"
[NONE ][21:05:30] spawnCells99999999999999
[NONE ][21:05:32] spawnCells99999999999999
[NONE ][21:05:34] spawnCells99999999999999
[NONE ][21:05:36] spawnCells99999999999999
[NONE ][21:05:38] spawnCells99999999999999
[NONE ][21:05:40] spawnCells99999999999999
[NONE ][21:05:42] spawnCells99999999999999
[NONE ][21:05:44] spawnCells99999999999999
[NONE ][21:05:46] spawnCells99999999999999
[NONE ][21:05:48] spawnCells99999999999999
[NONE ][21:05:50] spawnCells99999999999999
[NONE ][21:05:52] spawnCells99999999999999
[NONE ][21:05:54] spawnCells99999999999999
[NONE ][21:05:56] spawnCells99999999999999
[NONE ][21:05:58] spawnCells99999999999999
[NONE ][21:06:00] spawnCells99999999999999
[NONE ][21:06:02] spawnCells99999999999999
[NONE ][21:06:04] spawnCells99999999999999
[NONE ][21:06:06] spawnCells99999999999999
[NONE ][21:06:08] spawnCells99999999999999
[NONE ][21:06:10] spawnCells99999999999999
[NONE ][21:06:12] spawnCells99999999999999
[NONE ][21:06:14] spawnCells99999999999999
[NONE ][21:06:16] spawnCells99999999999999
[NONE ][21:06:18] spawnCells99999999999999
[NONE ][21:06:20] spawnCells99999999999999
[NONE ][21:06:22] spawnCells99999999999999
[NONE ][21:06:24] spawnCells99999999999999
[NONE ][21:06:26] spawnCells99999999999999
[NONE ][21:06:28] spawnCells99999999999999
[NONE ][21:06:30] spawnCells99999999999999
[NONE ][21:06:32] spawnCells99999999999999
[NONE ][21:06:34] spawnCells99999999999999
[NONE ][21:06:36] spawnCells99999999999999
[NONE ][21:06:38] spawnCells99999999999999
[NONE ][21:06:40] spawnCells99999999999999
[NONE ][21:06:42] spawnCells99999999999999
[NONE ][21:06:44] spawnCells99999999999999
[NONE ][21:06:46] spawnCells99999999999999
[NONE ][21:06:48] spawnCells99999999999999
[NONE ][21:06:50] spawnCells99999999999999
[NONE ][21:06:52] spawnCells99999999999999
[NONE ][21:06:54] spawnCells99999999999999
[NONE ][21:06:56] spawnCells99999999999999
[NONE ][21:06:58] spawnCells99999999999999
[NONE ][21:07:00] spawnCells99999999999999
[NONE ][21:07:02] spawnCells99999999999999
[NONE ][21:07:04] spawnCells99999999999999
[NONE ][21:07:06] spawnCells99999999999999
[NONE ][21:07:08] spawnCells99999999999999
[NONE ][21:07:10] spawnCells99999999999999
[NONE ][21:07:12] spawnCells99999999999999
[NONE ][21:07:14] spawnCells99999999999999
[NONE ][21:07:16] spawnCells99999999999999
[NONE ][21:07:18] spawnCells99999999999999
[NONE ][21:07:20] spawnCells99999999999999
[NONE ][21:07:22] spawnCells99999999999999
[NONE ][21:07:24] spawnCells99999999999999
[NONE ][21:07:26] spawnCells99999999999999
[NONE ][21:07:28] spawnCells99999999999999
[ERROR][21:07:28] [127.0.0.1:57607] Error: read ECONNRESET
    at TCP.onStreamRead (internal/stream_base_commons.js:111:27)
[NONE ][21:07:28] DISCONNECTED 127.0.0.1:57607, code: 1001, reason: "", name: "111111"
[NONE ][21:07:28] 111111111111onClientSocketOpen
[NONE ][21:07:28] 333333333333onClientSocketOpen
[NONE ][21:07:28] 222222222222onClientSocketOpen
[NONE ][21:07:28] CONNECTED 127.0.0.1:57730, origin: "http://localhost"
[NONE ][21:07:30] spawnCells99999999999999
[ERROR][21:07:31] [127.0.0.1:57730] Error: read ECONNRESET
    at TCP.onStreamRead (internal/stream_base_commons.js:111:27)
[NONE ][21:07:31] DISCONNECTED 127.0.0.1:57730, code: 1001, reason: "", name: ""
[NONE ][21:07:31] 111111111111onClientSocketOpen
[NONE ][21:07:31] 333333333333onClientSocketOpen
[NONE ][21:07:31] 222222222222onClientSocketOpen
[NONE ][21:07:31] CONNECTED 127.0.0.1:57733, origin: "http://localhost"
[NONE ][21:07:32] spawnCells99999999999999
[NONE ][21:07:34] spawnCells99999999999999
[NONE ][21:07:36] spawnCells99999999999999
[NONE ][21:07:38] spawnCells99999999999999
[NONE ][21:07:40] spawnCells99999999999999
[NONE ][21:07:42] spawnCells99999999999999
[ERROR][21:07:42] [127.0.0.1:57613] Error: read ECONNRESET
    at TCP.onStreamRead (internal/stream_base_commons.js:111:27)
[NONE ][21:07:42] DISCONNECTED 127.0.0.1:57613, code: 1001, reason: "", name: "2222"
[NONE ][21:07:43] 111111111111onClientSocketOpen
[NONE ][21:07:43] 333333333333onClientSocketOpen
[NONE ][21:07:43] 222222222222onClientSocketOpen
[NONE ][21:07:43] CONNECTED 127.0.0.1:57761, origin: "http://localhost"
[NONE ][21:07:44] spawnCells99999999999999
[NONE ][21:07:46] spawnCells99999999999999
[ERROR][21:07:47] [127.0.0.1:57733] Error: read ECONNRESET
    at TCP.onStreamRead (internal/stream_base_commons.js:111:27)
[NONE ][21:07:47] DISCONNECTED 127.0.0.1:57733, code: 1001, reason: "", name: ""
[NONE ][21:07:47] 111111111111onClientSocketOpen
[NONE ][21:07:47] 333333333333onClientSocketOpen
[NONE ][21:07:47] 222222222222onClientSocketOpen
[NONE ][21:07:47] CONNECTED 127.0.0.1:57766, origin: "http://localhost"
[NONE ][21:07:48] spawnCells99999999999999
[NONE ][21:07:50] spawnCells99999999999999
[NONE ][21:07:52] spawnCells99999999999999
[NONE ][21:07:54] spawnCells99999999999999
[NONE ][21:07:56] spawnCells99999999999999
[NONE ][21:07:58] spawnCells99999999999999
[NONE ][21:08:00] spawnCells99999999999999
[NONE ][21:08:02] spawnCells99999999999999
[NONE ][21:08:04] spawnCells99999999999999
[NONE ][21:08:06] spawnCells99999999999999
[NONE ][21:08:08] spawnCells99999999999999
[NONE ][21:08:10] spawnCells99999999999999
[NONE ][21:08:12] spawnCells99999999999999
[NONE ][21:08:14] spawnCells99999999999999
[NONE ][21:08:16] spawnCells99999999999999
[NONE ][21:08:18] spawnCells99999999999999
[NONE ][21:08:20] spawnCells99999999999999
[NONE ][21:08:22] spawnCells99999999999999
[NONE ][21:08:24] spawnCells99999999999999
[NONE ][21:08:26] spawnCells99999999999999
[NONE ][21:08:28] spawnCells99999999999999
[NONE ][21:08:30] spawnCells99999999999999
[NONE ][21:08:32] spawnCells99999999999999
[NONE ][21:08:34] spawnCells99999999999999
[NONE ][21:08:36] spawnCells99999999999999
[NONE ][21:08:38] spawnCells99999999999999
[NONE ][21:08:40] spawnCells99999999999999
[NONE ][21:08:42] spawnCells99999999999999
[NONE ][21:08:44] spawnCells99999999999999
[NONE ][21:08:46] spawnCells99999999999999
[NONE ][21:08:48] spawnCells99999999999999
[NONE ][21:08:50] spawnCells99999999999999
[NONE ][21:08:52] spawnCells99999999999999
[NONE ][21:08:54] spawnCells99999999999999
[NONE ][21:08:56] spawnCells99999999999999
[NONE ][21:08:58] spawnCells99999999999999
[NONE ][21:09:00] spawnCells99999999999999
[NONE ][21:09:02] spawnCells99999999999999
[NONE ][21:09:04] spawnCells99999999999999
[NONE ][21:09:06] spawnCells99999999999999
[NONE ][21:09:08] spawnCells99999999999999
[NONE ][21:09:10] spawnCells99999999999999
[NONE ][21:09:12] spawnCells99999999999999
[NONE ][21:09:14] spawnCells99999999999999
[NONE ][21:09:16] spawnCells99999999999999
[NONE ][21:09:18] spawnCells99999999999999
[NONE ][21:09:20] spawnCells99999999999999
[NONE ][21:09:22] spawnCells99999999999999
[NONE ][21:09:24] spawnCells99999999999999
[NONE ][21:09:26] spawnCells99999999999999
[NONE ][21:09:28] spawnCells99999999999999
[NONE ][21:09:30] spawnCells99999999999999
[NONE ][21:09:32] spawnCells99999999999999
[NONE ][21:09:34] spawnCells99999999999999
[NONE ][21:09:36] spawnCells99999999999999
[NONE ][21:09:38] spawnCells99999999999999
[NONE ][21:09:40] spawnCells99999999999999
[NONE ][21:09:42] spawnCells99999999999999
[NONE ][21:09:44] spawnCells99999999999999
[NONE ][21:09:45] DISCONNECTED 127.0.0.1:57766, code: 1001, reason: "", name: "111111"
[NONE ][21:09:45] 111111111111onClientSocketOpen
[NONE ][21:09:45] 333333333333onClientSocketOpen
[NONE ][21:09:45] 222222222222onClientSocketOpen
[NONE ][21:09:45] CONNECTED 127.0.0.1:57874, origin: "http://localhost"
[NONE ][21:09:46] spawnCells99999999999999
[NONE ][21:09:48] spawnCells99999999999999
[NONE ][21:09:50] spawnCells99999999999999
[NONE ][21:09:52] spawnCells99999999999999
[NONE ][21:09:54] spawnCells99999999999999
[NONE ][21:09:56] spawnCells99999999999999
[NONE ][21:09:58] spawnCells99999999999999
[NONE ][21:10:00] spawnCells99999999999999
[NONE ][21:10:02] spawnCells99999999999999
[ERROR][21:10:02] [127.0.0.1:57874] Error: read ECONNRESET
    at TCP.onStreamRead (internal/stream_base_commons.js:111:27)
[NONE ][21:10:02] DISCONNECTED 127.0.0.1:57874, code: 1006, reason: "", name: "111111"
[NONE ][21:10:03] 111111111111onClientSocketOpen
[NONE ][21:10:03] 333333333333onClientSocketOpen
[NONE ][21:10:03] 222222222222onClientSocketOpen
[NONE ][21:10:03] CONNECTED 127.0.0.1:57907, origin: "http://localhost"
[NONE ][21:10:04] spawnCells99999999999999
[NONE ][21:10:06] spawnCells99999999999999
[NONE ][21:10:08] spawnCells99999999999999
[NONE ][21:10:10] spawnCells99999999999999
[ERROR][21:10:12] [127.0.0.1:57907] Error: read ECONNRESET
    at TCP.onStreamRead (internal/stream_base_commons.js:111:27)
[NONE ][21:10:12] DISCONNECTED 127.0.0.1:57907, code: 1001, reason: "", name: ""
[NONE ][21:10:12] spawnCells99999999999999
[NONE ][21:10:12] 111111111111onClientSocketOpen
[NONE ][21:10:12] 333333333333onClientSocketOpen
[NONE ][21:10:12] 222222222222onClientSocketOpen
[NONE ][21:10:12] CONNECTED 127.0.0.1:57919, origin: "http://localhost"
[NONE ][21:10:14] spawnCells99999999999999
[NONE ][21:10:15] DISCONNECTED 127.0.0.1:57919, code: 1001, reason: "", name: ""
[NONE ][21:10:15] 111111111111onClientSocketOpen
[NONE ][21:10:15] 333333333333onClientSocketOpen
[NONE ][21:10:15] 222222222222onClientSocketOpen
[NONE ][21:10:15] CONNECTED 127.0.0.1:57924, origin: "http://localhost"
[NONE ][21:10:16] spawnCells99999999999999
[NONE ][21:10:18] spawnCells99999999999999
[NONE ][21:10:20] spawnCells99999999999999
[NONE ][21:10:22] spawnCells99999999999999
[ERROR][21:10:23] [127.0.0.1:57924] Error: read ECONNRESET
    at TCP.onStreamRead (internal/stream_base_commons.js:111:27)
[NONE ][21:10:23] DISCONNECTED 127.0.0.1:57924, code: 1001, reason: "", name: ""
[NONE ][21:10:24] spawnCells99999999999999
[NONE ][21:10:24] 111111111111onClientSocketOpen
[NONE ][21:10:24] 333333333333onClientSocketOpen
[NONE ][21:10:24] 222222222222onClientSocketOpen
[NONE ][21:10:24] CONNECTED 127.0.0.1:57949, origin: "http://localhost"
[NONE ][21:10:26] spawnCells99999999999999
[NONE ][21:10:28] spawnCells99999999999999
[NONE ][21:10:30] spawnCells99999999999999
[NONE ][21:10:32] spawnCells99999999999999
[NONE ][21:10:34] spawnCells99999999999999
[NONE ][21:10:36] spawnCells99999999999999
[NONE ][21:10:38] spawnCells99999999999999
[NONE ][21:10:40] spawnCells99999999999999
[NONE ][21:10:42] spawnCells99999999999999
[NONE ][21:10:44] spawnCells99999999999999
[NONE ][21:10:46] spawnCells99999999999999
[NONE ][21:10:48] spawnCells99999999999999
[NONE ][21:10:50] spawnCells99999999999999
[NONE ][21:10:52] spawnCells99999999999999
[NONE ][21:10:54] spawnCells99999999999999
[NONE ][21:10:56] spawnCells99999999999999
[NONE ][21:10:58] spawnCells99999999999999
[NONE ][21:11:00] spawnCells99999999999999
[NONE ][21:11:02] spawnCells99999999999999
[NONE ][21:11:04] spawnCells99999999999999
[NONE ][21:11:06] spawnCells99999999999999
[NONE ][21:11:08] spawnCells99999999999999
[NONE ][21:11:10] spawnCells99999999999999
[NONE ][21:11:12] spawnCells99999999999999
[NONE ][21:11:14] spawnCells99999999999999
[NONE ][21:11:16] spawnCells99999999999999
[NONE ][21:11:18] spawnCells99999999999999
[NONE ][21:11:20] spawnCells99999999999999
[NONE ][21:11:22] spawnCells99999999999999
[NONE ][21:11:24] spawnCells99999999999999
[NONE ][21:11:26] spawnCells99999999999999
[NONE ][21:11:28] spawnCells99999999999999
[NONE ][21:11:30] spawnCells99999999999999
[NONE ][21:11:32] spawnCells99999999999999
[NONE ][21:11:34] spawnCells99999999999999
[NONE ][21:11:36] spawnCells99999999999999
[NONE ][21:11:38] spawnCells99999999999999
[NONE ][21:11:40] spawnCells99999999999999
[NONE ][21:11:42] spawnCells99999999999999
[NONE ][21:11:44] spawnCells99999999999999
[NONE ][21:11:46] spawnCells99999999999999
[NONE ][21:11:48] spawnCells99999999999999
[NONE ][21:11:50] spawnCells99999999999999
[NONE ][21:11:52] spawnCells99999999999999
[NONE ][21:11:54] spawnCells99999999999999
[NONE ][21:11:56] spawnCells99999999999999
[NONE ][21:11:58] spawnCells99999999999999
[NONE ][21:12:00] spawnCells99999999999999
[NONE ][21:12:02] spawnCells99999999999999
[NONE ][21:12:04] spawnCells99999999999999
[NONE ][21:12:06] spawnCells99999999999999
[NONE ][21:12:08] spawnCells99999999999999
[NONE ][21:12:10] spawnCells99999999999999
[NONE ][21:12:12] spawnCells99999999999999
[NONE ][21:12:14] spawnCells99999999999999
[NONE ][21:12:16] spawnCells99999999999999
[NONE ][21:12:18] spawnCells99999999999999
[NONE ][21:12:20] spawnCells99999999999999
[NONE ][21:12:22] spawnCells99999999999999
[NONE ][21:12:24] spawnCells99999999999999
[NONE ][21:12:26] spawnCells99999999999999
[NONE ][21:12:28] spawnCells99999999999999
[NONE ][21:12:30] spawnCells99999999999999
[NONE ][21:12:32] spawnCells99999999999999
[NONE ][21:12:34] spawnCells99999999999999
[NONE ][21:12:36] spawnCells99999999999999
[NONE ][21:12:38] spawnCells99999999999999
[NONE ][21:12:40] spawnCells99999999999999
[NONE ][21:12:42] spawnCells99999999999999
[NONE ][21:12:44] spawnCells99999999999999
[NONE ][21:12:46] spawnCells99999999999999
[NONE ][21:12:48] spawnCells99999999999999
[NONE ][21:12:50] spawnCells99999999999999
[NONE ][21:12:52] spawnCells99999999999999
[NONE ][21:12:54] spawnCells99999999999999
[NONE ][21:12:56] spawnCells99999999999999
[NONE ][21:12:58] spawnCells99999999999999
[NONE ][21:13:00] spawnCells99999999999999
[NONE ][21:13:02] spawnCells99999999999999
[NONE ][21:13:04] spawnCells99999999999999
[NONE ][21:13:06] spawnCells99999999999999
[NONE ][21:13:08] spawnCells99999999999999
[NONE ][21:13:10] spawnCells99999999999999
[NONE ][21:13:12] spawnCells99999999999999
[NONE ][21:13:14] spawnCells99999999999999
[NONE ][21:13:16] spawnCells99999999999999
[NONE ][21:13:18] spawnCells99999999999999
[NONE ][21:13:20] spawnCells99999999999999
[NONE ][21:13:22] spawnCells99999999999999
[NONE ][21:13:24] spawnCells99999999999999
[NONE ][21:13:26] spawnCells99999999999999
[NONE ][21:13:28] spawnCells99999999999999
[NONE ][21:13:30] spawnCells99999999999999
[NONE ][21:13:32] spawnCells99999999999999
[NONE ][21:13:34] spawnCells99999999999999
[NONE ][21:13:36] spawnCells99999999999999
[NONE ][21:13:38] spawnCells99999999999999
[NONE ][21:13:40] spawnCells99999999999999
[NONE ][21:13:42] spawnCells99999999999999
[NONE ][21:13:44] spawnCells99999999999999
[NONE ][21:13:46] spawnCells99999999999999
[NONE ][21:13:48] spawnCells99999999999999
[NONE ][21:13:50] spawnCells99999999999999
[NONE ][21:13:52] spawnCells99999999999999
[NONE ][21:13:54] spawnCells99999999999999
[NONE ][21:13:56] spawnCells99999999999999
[NONE ][21:13:58] spawnCells99999999999999
[NONE ][21:14:00] spawnCells99999999999999
[NONE ][21:14:02] spawnCells99999999999999
[NONE ][21:14:04] spawnCells99999999999999
[NONE ][21:14:06] spawnCells99999999999999
[NONE ][21:14:08] spawnCells99999999999999
[NONE ][21:14:10] spawnCells99999999999999
[NONE ][21:14:12] spawnCells99999999999999
[NONE ][21:14:14] spawnCells99999999999999
[NONE ][21:14:16] spawnCells99999999999999
[NONE ][21:14:18] spawnCells99999999999999
[NONE ][21:14:20] spawnCells99999999999999
[NONE ][21:14:22] spawnCells99999999999999
[NONE ][21:14:24] spawnCells99999999999999
[NONE ][21:14:26] spawnCells99999999999999
[NONE ][21:14:28] spawnCells99999999999999
[NONE ][21:14:30] spawnCells99999999999999
[NONE ][21:14:32] spawnCells99999999999999
[NONE ][21:14:34] spawnCells99999999999999
[NONE ][21:14:36] spawnCells99999999999999
[NONE ][21:14:38] spawnCells99999999999999
[NONE ][21:14:40] spawnCells99999999999999
[NONE ][21:14:42] spawnCells99999999999999
[NONE ][21:14:44] spawnCells99999999999999
[NONE ][21:14:46] spawnCells99999999999999
[NONE ][21:14:48] spawnCells99999999999999
[NONE ][21:14:50] spawnCells99999999999999
[NONE ][21:14:52] spawnCells99999999999999
[NONE ][21:14:54] spawnCells99999999999999
[NONE ][21:14:56] spawnCells99999999999999
[NONE ][21:14:58] spawnCells99999999999999
[NONE ][21:15:00] spawnCells99999999999999
[NONE ][21:15:02] spawnCells99999999999999
[NONE ][21:15:04] spawnCells99999999999999
[NONE ][21:15:06] spawnCells99999999999999
[NONE ][21:15:08] spawnCells99999999999999
[NONE ][21:15:10] spawnCells99999999999999
[NONE ][21:15:12] spawnCells99999999999999
[NONE ][21:15:14] spawnCells99999999999999
[NONE ][21:15:16] spawnCells99999999999999
[NONE ][21:15:18] spawnCells99999999999999
[NONE ][21:15:20] spawnCells99999999999999
[NONE ][21:15:22] spawnCells99999999999999
[NONE ][21:15:24] spawnCells99999999999999
[NONE ][21:15:26] spawnCells99999999999999
[NONE ][21:15:28] spawnCells99999999999999
[NONE ][21:15:30] spawnCells99999999999999
[NONE ][21:15:32] spawnCells99999999999999
[NONE ][21:15:34] spawnCells99999999999999
[NONE ][21:15:36] spawnCells99999999999999
[NONE ][21:15:38] spawnCells99999999999999
[NONE ][21:15:40] spawnCells99999999999999
[NONE ][21:15:42] spawnCells99999999999999
[NONE ][21:15:44] spawnCells99999999999999
[NONE ][21:15:46] spawnCells99999999999999
[NONE ][21:15:48] spawnCells99999999999999
[NONE ][21:15:50] spawnCells99999999999999
[NONE ][21:15:52] spawnCells99999999999999
[NONE ][21:15:54] spawnCells99999999999999
[NONE ][21:15:56] spawnCells99999999999999
[NONE ][21:15:58] spawnCells99999999999999
[NONE ][21:16:00] spawnCells99999999999999
[NONE ][21:16:02] spawnCells99999999999999
[NONE ][21:16:04] spawnCells99999999999999
[NONE ][21:16:06] spawnCells99999999999999
[NONE ][21:16:08] spawnCells99999999999999
[NONE ][21:16:10] spawnCells99999999999999
[NONE ][21:16:12] spawnCells99999999999999
[NONE ][21:16:14] spawnCells99999999999999
[NONE ][21:16:16] spawnCells99999999999999
[NONE ][21:16:18] spawnCells99999999999999
[NONE ][21:16:20] spawnCells99999999999999
[NONE ][21:16:22] spawnCells99999999999999
[NONE ][21:16:24] spawnCells99999999999999
[NONE ][21:16:26] spawnCells99999999999999
[NONE ][21:16:28] spawnCells99999999999999
[NONE ][21:16:30] spawnCells99999999999999
[NONE ][21:16:32] spawnCells99999999999999
[NONE ][21:16:34] spawnCells99999999999999
[NONE ][21:16:36] spawnCells99999999999999
[NONE ][21:16:38] spawnCells99999999999999
[NONE ][21:16:40] spawnCells99999999999999
[NONE ][21:16:42] spawnCells99999999999999
[NONE ][21:16:44] spawnCells99999999999999
[NONE ][21:16:46] spawnCells99999999999999
[NONE ][21:16:48] spawnCells99999999999999
[NONE ][21:16:50] spawnCells99999999999999
[NONE ][21:16:52] spawnCells99999999999999
[NONE ][21:16:54] spawnCells99999999999999
[NONE ][21:16:56] spawnCells99999999999999
[NONE ][21:16:58] spawnCells99999999999999
[NONE ][21:17:00] spawnCells99999999999999
[NONE ][21:17:02] spawnCells99999999999999
[NONE ][21:17:04] spawnCells99999999999999
[NONE ][21:17:06] spawnCells99999999999999
[NONE ][21:17:08] spawnCells99999999999999
[NONE ][21:17:10] spawnCells99999999999999
[NONE ][21:17:12] spawnCells99999999999999
[NONE ][21:17:14] spawnCells99999999999999
[NONE ][21:17:16] spawnCells99999999999999
[NONE ][21:17:18] spawnCells99999999999999
[NONE ][21:17:20] spawnCells99999999999999
[NONE ][21:17:22] spawnCells99999999999999
[NONE ][21:17:24] spawnCells99999999999999
[NONE ][21:17:26] spawnCells99999999999999
[NONE ][21:17:28] spawnCells99999999999999
[NONE ][21:17:30] spawnCells99999999999999
[NONE ][21:17:32] spawnCells99999999999999
[NONE ][21:17:34] spawnCells99999999999999
[NONE ][21:17:36] spawnCells99999999999999
[NONE ][21:17:38] spawnCells99999999999999
[NONE ][21:17:40] spawnCells99999999999999
[NONE ][21:17:42] spawnCells99999999999999
[NONE ][21:17:44] spawnCells99999999999999
[NONE ][21:17:46] spawnCells99999999999999
[NONE ][21:17:48] spawnCells99999999999999
[NONE ][21:17:50] spawnCells99999999999999
[NONE ][21:17:52] spawnCells99999999999999
[NONE ][21:17:54] spawnCells99999999999999
[NONE ][21:17:56] spawnCells99999999999999
[NONE ][21:17:58] spawnCells99999999999999
[NONE ][21:18:00] spawnCells99999999999999
[NONE ][21:18:02] spawnCells99999999999999
[NONE ][21:18:04] spawnCells99999999999999
[NONE ][21:18:06] spawnCells99999999999999
[NONE ][21:18:08] spawnCells99999999999999
[NONE ][21:18:10] spawnCells99999999999999
[NONE ][21:18:12] spawnCells99999999999999
[NONE ][21:18:14] spawnCells99999999999999
[NONE ][21:18:16] spawnCells99999999999999
[NONE ][21:18:18] spawnCells99999999999999
[NONE ][21:18:20] spawnCells99999999999999
[NONE ][21:18:22] spawnCells99999999999999
[NONE ][21:18:24] spawnCells99999999999999
[NONE ][21:18:26] spawnCells99999999999999
[NONE ][21:18:28] spawnCells99999999999999
[NONE ][21:18:30] spawnCells99999999999999
[NONE ][21:18:32] spawnCells99999999999999
[NONE ][21:18:34] spawnCells99999999999999
[NONE ][21:18:36] spawnCells99999999999999
[NONE ][21:18:38] spawnCells99999999999999
[NONE ][21:18:40] spawnCells99999999999999
[NONE ][21:18:42] spawnCells99999999999999
[NONE ][21:18:44] spawnCells99999999999999
[NONE ][21:18:46] spawnCells99999999999999
[NONE ][21:18:48] spawnCells99999999999999
[NONE ][21:18:50] spawnCells99999999999999
[NONE ][21:18:52] spawnCells99999999999999
[NONE ][21:18:54] spawnCells99999999999999
[NONE ][21:18:56] spawnCells99999999999999
[NONE ][21:18:58] spawnCells99999999999999
[NONE ][21:19:00] spawnCells99999999999999
[NONE ][21:19:02] spawnCells99999999999999
[NONE ][21:19:04] spawnCells99999999999999
[NONE ][21:19:06] spawnCells99999999999999
[NONE ][21:19:08] spawnCells99999999999999
[NONE ][21:19:10] spawnCells99999999999999
[NONE ][21:19:12] spawnCells99999999999999
[NONE ][21:19:14] spawnCells99999999999999
[NONE ][21:19:16] spawnCells99999999999999
[NONE ][21:19:18] spawnCells99999999999999
[NONE ][21:19:20] spawnCells99999999999999
[NONE ][21:19:22] spawnCells99999999999999
[NONE ][21:19:24] spawnCells99999999999999
[NONE ][21:19:26] spawnCells99999999999999
[NONE ][21:19:28] spawnCells99999999999999
[NONE ][21:19:30] spawnCells99999999999999
[NONE ][21:19:32] spawnCells99999999999999
[NONE ][21:19:34] spawnCells99999999999999
[NONE ][21:19:36] spawnCells99999999999999
[NONE ][21:19:38] spawnCells99999999999999
[NONE ][21:19:40] spawnCells99999999999999
[NONE ][21:19:42] spawnCells99999999999999
[NONE ][21:19:44] spawnCells99999999999999
[NONE ][21:19:46] spawnCells99999999999999
[NONE ][21:19:48] spawnCells99999999999999
[NONE ][21:19:50] spawnCells99999999999999
[NONE ][21:19:52] spawnCells99999999999999
[NONE ][21:19:54] spawnCells99999999999999
[NONE ][21:19:56] spawnCells99999999999999
[NONE ][21:19:58] spawnCells99999999999999
[NONE ][21:20:00] spawnCells99999999999999
[NONE ][21:20:02] spawnCells99999999999999
[NONE ][21:20:04] spawnCells99999999999999
[NONE ][21:20:06] spawnCells99999999999999
[NONE ][21:20:08] spawnCells99999999999999
[NONE ][21:20:10] spawnCells99999999999999
[NONE ][21:20:12] spawnCells99999999999999
[NONE ][21:20:14] spawnCells99999999999999
[NONE ][21:20:16] spawnCells99999999999999
[NONE ][21:20:18] spawnCells99999999999999
[NONE ][21:20:20] spawnCells99999999999999
[NONE ][21:20:22] spawnCells99999999999999
[NONE ][21:20:24] spawnCells99999999999999
[NONE ][21:20:26] spawnCells99999999999999
[NONE ][21:20:28] spawnCells99999999999999
[NONE ][21:20:30] spawnCells99999999999999
[NONE ][21:20:32] spawnCells99999999999999
[NONE ][21:20:34] spawnCells99999999999999
[NONE ][21:20:36] spawnCells99999999999999
[NONE ][21:20:38] spawnCells99999999999999
[NONE ][21:20:40] spawnCells99999999999999
[NONE ][21:20:42] spawnCells99999999999999
[NONE ][21:20:44] spawnCells99999999999999
[NONE ][21:20:46] spawnCells99999999999999
[NONE ][21:20:48] spawnCells99999999999999
[NONE ][21:20:50] spawnCells99999999999999
[NONE ][21:20:52] spawnCells99999999999999
[NONE ][21:20:54] spawnCells99999999999999
[NONE ][21:20:56] spawnCells99999999999999
[NONE ][21:20:58] spawnCells99999999999999
[NONE ][21:21:00] spawnCells99999999999999
[NONE ][21:21:02] spawnCells99999999999999
[NONE ][21:21:04] spawnCells99999999999999
[NONE ][21:21:06] spawnCells99999999999999
[NONE ][21:21:08] spawnCells99999999999999
[NONE ][21:21:10] spawnCells99999999999999
[NONE ][21:21:12] spawnCells99999999999999
[NONE ][21:21:14] spawnCells99999999999999
[NONE ][21:21:16] spawnCells99999999999999
[NONE ][21:21:18] spawnCells99999999999999
[NONE ][21:21:20] spawnCells99999999999999
