=== Started 2019-09-20T22-48-40-361 ===
[INFO ][22:48:40] 418 bad words loaded
[WARN ][22:48:40] User account "Local Administrator" disabled
[WARN ][22:48:40] User account "Local Moderator" disabled
[WARN ][22:48:40] User account "Local User" disabled
[INFO ][22:48:40] 0 user records loaded.
[INFO ][22:48:40] 0 IP ban records loaded.
[INFO ][22:48:40] [1m[32mMultiOgar-Edited 1.6.1[37m - An open source multi-protocol ogar server[0m
[NONE ][22:48:40] 111111111111start
[NONE ][22:48:40] 0
[INFO ][22:48:40] WebSocket: ws
[INFO ][22:48:40] Started stats server on port 14
[NONE ][22:48:40] 111111111111http open
[NONE ][22:48:40] Listening on port 10014
[INFO ][22:48:40] Current game mode is Free For All
[NONE ][22:48:40] spawnCells99999999999999
[NONE ][22:48:40] 111111111111onClientSocketOpen
[NONE ][22:48:40] 333333333333onClientSocketOpen
[NONE ][22:48:40] 222222222222onClientSocketOpen
[NONE ][22:48:40] CONNECTED 127.0.0.1:61740, origin: "http://localhost"
[NONE ][22:48:40] 111111111111onClientSocketOpen
[NONE ][22:48:40] 333333333333onClientSocketOpen
[NONE ][22:48:40] 222222222222onClientSocketOpen
[NONE ][22:48:40] CONNECTED 127.0.0.1:61741, origin: "http://localhost"
[NONE ][22:48:40]   __  __       _ _   _  ___                        _____    _ _ _           _    _   __    _ 
 |  \/  |_   _| | |_(_)/ _ \  __ _  __ _ _ __     | ____|__| (_) |_ ___  __| |  / | / /_  / |
 | |\/| | | | | | __| | | | |/ _` |/ _` | '__|____|  _| / _` | | __/ _ \/ _` |  | || '_ \ | |
 | |  | | |_| | | |_| | |_| | (_| | (_| | | |_____| |__| (_| | | ||  __/ (_| |  | || (_) || |
 |_|  |_|\__,_|_|\__|_|\___/ \__, |\__,_|_|       |_____\__,_|_|\__\___|\__,_|  |_(_)___(_)_|
                             |___/                                                           
[NONE ][22:48:42] spawnCells99999999999999
[NONE ][22:48:44] spawnCells99999999999999
[NONE ][22:48:46] spawnCells99999999999999
[NONE ][22:48:48] spawnCells99999999999999
[NONE ][22:48:50] spawnCells99999999999999
[NONE ][22:48:52] spawnCells99999999999999
[NONE ][22:48:54] spawnCells99999999999999
[NONE ][22:48:56] spawnCells99999999999999
[NONE ][22:48:58] spawnCells99999999999999
[NONE ][22:49:00] spawnCells99999999999999
[NONE ][22:49:02] spawnCells99999999999999
[NONE ][22:49:04] spawnCells99999999999999
[NONE ][22:49:06] spawnCells99999999999999
[NONE ][22:49:08] spawnCells99999999999999
[NONE ][22:49:10] spawnCells99999999999999
[NONE ][22:49:12] spawnCells99999999999999
[NONE ][22:49:14] spawnCells99999999999999
[NONE ][22:49:16] spawnCells99999999999999
[NONE ][22:49:18] spawnCells99999999999999
[NONE ][22:49:20] spawnCells99999999999999
[NONE ][22:49:22] spawnCells99999999999999
[NONE ][22:49:24] spawnCells99999999999999
[NONE ][22:49:26] spawnCells99999999999999
[NONE ][22:49:28] spawnCells99999999999999
[NONE ][22:49:30] spawnCells99999999999999
[NONE ][22:49:32] spawnCells99999999999999
[NONE ][22:49:34] spawnCells99999999999999
[NONE ][22:49:36] spawnCells99999999999999
[NONE ][22:49:38] spawnCells99999999999999
[NONE ][22:49:40] spawnCells99999999999999
[NONE ][22:49:42] spawnCells99999999999999
[NONE ][22:49:44] spawnCells99999999999999
[NONE ][22:49:46] spawnCells99999999999999
[NONE ][22:49:48] spawnCells99999999999999
[NONE ][22:49:50] spawnCells99999999999999
[NONE ][22:49:52] spawnCells99999999999999
[NONE ][22:49:54] spawnCells99999999999999
[NONE ][22:49:56] spawnCells99999999999999
[NONE ][22:49:58] spawnCells99999999999999
[NONE ][22:50:00] spawnCells99999999999999
[NONE ][22:50:02] spawnCells99999999999999
[NONE ][22:50:04] spawnCells99999999999999
