=== Started 2019-09-21T20-03-10-912 ===
[INFO ][20:03:10] 418 bad words loaded
[WARN ][20:03:10] User account "Local Administrator" disabled
[WARN ][20:03:10] User account "Local Moderator" disabled
[WARN ][20:03:10] User account "Local User" disabled
[INFO ][20:03:10] 0 user records loaded.
[INFO ][20:03:10] 0 IP ban records loaded.
[INFO ][20:03:10] [1m[32mMultiOgar-Edited 1.6.1[37m - An open source multi-protocol ogar server[0m
[NONE ][20:03:10] 111111111111start
[NONE ][20:03:10] 0
[INFO ][20:03:10] WebSocket: ws
[INFO ][20:03:11] Started stats server on port 14
[NONE ][20:03:11] 111111111111http open
[NONE ][20:03:11] Listening on port 10014
[INFO ][20:03:11] Current game mode is Free For All
[NONE ][20:03:11] spawnCells99999999999999
[NONE ][20:03:11]   __  __       _ _   _  ___                        _____    _ _ _           _    _   __    _ 
 |  \/  |_   _| | |_(_)/ _ \  __ _  __ _ _ __     | ____|__| (_) |_ ___  __| |  / | / /_  / |
 | |\/| | | | | | __| | | | |/ _` |/ _` | '__|____|  _| / _` | | __/ _ \/ _` |  | || '_ \ | |
 | |  | | |_| | | |_| | |_| | (_| | (_| | | |_____| |__| (_| | | ||  __/ (_| |  | || (_) || |
 |_|  |_|\__,_|_|\__|_|\___/ \__, |\__,_|_|       |_____\__,_|_|\__\___|\__,_|  |_(_)___(_)_|
                             |___/                                                           
[NONE ][20:03:13] spawnCells99999999999999
[NONE ][20:03:15] spawnCells99999999999999
[NONE ][20:03:17] spawnCells99999999999999
[NONE ][20:03:19] spawnCells99999999999999
[NONE ][20:03:21] spawnCells99999999999999
[NONE ][20:03:23] spawnCells99999999999999
[NONE ][20:03:25] spawnCells99999999999999
[NONE ][20:03:27] spawnCells99999999999999
[NONE ][20:03:29] spawnCells99999999999999
[NONE ][20:03:31] spawnCells99999999999999
[NONE ][20:03:33] spawnCells99999999999999
[NONE ][20:03:35] spawnCells99999999999999
[NONE ][20:03:35] 111111111111onClientSocketOpen
[NONE ][20:03:35] 333333333333onClientSocketOpen
[NONE ][20:03:35] 222222222222onClientSocketOpen
[NONE ][20:03:35] CONNECTED 127.0.0.1:55628, origin: "http://localhost"
[NONE ][20:03:37] spawnCells99999999999999
[NONE ][20:03:39] spawnCells99999999999999
[NONE ][20:03:41] spawnCells99999999999999
[NONE ][20:03:43] spawnCells99999999999999
[NONE ][20:03:45] spawnCells99999999999999
[NONE ][20:03:47] spawnCells99999999999999
[NONE ][20:03:49] spawnCells99999999999999
[NONE ][20:03:51] spawnCells99999999999999
[NONE ][20:03:53] spawnCells99999999999999
[NONE ][20:03:55] spawnCells99999999999999
[NONE ][20:03:57] spawnCells99999999999999
[NONE ][20:03:59] spawnCells99999999999999
[NONE ][20:04:01] spawnCells99999999999999
[NONE ][20:04:03] spawnCells99999999999999
[NONE ][20:04:05] spawnCells99999999999999
[NONE ][20:04:07] spawnCells99999999999999
[NONE ][20:04:09] spawnCells99999999999999
[NONE ][20:04:11] spawnCells99999999999999
[NONE ][20:04:13] spawnCells99999999999999
[NONE ][20:04:15] spawnCells99999999999999
[NONE ][20:04:17] spawnCells99999999999999
[NONE ][20:04:19] spawnCells99999999999999
[NONE ][20:04:21] spawnCells99999999999999
[NONE ][20:04:23] spawnCells99999999999999
[NONE ][20:04:25] spawnCells99999999999999
[NONE ][20:04:27] spawnCells99999999999999
[NONE ][20:04:29] spawnCells99999999999999
[NONE ][20:04:31] spawnCells99999999999999
[NONE ][20:04:33] spawnCells99999999999999
[NONE ][20:04:35] spawnCells99999999999999
[NONE ][20:04:37] spawnCells99999999999999
[NONE ][20:04:39] spawnCells99999999999999
[NONE ][20:04:41] spawnCells99999999999999
[NONE ][20:04:43] spawnCells99999999999999
[ERROR][20:04:44] [127.0.0.1:55628] Error: read ECONNRESET
    at TCP.onStreamRead (internal/stream_base_commons.js:111:27)
[NONE ][20:04:44] DISCONNECTED 127.0.0.1:55628, code: 1001, reason: "", name: "111111"
[NONE ][20:04:44] 111111111111onClientSocketOpen
[NONE ][20:04:44] 333333333333onClientSocketOpen
[NONE ][20:04:44] 222222222222onClientSocketOpen
[NONE ][20:04:44] CONNECTED 127.0.0.1:55681, origin: "http://localhost"
[NONE ][20:04:45] spawnCells99999999999999
[NONE ][20:04:47] spawnCells99999999999999
[ERROR][20:04:47] [127.0.0.1:55681] Error: read ECONNRESET
    at TCP.onStreamRead (internal/stream_base_commons.js:111:27)
[NONE ][20:04:47] DISCONNECTED 127.0.0.1:55681, code: 1001, reason: "", name: ""
[NONE ][20:04:47] 111111111111onClientSocketOpen
[NONE ][20:04:47] 333333333333onClientSocketOpen
[NONE ][20:04:47] 222222222222onClientSocketOpen
[NONE ][20:04:47] CONNECTED 127.0.0.1:55685, origin: "http://localhost"
[NONE ][20:04:49] spawnCells99999999999999
[NONE ][20:04:51] spawnCells99999999999999
[NONE ][20:04:53] spawnCells99999999999999
[NONE ][20:04:55] spawnCells99999999999999
[NONE ][20:04:57] spawnCells99999999999999
[NONE ][20:04:59] spawnCells99999999999999
[NONE ][20:05:01] spawnCells99999999999999
[NONE ][20:05:03] spawnCells99999999999999
[ERROR][20:05:03] [127.0.0.1:55685] Error: read ECONNRESET
    at TCP.onStreamRead (internal/stream_base_commons.js:111:27)
[NONE ][20:05:03] DISCONNECTED 127.0.0.1:55685, code: 1001, reason: "", name: "111111"
[NONE ][20:05:04] 111111111111onClientSocketOpen
[NONE ][20:05:04] 333333333333onClientSocketOpen
[NONE ][20:05:04] 222222222222onClientSocketOpen
[NONE ][20:05:04] CONNECTED 127.0.0.1:55714, origin: "http://localhost"
[NONE ][20:05:05] spawnCells99999999999999
[NONE ][20:05:07] spawnCells99999999999999
[NONE ][20:05:09] spawnCells99999999999999
[NONE ][20:05:11] spawnCells99999999999999
[NONE ][20:05:13] spawnCells99999999999999
[ERROR][20:05:14] [127.0.0.1:55714] Error: read ECONNRESET
    at TCP.onStreamRead (internal/stream_base_commons.js:111:27)
[NONE ][20:05:14] DISCONNECTED 127.0.0.1:55714, code: 1006, reason: "", name: "111111"
[NONE ][20:05:15] spawnCells99999999999999
[NONE ][20:05:15] 111111111111onClientSocketOpen
[NONE ][20:05:15] 333333333333onClientSocketOpen
[NONE ][20:05:15] 222222222222onClientSocketOpen
[NONE ][20:05:15] CONNECTED 127.0.0.1:55729, origin: "http://localhost"
[NONE ][20:05:17] spawnCells99999999999999
[NONE ][20:05:19] spawnCells99999999999999
[NONE ][20:05:21] spawnCells99999999999999
[NONE ][20:05:23] spawnCells99999999999999
[NONE ][20:05:25] spawnCells99999999999999
[NONE ][20:05:26] 111111111111onClientSocketOpen
[NONE ][20:05:26] 333333333333onClientSocketOpen
[NONE ][20:05:26] 222222222222onClientSocketOpen
[NONE ][20:05:26] CONNECTED 127.0.0.1:55753, origin: "http://localhost"
[NONE ][20:05:27] spawnCells99999999999999
[NONE ][20:05:29] spawnCells99999999999999
[NONE ][20:05:31] spawnCells99999999999999
[NONE ][20:05:33] spawnCells99999999999999
[NONE ][20:05:35] spawnCells99999999999999
[NONE ][20:05:37] spawnCells99999999999999
[NONE ][20:05:39] spawnCells99999999999999
[NONE ][20:05:41] spawnCells99999999999999
[NONE ][20:05:43] spawnCells99999999999999
[NONE ][20:05:45] spawnCells99999999999999
[NONE ][20:05:47] spawnCells99999999999999
[NONE ][20:05:49] spawnCells99999999999999
[NONE ][20:05:51] spawnCells99999999999999
[NONE ][20:05:53] spawnCells99999999999999
[NONE ][20:05:55] spawnCells99999999999999
[NONE ][20:05:57] spawnCells99999999999999
[NONE ][20:05:59] spawnCells99999999999999
[NONE ][20:06:01] spawnCells99999999999999
[NONE ][20:06:03] spawnCells99999999999999
[NONE ][20:06:05] spawnCells99999999999999
[NONE ][20:06:07] spawnCells99999999999999
[NONE ][20:06:09] spawnCells99999999999999
[NONE ][20:06:11] spawnCells99999999999999
[NONE ][20:06:13] spawnCells99999999999999
[NONE ][20:06:15] spawnCells99999999999999
[NONE ][20:06:17] spawnCells99999999999999
[NONE ][20:06:19] spawnCells99999999999999
[NONE ][20:06:21] spawnCells99999999999999
[NONE ][20:06:23] spawnCells99999999999999
[NONE ][20:06:25] spawnCells99999999999999
[NONE ][20:06:27] spawnCells99999999999999
[NONE ][20:06:29] spawnCells99999999999999
[NONE ][20:06:31] spawnCells99999999999999
[NONE ][20:06:33] spawnCells99999999999999
[NONE ][20:06:35] spawnCells99999999999999
[NONE ][20:06:37] spawnCells99999999999999
[NONE ][20:06:39] spawnCells99999999999999
[NONE ][20:06:41] spawnCells99999999999999
[NONE ][20:06:43] spawnCells99999999999999
[NONE ][20:06:45] spawnCells99999999999999
[NONE ][20:06:47] spawnCells99999999999999
[NONE ][20:06:49] spawnCells99999999999999
[NONE ][20:06:51] spawnCells99999999999999
[NONE ][20:06:53] spawnCells99999999999999
[NONE ][20:06:55] spawnCells99999999999999
[NONE ][20:06:56] DISCONNECTED 127.0.0.1:55729, code: 1001, reason: "", name: "111111"
[NONE ][20:06:56] 111111111111onClientSocketOpen
[NONE ][20:06:56] 333333333333onClientSocketOpen
[NONE ][20:06:56] 222222222222onClientSocketOpen
[NONE ][20:06:56] CONNECTED 127.0.0.1:55835, origin: "http://localhost"
[ERROR][20:06:56] [127.0.0.1:55753] Error: read ECONNRESET
    at TCP.onStreamRead (internal/stream_base_commons.js:111:27)
[NONE ][20:06:56] DISCONNECTED 127.0.0.1:55753, code: 1001, reason: "", name: "2222"
[NONE ][20:06:57] 111111111111onClientSocketOpen
[NONE ][20:06:57] 333333333333onClientSocketOpen
[NONE ][20:06:57] 222222222222onClientSocketOpen
[NONE ][20:06:57] CONNECTED 127.0.0.1:55838, origin: "http://localhost"
[NONE ][20:06:57] spawnCells99999999999999
[NONE ][20:06:59] spawnCells99999999999999
[NONE ][20:07:01] spawnCells99999999999999
[NONE ][20:07:03] spawnCells99999999999999
[NONE ][20:07:05] spawnCells99999999999999
[NONE ][20:07:07] spawnCells99999999999999
[NONE ][20:07:09] spawnCells99999999999999
[NONE ][20:07:11] spawnCells99999999999999
[NONE ][20:07:13] spawnCells99999999999999
[NONE ][20:07:15] spawnCells99999999999999
[NONE ][20:07:17] spawnCells99999999999999
[NONE ][20:07:19] spawnCells99999999999999
[NONE ][20:07:21] spawnCells99999999999999
[NONE ][20:07:23] spawnCells99999999999999
[NONE ][20:07:25] spawnCells99999999999999
[NONE ][20:07:27] spawnCells99999999999999
[NONE ][20:07:29] spawnCells99999999999999
[NONE ][20:07:31] spawnCells99999999999999
[NONE ][20:07:33] spawnCells99999999999999
[NONE ][20:07:35] spawnCells99999999999999
[NONE ][20:07:37] spawnCells99999999999999
[NONE ][20:07:39] spawnCells99999999999999
[NONE ][20:07:41] spawnCells99999999999999
[NONE ][20:07:43] spawnCells99999999999999
[NONE ][20:07:45] spawnCells99999999999999
[NONE ][20:07:47] spawnCells99999999999999
[NONE ][20:07:49] spawnCells99999999999999
[NONE ][20:07:51] spawnCells99999999999999
[NONE ][20:07:53] spawnCells99999999999999
[NONE ][20:07:55] spawnCells99999999999999
[NONE ][20:07:57] spawnCells99999999999999
[NONE ][20:07:59] spawnCells99999999999999
[NONE ][20:08:01] spawnCells99999999999999
[NONE ][20:08:03] spawnCells99999999999999
[NONE ][20:08:05] spawnCells99999999999999
[NONE ][20:08:07] spawnCells99999999999999
[NONE ][20:08:09] spawnCells99999999999999
[ERROR][20:08:10] [127.0.0.1:55835] Error: read ECONNRESET
    at TCP.onStreamRead (internal/stream_base_commons.js:111:27)
[NONE ][20:08:10] DISCONNECTED 127.0.0.1:55835, code: 1001, reason: "", name: "111111"
[NONE ][20:08:10] 111111111111onClientSocketOpen
[NONE ][20:08:10] 333333333333onClientSocketOpen
[NONE ][20:08:10] 222222222222onClientSocketOpen
[NONE ][20:08:10] CONNECTED 127.0.0.1:55909, origin: "http://localhost"
[NONE ][20:08:11] spawnCells99999999999999
[NONE ][20:08:13] spawnCells99999999999999
[NONE ][20:08:15] spawnCells99999999999999
[NONE ][20:08:17] spawnCells99999999999999
[NONE ][20:08:19] spawnCells99999999999999
[NONE ][20:08:21] spawnCells99999999999999
[NONE ][20:08:23] spawnCells99999999999999
[NONE ][20:08:25] spawnCells99999999999999
[NONE ][20:08:27] spawnCells99999999999999
[NONE ][20:08:29] spawnCells99999999999999
[NONE ][20:08:31] spawnCells99999999999999
[NONE ][20:08:33] spawnCells99999999999999
[NONE ][20:08:35] spawnCells99999999999999
[ERROR][20:08:37] [127.0.0.1:55838] Error: read ECONNRESET
    at TCP.onStreamRead (internal/stream_base_commons.js:111:27)
[NONE ][20:08:37] DISCONNECTED 127.0.0.1:55838, code: 1001, reason: "", name: "2222"
[NONE ][20:08:37] spawnCells99999999999999
[NONE ][20:08:37] 111111111111onClientSocketOpen
[NONE ][20:08:37] 333333333333onClientSocketOpen
[NONE ][20:08:37] 222222222222onClientSocketOpen
[NONE ][20:08:37] CONNECTED 127.0.0.1:55937, origin: "http://localhost"
[NONE ][20:08:39] spawnCells99999999999999
[NONE ][20:08:41] spawnCells99999999999999
[NONE ][20:08:43] spawnCells99999999999999
[NONE ][20:08:45] spawnCells99999999999999
[NONE ][20:08:47] spawnCells99999999999999
[NONE ][20:08:49] spawnCells99999999999999
[NONE ][20:08:51] spawnCells99999999999999
[NONE ][20:08:53] spawnCells99999999999999
[NONE ][20:08:55] spawnCells99999999999999
[NONE ][20:08:57] spawnCells99999999999999
[NONE ][20:08:59] spawnCells99999999999999
[NONE ][20:09:01] spawnCells99999999999999
[NONE ][20:09:03] spawnCells99999999999999
[NONE ][20:09:05] spawnCells99999999999999
[NONE ][20:09:07] spawnCells99999999999999
[NONE ][20:09:09] spawnCells99999999999999
[NONE ][20:09:11] spawnCells99999999999999
[NONE ][20:09:13] spawnCells99999999999999
[NONE ][20:09:15] spawnCells99999999999999
[NONE ][20:09:17] spawnCells99999999999999
[NONE ][20:09:19] spawnCells99999999999999
[NONE ][20:09:21] spawnCells99999999999999
[NONE ][20:09:23] spawnCells99999999999999
[NONE ][20:09:25] spawnCells99999999999999
[NONE ][20:09:27] spawnCells99999999999999
[NONE ][20:09:29] spawnCells99999999999999
[NONE ][20:09:31] spawnCells99999999999999
[NONE ][20:09:33] spawnCells99999999999999
[NONE ][20:09:35] spawnCells99999999999999
[NONE ][20:09:37] spawnCells99999999999999
[NONE ][20:09:39] spawnCells99999999999999
[NONE ][20:09:41] spawnCells99999999999999
[NONE ][20:09:43] spawnCells99999999999999
[NONE ][20:09:45] spawnCells99999999999999
[NONE ][20:09:47] spawnCells99999999999999
[NONE ][20:09:49] spawnCells99999999999999
[NONE ][20:09:51] spawnCells99999999999999
[NONE ][20:09:53] spawnCells99999999999999
[NONE ][20:09:55] spawnCells99999999999999
[NONE ][20:09:57] spawnCells99999999999999
[NONE ][20:09:59] spawnCells99999999999999
[NONE ][20:10:01] spawnCells99999999999999
[NONE ][20:10:03] spawnCells99999999999999
[NONE ][20:10:05] spawnCells99999999999999
[NONE ][20:10:07] spawnCells99999999999999
[NONE ][20:10:09] spawnCells99999999999999
[NONE ][20:10:11] spawnCells99999999999999
[NONE ][20:10:13] spawnCells99999999999999
[NONE ][20:10:15] spawnCells99999999999999
[NONE ][20:10:17] spawnCells99999999999999
[NONE ][20:10:19] spawnCells99999999999999
[NONE ][20:10:21] spawnCells99999999999999
[NONE ][20:10:23] spawnCells99999999999999
[NONE ][20:10:25] spawnCells99999999999999
[NONE ][20:10:27] spawnCells99999999999999
[NONE ][20:10:29] spawnCells99999999999999
[NONE ][20:10:31] spawnCells99999999999999
[NONE ][20:10:33] spawnCells99999999999999
[NONE ][20:10:35] spawnCells99999999999999
[NONE ][20:10:37] spawnCells99999999999999
[NONE ][20:10:39] spawnCells99999999999999
[NONE ][20:10:41] spawnCells99999999999999
[NONE ][20:10:43] spawnCells99999999999999
[NONE ][20:10:45] spawnCells99999999999999
[NONE ][20:10:47] spawnCells99999999999999
[NONE ][20:10:49] spawnCells99999999999999
[NONE ][20:10:51] spawnCells99999999999999
[NONE ][20:10:53] spawnCells99999999999999
[NONE ][20:10:55] spawnCells99999999999999
[NONE ][20:10:57] spawnCells99999999999999
[NONE ][20:10:59] spawnCells99999999999999
[NONE ][20:11:01] spawnCells99999999999999
[NONE ][20:11:03] spawnCells99999999999999
[NONE ][20:11:05] spawnCells99999999999999
[NONE ][20:11:07] spawnCells99999999999999
[NONE ][20:11:09] spawnCells99999999999999
[NONE ][20:11:11] spawnCells99999999999999
[NONE ][20:11:13] spawnCells99999999999999
[NONE ][20:11:15] spawnCells99999999999999
[NONE ][20:11:17] spawnCells99999999999999
[NONE ][20:11:19] spawnCells99999999999999
[NONE ][20:11:21] spawnCells99999999999999
[NONE ][20:11:23] spawnCells99999999999999
[NONE ][20:11:25] spawnCells99999999999999
[NONE ][20:11:27] spawnCells99999999999999
[NONE ][20:11:29] spawnCells99999999999999
[NONE ][20:11:29] DISCONNECTED 127.0.0.1:55909, code: 1001, reason: "", name: "111111"
[NONE ][20:11:29] 111111111111onClientSocketOpen
[NONE ][20:11:29] 333333333333onClientSocketOpen
[NONE ][20:11:29] 222222222222onClientSocketOpen
[NONE ][20:11:29] CONNECTED 127.0.0.1:56093, origin: "http://localhost"
[NONE ][20:11:31] spawnCells99999999999999
[NONE ][20:11:33] spawnCells99999999999999
[NONE ][20:11:35] spawnCells99999999999999
[NONE ][20:11:37] spawnCells99999999999999
[NONE ][20:11:39] spawnCells99999999999999
[NONE ][20:11:41] spawnCells99999999999999
[NONE ][20:11:43] spawnCells99999999999999
[NONE ][20:11:45] spawnCells99999999999999
[NONE ][20:11:47] spawnCells99999999999999
[NONE ][20:11:49] spawnCells99999999999999
[NONE ][20:11:51] spawnCells99999999999999
[NONE ][20:11:53] spawnCells99999999999999
[NONE ][20:11:55] spawnCells99999999999999
[NONE ][20:11:57] spawnCells99999999999999
[NONE ][20:11:59] spawnCells99999999999999
[NONE ][20:12:01] spawnCells99999999999999
[NONE ][20:12:03] spawnCells99999999999999
[NONE ][20:12:05] spawnCells99999999999999
[NONE ][20:12:07] spawnCells99999999999999
[NONE ][20:12:09] spawnCells99999999999999
[NONE ][20:12:11] spawnCells99999999999999
[NONE ][20:12:13] spawnCells99999999999999
[NONE ][20:12:15] spawnCells99999999999999
[NONE ][20:12:17] spawnCells99999999999999
[NONE ][20:12:19] spawnCells99999999999999
[NONE ][20:12:21] spawnCells99999999999999
[NONE ][20:12:23] spawnCells99999999999999
[NONE ][20:12:25] spawnCells99999999999999
[NONE ][20:12:27] spawnCells99999999999999
[NONE ][20:12:29] spawnCells99999999999999
[NONE ][20:12:31] spawnCells99999999999999
[NONE ][20:12:33] spawnCells99999999999999
[NONE ][20:12:35] spawnCells99999999999999
[NONE ][20:12:37] spawnCells99999999999999
[NONE ][20:12:39] spawnCells99999999999999
[NONE ][20:12:41] spawnCells99999999999999
[NONE ][20:12:43] spawnCells99999999999999
[NONE ][20:12:44] DISCONNECTED 127.0.0.1:56093, code: 1001, reason: "", name: "111111"
[NONE ][20:12:44] 111111111111onClientSocketOpen
[NONE ][20:12:44] 333333333333onClientSocketOpen
[NONE ][20:12:44] 222222222222onClientSocketOpen
[NONE ][20:12:44] CONNECTED 127.0.0.1:56162, origin: "http://localhost"
[NONE ][20:12:45] spawnCells99999999999999
[NONE ][20:12:47] spawnCells99999999999999
[NONE ][20:12:49] spawnCells99999999999999
[NONE ][20:12:51] spawnCells99999999999999
[NONE ][20:12:53] spawnCells99999999999999
[NONE ][20:12:55] spawnCells99999999999999
[NONE ][20:12:57] spawnCells99999999999999
[NONE ][20:12:59] spawnCells99999999999999
[NONE ][20:13:01] spawnCells99999999999999
[NONE ][20:13:03] spawnCells99999999999999
[NONE ][20:13:05] spawnCells99999999999999
[NONE ][20:13:07] spawnCells99999999999999
[NONE ][20:13:09] spawnCells99999999999999
[NONE ][20:13:11] spawnCells99999999999999
[NONE ][20:13:13] spawnCells99999999999999
[NONE ][20:13:15] spawnCells99999999999999
[NONE ][20:13:17] spawnCells99999999999999
[NONE ][20:13:19] spawnCells99999999999999
[NONE ][20:13:21] spawnCells99999999999999
[NONE ][20:13:23] spawnCells99999999999999
[NONE ][20:13:25] spawnCells99999999999999
[NONE ][20:13:27] spawnCells99999999999999
[NONE ][20:13:29] spawnCells99999999999999
[NONE ][20:13:31] spawnCells99999999999999
[NONE ][20:13:33] spawnCells99999999999999
[NONE ][20:13:35] spawnCells99999999999999
[NONE ][20:13:37] spawnCells99999999999999
[NONE ][20:13:39] spawnCells99999999999999
[NONE ][20:13:41] spawnCells99999999999999
[NONE ][20:13:43] spawnCells99999999999999
[NONE ][20:13:45] spawnCells99999999999999
[NONE ][20:13:47] spawnCells99999999999999
[NONE ][20:13:49] spawnCells99999999999999
[NONE ][20:13:51] spawnCells99999999999999
[NONE ][20:13:53] spawnCells99999999999999
[NONE ][20:13:55] spawnCells99999999999999
[NONE ][20:13:57] spawnCells99999999999999
[NONE ][20:13:59] spawnCells99999999999999
[NONE ][20:14:01] spawnCells99999999999999
[NONE ][20:14:03] spawnCells99999999999999
[NONE ][20:14:05] spawnCells99999999999999
[NONE ][20:14:07] spawnCells99999999999999
[NONE ][20:14:09] spawnCells99999999999999
[NONE ][20:14:11] spawnCells99999999999999
[NONE ][20:14:13] spawnCells99999999999999
[NONE ][20:14:15] spawnCells99999999999999
[NONE ][20:14:17] spawnCells99999999999999
[NONE ][20:14:19] spawnCells99999999999999
[NONE ][20:14:21] spawnCells99999999999999
[NONE ][20:14:23] spawnCells99999999999999
[NONE ][20:14:25] spawnCells99999999999999
[NONE ][20:14:27] spawnCells99999999999999
[NONE ][20:14:29] spawnCells99999999999999
[NONE ][20:14:31] spawnCells99999999999999
