=== Started 2019-09-21T23-29-55-653 ===
[INFO ][23:29:55] 418 bad words loaded
[WARN ][23:29:55] User account "Local Administrator" disabled
[WARN ][23:29:55] User account "Local Moderator" disabled
[WARN ][23:29:55] User account "Local User" disabled
[INFO ][23:29:55] 0 user records loaded.
[INFO ][23:29:55] 0 IP ban records loaded.
[INFO ][23:29:55] [1m[32mMultiOgar-Edited 1.6.1[37m - An open source multi-protocol ogar server[0m
[NONE ][23:29:55] 111111111111start
[NONE ][23:29:55] 0
[INFO ][23:29:55] WebSocket: ws
[INFO ][23:29:55] Started stats server on port 14
[NONE ][23:29:55] 111111111111http open
[NONE ][23:29:55] Listening on port 10014
[INFO ][23:29:55] Current game mode is Free For All
[NONE ][23:29:55] spawnCells99999999999999
[NONE ][23:29:55]   __  __       _ _   _  ___                        _____    _ _ _           _    _   __    _ 
 |  \/  |_   _| | |_(_)/ _ \  __ _  __ _ _ __     | ____|__| (_) |_ ___  __| |  / | / /_  / |
 | |\/| | | | | | __| | | | |/ _` |/ _` | '__|____|  _| / _` | | __/ _ \/ _` |  | || '_ \ | |
 | |  | | |_| | | |_| | |_| | (_| | (_| | | |_____| |__| (_| | | ||  __/ (_| |  | || (_) || |
 |_|  |_|\__,_|_|\__|_|\___/ \__, |\__,_|_|       |_____\__,_|_|\__\___|\__,_|  |_(_)___(_)_|
                             |___/                                                           
[NONE ][23:29:56] 111111111111onClientSocketOpen
[NONE ][23:29:56] 333333333333onClientSocketOpen
[NONE ][23:29:56] 222222222222onClientSocketOpen
[NONE ][23:29:56] CONNECTED 127.0.0.1:64453, origin: "http://localhost"
[NONE ][23:29:57] spawnCells99999999999999
[ERROR][23:29:59] [127.0.0.1:64453] Error: read ECONNRESET
    at TCP.onStreamRead (internal/stream_base_commons.js:111:27)
[NONE ][23:29:59] DISCONNECTED 127.0.0.1:64453, code: 1001, reason: "", name: ""
[NONE ][23:29:59] 111111111111onClientSocketOpen
[NONE ][23:29:59] 333333333333onClientSocketOpen
[NONE ][23:29:59] 222222222222onClientSocketOpen
[NONE ][23:29:59] CONNECTED 127.0.0.1:64461, origin: "http://localhost"
[NONE ][23:29:59] spawnCells99999999999999
[NONE ][23:30:01] spawnCells99999999999999
[NONE ][23:30:03] spawnCells99999999999999
[NONE ][23:30:05] spawnCells99999999999999
[NONE ][23:30:07] spawnCells99999999999999
[NONE ][23:30:08] 111111111111onClientSocketOpen
[NONE ][23:30:08] 333333333333onClientSocketOpen
[NONE ][23:30:08] 222222222222onClientSocketOpen
[NONE ][23:30:08] CONNECTED 127.0.0.1:64469, origin: "http://localhost"
[NONE ][23:30:09] spawnCells99999999999999
[NONE ][23:30:11] spawnCells99999999999999
[NONE ][23:30:13] spawnCells99999999999999
[NONE ][23:30:15] spawnCells99999999999999
[NONE ][23:30:17] spawnCells99999999999999
[NONE ][23:30:19] spawnCells99999999999999
[NONE ][23:30:21] spawnCells99999999999999
[NONE ][23:30:23] spawnCells99999999999999
[NONE ][23:30:25] spawnCells99999999999999
[NONE ][23:30:27] spawnCells99999999999999
[NONE ][23:30:29] spawnCells99999999999999
[NONE ][23:30:31] spawnCells99999999999999
[NONE ][23:30:33] spawnCells99999999999999
[NONE ][23:30:35] spawnCells99999999999999
[NONE ][23:30:37] spawnCells99999999999999
[NONE ][23:30:39] spawnCells99999999999999
[ERROR][23:30:41] [127.0.0.1:64461] Error: read ECONNRESET
    at TCP.onStreamRead (internal/stream_base_commons.js:111:27)
[NONE ][23:30:41] DISCONNECTED 127.0.0.1:64461, code: 1001, reason: "", name: "1111111"
[NONE ][23:30:41] spawnCells99999999999999
[NONE ][23:30:43] spawnCells99999999999999
[NONE ][23:30:45] spawnCells99999999999999
[NONE ][23:30:47] spawnCells99999999999999
[NONE ][23:30:49] spawnCells99999999999999
[NONE ][23:30:51] spawnCells99999999999999
[NONE ][23:30:53] spawnCells99999999999999
[NONE ][23:30:55] spawnCells99999999999999
[NONE ][23:30:57] spawnCells99999999999999
[NONE ][23:30:59] spawnCells99999999999999
[NONE ][23:31:01] spawnCells99999999999999
[NONE ][23:31:03] spawnCells99999999999999
[NONE ][23:31:05] spawnCells99999999999999
[NONE ][23:31:07] spawnCells99999999999999
[NONE ][23:31:09] spawnCells99999999999999
[NONE ][23:31:11] spawnCells99999999999999
[NONE ][23:31:13] spawnCells99999999999999
[NONE ][23:31:15] spawnCells99999999999999
[NONE ][23:31:17] spawnCells99999999999999
[NONE ][23:31:19] spawnCells99999999999999
[NONE ][23:31:21] spawnCells99999999999999
[ERROR][23:31:23] [127.0.0.1:64469] Error: read ECONNRESET
    at TCP.onStreamRead (internal/stream_base_commons.js:111:27)
[NONE ][23:31:23] DISCONNECTED 127.0.0.1:64469, code: 1001, reason: "", name: "22222"
[NONE ][23:31:23] 111111111111onClientSocketOpen
[NONE ][23:31:23] 333333333333onClientSocketOpen
[NONE ][23:31:23] 222222222222onClientSocketOpen
[NONE ][23:31:23] CONNECTED 127.0.0.1:64485, origin: "http://localhost"
[NONE ][23:31:23] spawnCells99999999999999
[NONE ][23:31:25] spawnCells99999999999999
[NONE ][23:31:27] spawnCells99999999999999
[NONE ][23:31:29] spawnCells99999999999999
[NONE ][23:31:31] spawnCells99999999999999
[NONE ][23:31:33] spawnCells99999999999999
[NONE ][23:31:35] spawnCells99999999999999
[NONE ][23:31:37] spawnCells99999999999999
[NONE ][23:31:39] spawnCells99999999999999
[NONE ][23:31:41] spawnCells99999999999999
[NONE ][23:31:43] spawnCells99999999999999
[NONE ][23:31:45] spawnCells99999999999999
[NONE ][23:31:47] spawnCells99999999999999
[NONE ][23:31:49] spawnCells99999999999999
[NONE ][23:31:51] spawnCells99999999999999
[NONE ][23:31:53] spawnCells99999999999999
[NONE ][23:31:55] spawnCells99999999999999
[NONE ][23:31:57] spawnCells99999999999999
[NONE ][23:31:59] spawnCells99999999999999
[NONE ][23:32:01] spawnCells99999999999999
[NONE ][23:32:03] spawnCells99999999999999
[NONE ][23:32:05] spawnCells99999999999999
[NONE ][23:32:07] spawnCells99999999999999
[NONE ][23:32:09] spawnCells99999999999999
[NONE ][23:32:11] spawnCells99999999999999
[NONE ][23:32:13] spawnCells99999999999999
[NONE ][23:32:15] spawnCells99999999999999
[NONE ][23:32:17] spawnCells99999999999999
[NONE ][23:32:19] spawnCells99999999999999
[NONE ][23:32:21] spawnCells99999999999999
[NONE ][23:32:23] spawnCells99999999999999
[NONE ][23:32:25] spawnCells99999999999999
[NONE ][23:32:27] spawnCells99999999999999
[ERROR][23:32:29] [127.0.0.1:64485] Error: read ECONNRESET
    at TCP.onStreamRead (internal/stream_base_commons.js:111:27)
[NONE ][23:32:29] DISCONNECTED 127.0.0.1:64485, code: 1001, reason: "", name: "333333"
[NONE ][23:32:29] 111111111111onClientSocketOpen
[NONE ][23:32:29] 333333333333onClientSocketOpen
[NONE ][23:32:29] 222222222222onClientSocketOpen
[NONE ][23:32:29] CONNECTED 127.0.0.1:64496, origin: "http://localhost"
[NONE ][23:32:29] spawnCells99999999999999
[NONE ][23:32:31] spawnCells99999999999999
[ERROR][23:32:32] [127.0.0.1:64496] Error: read ECONNRESET
    at TCP.onStreamRead (internal/stream_base_commons.js:111:27)
[NONE ][23:32:32] DISCONNECTED 127.0.0.1:64496, code: 1001, reason: "", name: ""
[NONE ][23:32:32] 111111111111onClientSocketOpen
[NONE ][23:32:32] 333333333333onClientSocketOpen
[NONE ][23:32:32] 222222222222onClientSocketOpen
[NONE ][23:32:32] CONNECTED 127.0.0.1:64498, origin: "http://localhost"
[NONE ][23:32:33] spawnCells99999999999999
[NONE ][23:32:35] spawnCells99999999999999
[NONE ][23:32:37] spawnCells99999999999999
[NONE ][23:32:39] spawnCells99999999999999
[NONE ][23:32:41] spawnCells99999999999999
[ERROR][23:32:42] [127.0.0.1:64498] Error: read ECONNRESET
    at TCP.onStreamRead (internal/stream_base_commons.js:111:27)
[NONE ][23:32:42] DISCONNECTED 127.0.0.1:64498, code: 1001, reason: "", name: "333333"
[NONE ][23:32:42] 111111111111onClientSocketOpen
[NONE ][23:32:42] 333333333333onClientSocketOpen
[NONE ][23:32:42] 222222222222onClientSocketOpen
[NONE ][23:32:42] CONNECTED 127.0.0.1:64509, origin: "http://localhost"
[NONE ][23:32:43] spawnCells99999999999999
[NONE ][23:32:45] spawnCells99999999999999
[NONE ][23:32:47] 111111111111onClientSocketOpen
[NONE ][23:32:47] 333333333333onClientSocketOpen
[NONE ][23:32:47] 222222222222onClientSocketOpen
[NONE ][23:32:47] CONNECTED 127.0.0.1:64511, origin: "http://localhost"
[NONE ][23:32:47] spawnCells99999999999999
[NONE ][23:32:49] spawnCells99999999999999
[NONE ][23:32:51] spawnCells99999999999999
[NONE ][23:32:53] spawnCells99999999999999
[NONE ][23:32:55] spawnCells99999999999999
[NONE ][23:32:57] spawnCells99999999999999
[NONE ][23:32:59] spawnCells99999999999999
[NONE ][23:33:01] spawnCells99999999999999
[NONE ][23:33:03] spawnCells99999999999999
[NONE ][23:33:05] spawnCells99999999999999
[NONE ][23:33:07] spawnCells99999999999999
[NONE ][23:33:09] spawnCells99999999999999
[NONE ][23:33:11] spawnCells99999999999999
[NONE ][23:33:13] spawnCells99999999999999
[NONE ][23:33:15] spawnCells99999999999999
[NONE ][23:33:17] spawnCells99999999999999
[NONE ][23:33:19] spawnCells99999999999999
[NONE ][23:33:21] spawnCells99999999999999
[NONE ][23:33:23] spawnCells99999999999999
[NONE ][23:33:25] spawnCells99999999999999
[NONE ][23:33:27] spawnCells99999999999999
[NONE ][23:33:29] spawnCells99999999999999
[NONE ][23:33:31] spawnCells99999999999999
[NONE ][23:33:33] spawnCells99999999999999
[NONE ][23:33:35] spawnCells99999999999999
[NONE ][23:33:37] spawnCells99999999999999
[NONE ][23:33:39] spawnCells99999999999999
[NONE ][23:33:41] spawnCells99999999999999
[NONE ][23:33:43] spawnCells99999999999999
[NONE ][23:33:45] spawnCells99999999999999
[NONE ][23:33:47] spawnCells99999999999999
[NONE ][23:33:49] spawnCells99999999999999
[NONE ][23:33:51] spawnCells99999999999999
[NONE ][23:33:53] spawnCells99999999999999
[NONE ][23:33:55] spawnCells99999999999999
[NONE ][23:33:57] spawnCells99999999999999
[NONE ][23:33:59] spawnCells99999999999999
[NONE ][23:34:01] spawnCells99999999999999
[NONE ][23:34:03] spawnCells99999999999999
[NONE ][23:34:05] spawnCells99999999999999
[NONE ][23:34:07] spawnCells99999999999999
[NONE ][23:34:09] spawnCells99999999999999
[NONE ][23:34:11] spawnCells99999999999999
[NONE ][23:34:13] spawnCells99999999999999
[NONE ][23:34:15] spawnCells99999999999999
[NONE ][23:34:17] spawnCells99999999999999
[NONE ][23:34:19] spawnCells99999999999999
[NONE ][23:34:21] spawnCells99999999999999
[ERROR][23:34:22] [127.0.0.1:64511] Error: read ECONNRESET
    at TCP.onStreamRead (internal/stream_base_commons.js:111:27)
[NONE ][23:34:22] DISCONNECTED 127.0.0.1:64511, code: 1001, reason: "", name: "1111111"
[NONE ][23:34:23] spawnCells99999999999999
[NONE ][23:34:25] spawnCells99999999999999
[NONE ][23:34:27] spawnCells99999999999999
[NONE ][23:34:29] spawnCells99999999999999
[NONE ][23:34:31] spawnCells99999999999999
[NONE ][23:34:33] spawnCells99999999999999
[NONE ][23:34:35] spawnCells99999999999999
[NONE ][23:34:37] spawnCells99999999999999
[NONE ][23:34:39] spawnCells99999999999999
[NONE ][23:34:41] spawnCells99999999999999
[NONE ][23:34:43] 111111111111onClientSocketOpen
[NONE ][23:34:43] 333333333333onClientSocketOpen
[NONE ][23:34:43] 222222222222onClientSocketOpen
[NONE ][23:34:43] CONNECTED 127.0.0.1:64532, origin: "http://localhost"
[NONE ][23:34:43] spawnCells99999999999999
[NONE ][23:34:45] spawnCells99999999999999
[NONE ][23:34:47] spawnCells99999999999999
[NONE ][23:34:49] spawnCells99999999999999
[NONE ][23:34:51] spawnCells99999999999999
[NONE ][23:34:53] spawnCells99999999999999
[NONE ][23:34:55] spawnCells99999999999999
[NONE ][23:34:57] spawnCells99999999999999
[NONE ][23:34:59] spawnCells99999999999999
[NONE ][23:35:01] spawnCells99999999999999
[NONE ][23:35:03] spawnCells99999999999999
[NONE ][23:35:05] spawnCells99999999999999
[NONE ][23:35:07] spawnCells99999999999999
[NONE ][23:35:09] spawnCells99999999999999
[NONE ][23:35:11] spawnCells99999999999999
[NONE ][23:35:13] spawnCells99999999999999
[NONE ][23:35:15] spawnCells99999999999999
[NONE ][23:35:17] spawnCells99999999999999
[NONE ][23:35:19] spawnCells99999999999999
[NONE ][23:35:21] spawnCells99999999999999
[NONE ][23:35:23] spawnCells99999999999999
[NONE ][23:35:25] DISCONNECTED 127.0.0.1:64509, code: 1001, reason: "", name: "333333"
[NONE ][23:35:25] 111111111111onClientSocketOpen
[NONE ][23:35:25] 333333333333onClientSocketOpen
[NONE ][23:35:25] 222222222222onClientSocketOpen
[NONE ][23:35:25] CONNECTED 127.0.0.1:64540, origin: "http://localhost"
[NONE ][23:35:25] spawnCells99999999999999
[NONE ][23:35:27] spawnCells99999999999999
[NONE ][23:35:29] spawnCells99999999999999
[NONE ][23:35:31] spawnCells99999999999999
[NONE ][23:35:33] spawnCells99999999999999
[NONE ][23:35:35] spawnCells99999999999999
[NONE ][23:35:37] spawnCells99999999999999
[NONE ][23:35:39] spawnCells99999999999999
[NONE ][23:35:41] spawnCells99999999999999
[NONE ][23:35:43] spawnCells99999999999999
[NONE ][23:35:45] spawnCells99999999999999
[NONE ][23:35:47] spawnCells99999999999999
[NONE ][23:35:49] spawnCells99999999999999
[NONE ][23:35:51] spawnCells99999999999999
[NONE ][23:35:53] spawnCells99999999999999
[NONE ][23:35:55] spawnCells99999999999999
[NONE ][23:35:57] spawnCells99999999999999
[NONE ][23:35:59] spawnCells99999999999999
[NONE ][23:36:01] spawnCells99999999999999
[NONE ][23:36:03] spawnCells99999999999999
[NONE ][23:36:05] spawnCells99999999999999
[NONE ][23:36:07] spawnCells99999999999999
[NONE ][23:36:09] spawnCells99999999999999
[NONE ][23:36:11] spawnCells99999999999999
[NONE ][23:36:13] spawnCells99999999999999
[NONE ][23:36:15] spawnCells99999999999999
[NONE ][23:36:17] spawnCells99999999999999
[NONE ][23:36:19] spawnCells99999999999999
[NONE ][23:36:21] spawnCells99999999999999
[NONE ][23:36:23] spawnCells99999999999999
[NONE ][23:36:25] spawnCells99999999999999
[NONE ][23:36:27] spawnCells99999999999999
[NONE ][23:36:29] spawnCells99999999999999
[NONE ][23:36:31] spawnCells99999999999999
[NONE ][23:36:33] spawnCells99999999999999
[NONE ][23:36:35] spawnCells99999999999999
[NONE ][23:36:37] spawnCells99999999999999
[NONE ][23:36:39] spawnCells99999999999999
[NONE ][23:36:41] spawnCells99999999999999
[NONE ][23:36:43] spawnCells99999999999999
[NONE ][23:36:45] spawnCells99999999999999
[NONE ][23:36:47] spawnCells99999999999999
[NONE ][23:36:49] spawnCells99999999999999
[NONE ][23:36:51] spawnCells99999999999999
[ERROR][23:36:51] [127.0.0.1:64540] Error: read ECONNRESET
    at TCP.onStreamRead (internal/stream_base_commons.js:111:27)
[NONE ][23:36:51] DISCONNECTED 127.0.0.1:64540, code: 1001, reason: "", name: ""
[NONE ][23:36:53] spawnCells99999999999999
[ERROR][23:36:54] [127.0.0.1:64532] Error: read ECONNRESET
    at TCP.onStreamRead (internal/stream_base_commons.js:111:27)
[NONE ][23:36:54] DISCONNECTED 127.0.0.1:64532, code: 1001, reason: "", name: "AAAAA"
[NONE ][23:36:55] spawnCells99999999999999
[NONE ][23:36:57] spawnCells99999999999999
[NONE ][23:36:59] spawnCells99999999999999
[NONE ][23:37:01] spawnCells99999999999999
[NONE ][23:37:03] spawnCells99999999999999
[NONE ][23:37:05] spawnCells99999999999999
[NONE ][23:37:07] spawnCells99999999999999
[NONE ][23:37:09] spawnCells99999999999999
[NONE ][23:37:11] spawnCells99999999999999
[NONE ][23:37:13] spawnCells99999999999999
[NONE ][23:37:15] spawnCells99999999999999
[NONE ][23:37:17] spawnCells99999999999999
[NONE ][23:37:19] spawnCells99999999999999
[NONE ][23:37:21] spawnCells99999999999999
[NONE ][23:37:23] spawnCells99999999999999
[NONE ][23:37:25] spawnCells99999999999999
[NONE ][23:37:27] spawnCells99999999999999
[NONE ][23:37:29] spawnCells99999999999999
[NONE ][23:37:31] spawnCells99999999999999
[NONE ][23:37:33] spawnCells99999999999999
[NONE ][23:37:35] spawnCells99999999999999
[NONE ][23:37:37] spawnCells99999999999999
[NONE ][23:37:39] spawnCells99999999999999
[NONE ][23:37:41] spawnCells99999999999999
[NONE ][23:37:43] spawnCells99999999999999
[NONE ][23:37:45] spawnCells99999999999999
[NONE ][23:37:47] spawnCells99999999999999
[NONE ][23:37:49] spawnCells99999999999999
[NONE ][23:37:51] spawnCells99999999999999
[NONE ][23:37:53] spawnCells99999999999999
[NONE ][23:37:55] spawnCells99999999999999
[NONE ][23:37:57] spawnCells99999999999999
[NONE ][23:37:59] spawnCells99999999999999
[NONE ][23:38:01] spawnCells99999999999999
[NONE ][23:38:03] spawnCells99999999999999
[NONE ][23:38:05] spawnCells99999999999999
[NONE ][23:38:07] spawnCells99999999999999
[NONE ][23:38:09] spawnCells99999999999999
[NONE ][23:38:11] spawnCells99999999999999
[NONE ][23:38:13] spawnCells99999999999999
[NONE ][23:38:15] spawnCells99999999999999
[NONE ][23:38:17] spawnCells99999999999999
[NONE ][23:38:19] spawnCells99999999999999
[NONE ][23:38:21] spawnCells99999999999999
[NONE ][23:38:23] spawnCells99999999999999
[NONE ][23:38:25] spawnCells99999999999999
[NONE ][23:38:27] spawnCells99999999999999
[NONE ][23:38:29] spawnCells99999999999999
[NONE ][23:38:31] spawnCells99999999999999
[NONE ][23:38:33] spawnCells99999999999999
[NONE ][23:38:35] spawnCells99999999999999
[NONE ][23:38:37] spawnCells99999999999999
[NONE ][23:38:39] spawnCells99999999999999
[NONE ][23:38:41] spawnCells99999999999999
[NONE ][23:38:43] spawnCells99999999999999
[NONE ][23:38:45] spawnCells99999999999999
[NONE ][23:38:47] spawnCells99999999999999
[NONE ][23:38:49] spawnCells99999999999999
[NONE ][23:38:51] spawnCells99999999999999
[NONE ][23:38:53] spawnCells99999999999999
[NONE ][23:38:55] spawnCells99999999999999
[NONE ][23:38:57] spawnCells99999999999999
[NONE ][23:38:59] spawnCells99999999999999
[NONE ][23:39:01] spawnCells99999999999999
[NONE ][23:39:03] spawnCells99999999999999
[NONE ][23:39:05] spawnCells99999999999999
[NONE ][23:39:07] spawnCells99999999999999
[NONE ][23:39:09] spawnCells99999999999999
[NONE ][23:39:11] spawnCells99999999999999
[NONE ][23:39:13] spawnCells99999999999999
[NONE ][23:39:15] spawnCells99999999999999
[NONE ][23:39:17] spawnCells99999999999999
[NONE ][23:39:19] spawnCells99999999999999
[NONE ][23:39:21] spawnCells99999999999999
[NONE ][23:39:23] spawnCells99999999999999
[NONE ][23:39:25] spawnCells99999999999999
[NONE ][23:39:27] spawnCells99999999999999
[NONE ][23:39:29] spawnCells99999999999999
[NONE ][23:39:31] spawnCells99999999999999
[NONE ][23:39:33] spawnCells99999999999999
[NONE ][23:39:35] spawnCells99999999999999
[NONE ][23:39:37] spawnCells99999999999999
[NONE ][23:39:39] spawnCells99999999999999
[NONE ][23:39:41] spawnCells99999999999999
[NONE ][23:39:43] spawnCells99999999999999
