=== Started 2019-09-20T22-45-04-145 ===
[INFO ][22:45:04] 418 bad words loaded
[WARN ][22:45:04] User account "Local Administrator" disabled
[WARN ][22:45:04] User account "Local Moderator" disabled
[WARN ][22:45:04] User account "Local User" disabled
[INFO ][22:45:04] 0 user records loaded.
[INFO ][22:45:04] 0 IP ban records loaded.
[INFO ][22:45:04] [1m[32mMultiOgar-Edited 1.6.1[37m - An open source multi-protocol ogar server[0m
[NONE ][22:45:04] 111111111111start
[NONE ][22:45:04] 0
[INFO ][22:45:04] WebSocket: ws
[INFO ][22:45:04] Started stats server on port 14
[NONE ][22:45:04] 111111111111http open
[NONE ][22:45:04] Listening on port 10014
[INFO ][22:45:04] Current game mode is Free For All
[NONE ][22:45:04] spawnCells99999999999999
[NONE ][22:45:04]   __  __       _ _   _  ___                        _____    _ _ _           _    _   __    _ 
 |  \/  |_   _| | |_(_)/ _ \  __ _  __ _ _ __     | ____|__| (_) |_ ___  __| |  / | / /_  / |
 | |\/| | | | | | __| | | | |/ _` |/ _` | '__|____|  _| / _` | | __/ _ \/ _` |  | || '_ \ | |
 | |  | | |_| | | |_| | |_| | (_| | (_| | | |_____| |__| (_| | | ||  __/ (_| |  | || (_) || |
 |_|  |_|\__,_|_|\__|_|\___/ \__, |\__,_|_|       |_____\__,_|_|\__\___|\__,_|  |_(_)___(_)_|
                             |___/                                                           
[NONE ][22:45:05] 111111111111onClientSocketOpen
[NONE ][22:45:05] 333333333333onClientSocketOpen
[NONE ][22:45:05] 222222222222onClientSocketOpen
[NONE ][22:45:05] CONNECTED 127.0.0.1:61685, origin: "http://localhost"
[NONE ][22:45:05] 111111111111onClientSocketOpen
[NONE ][22:45:05] 333333333333onClientSocketOpen
[NONE ][22:45:05] 222222222222onClientSocketOpen
[NONE ][22:45:05] CONNECTED 127.0.0.1:61686, origin: "http://localhost"
[NONE ][22:45:06] spawnCells99999999999999
[NONE ][22:45:08] spawnCells99999999999999
[NONE ][22:45:10] spawnCells99999999999999
[NONE ][22:45:12] spawnCells99999999999999
[NONE ][22:45:14] spawnCells99999999999999
[NONE ][22:45:16] spawnCells99999999999999
[NONE ][22:45:18] spawnCells99999999999999
[NONE ][22:45:20] spawnCells99999999999999
[NONE ][22:45:22] spawnCells99999999999999
[NONE ][22:45:24] spawnCells99999999999999
[NONE ][22:45:26] spawnCells99999999999999
[NONE ][22:45:28] spawnCells99999999999999
[NONE ][22:45:30] spawnCells99999999999999
[NONE ][22:45:32] spawnCells99999999999999
[NONE ][22:45:34] spawnCells99999999999999
[NONE ][22:45:36] spawnCells99999999999999
[NONE ][22:45:38] spawnCells99999999999999
[NONE ][22:45:40] spawnCells99999999999999
[NONE ][22:45:42] spawnCells99999999999999
[ERROR][22:45:44] [127.0.0.1:61686] Error: read ECONNRESET
    at TCP.onStreamRead (internal/stream_base_commons.js:111:27)
[NONE ][22:45:44] DISCONNECTED 127.0.0.1:61686, code: 1001, reason: "", name: "111111"
[NONE ][22:45:44] spawnCells99999999999999
[NONE ][22:45:44] DISCONNECTED 127.0.0.1:61685, code: 1001, reason: "", name: "vvvvvv"
[NONE ][22:45:44] 111111111111onClientSocketOpen
[NONE ][22:45:44] 333333333333onClientSocketOpen
[NONE ][22:45:44] 222222222222onClientSocketOpen
[NONE ][22:45:44] CONNECTED 127.0.0.1:61694, origin: "http://localhost"
[NONE ][22:45:45] 111111111111onClientSocketOpen
[NONE ][22:45:45] 333333333333onClientSocketOpen
[NONE ][22:45:45] 222222222222onClientSocketOpen
[NONE ][22:45:45] CONNECTED 127.0.0.1:61695, origin: "http://localhost"
[NONE ][22:45:46] spawnCells99999999999999
[NONE ][22:45:48] spawnCells99999999999999
[NONE ][22:45:50] spawnCells99999999999999
[NONE ][22:45:52] spawnCells99999999999999
[NONE ][22:45:54] spawnCells99999999999999
[NONE ][22:45:56] spawnCells99999999999999
[NONE ][22:45:58] spawnCells99999999999999
[NONE ][22:46:00] spawnCells99999999999999
[NONE ][22:46:02] spawnCells99999999999999
[NONE ][22:46:04] spawnCells99999999999999
[NONE ][22:46:06] spawnCells99999999999999
[NONE ][22:46:08] spawnCells99999999999999
[NONE ][22:46:10] spawnCells99999999999999
[NONE ][22:46:12] spawnCells99999999999999
[NONE ][22:46:14] spawnCells99999999999999
[NONE ][22:46:16] spawnCells99999999999999
[NONE ][22:46:18] spawnCells99999999999999
[NONE ][22:46:20] spawnCells99999999999999
[NONE ][22:46:22] spawnCells99999999999999
[NONE ][22:46:24] spawnCells99999999999999
[NONE ][22:46:25] DISCONNECTED 127.0.0.1:61695, code: 1001, reason: "", name: "vvvvvv"
[NONE ][22:46:25] 111111111111onClientSocketOpen
[NONE ][22:46:25] 333333333333onClientSocketOpen
[NONE ][22:46:25] 222222222222onClientSocketOpen
[NONE ][22:46:25] CONNECTED 127.0.0.1:61707, origin: "http://localhost"
[ERROR][22:46:25] [127.0.0.1:61694] Error: read ECONNRESET
    at TCP.onStreamRead (internal/stream_base_commons.js:111:27)
[NONE ][22:46:25] DISCONNECTED 127.0.0.1:61694, code: 1001, reason: "", name: "111111"
[NONE ][22:46:25] 111111111111onClientSocketOpen
[NONE ][22:46:25] 333333333333onClientSocketOpen
[NONE ][22:46:25] 222222222222onClientSocketOpen
[NONE ][22:46:25] CONNECTED 127.0.0.1:61708, origin: "http://localhost"
[NONE ][22:46:26] spawnCells99999999999999
[NONE ][22:46:28] spawnCells99999999999999
[NONE ][22:46:30] spawnCells99999999999999
[NONE ][22:46:32] spawnCells99999999999999
[NONE ][22:46:34] spawnCells99999999999999
[NONE ][22:46:36] spawnCells99999999999999
[NONE ][22:46:38] spawnCells99999999999999
[NONE ][22:46:40] spawnCells99999999999999
[NONE ][22:46:42] spawnCells99999999999999
[NONE ][22:46:44] spawnCells99999999999999
[NONE ][22:46:46] spawnCells99999999999999
