=== Started 2019-09-20T22-46-50-801 ===
[INFO ][22:46:50] 418 bad words loaded
[WARN ][22:46:50] User account "Local Administrator" disabled
[WARN ][22:46:50] User account "Local Moderator" disabled
[WARN ][22:46:50] User account "Local User" disabled
[INFO ][22:46:50] 0 user records loaded.
[INFO ][22:46:50] 0 IP ban records loaded.
[INFO ][22:46:51] [1m[32mMultiOgar-Edited 1.6.1[37m - An open source multi-protocol ogar server[0m
[NONE ][22:46:51] 111111111111start
[NONE ][22:46:51] 0
[INFO ][22:46:51] WebSocket: ws
[INFO ][22:46:51] Started stats server on port 14
[NONE ][22:46:51] 111111111111http open
[NONE ][22:46:51] Listening on port 10014
[INFO ][22:46:51] Current game mode is Free For All
[NONE ][22:46:51] spawnCells99999999999999
[NONE ][22:46:51]   __  __       _ _   _  ___                        _____    _ _ _           _    _   __    _ 
 |  \/  |_   _| | |_(_)/ _ \  __ _  __ _ _ __     | ____|__| (_) |_ ___  __| |  / | / /_  / |
 | |\/| | | | | | __| | | | |/ _` |/ _` | '__|____|  _| / _` | | __/ _ \/ _` |  | || '_ \ | |
 | |  | | |_| | | |_| | |_| | (_| | (_| | | |_____| |__| (_| | | ||  __/ (_| |  | || (_) || |
 |_|  |_|\__,_|_|\__|_|\___/ \__, |\__,_|_|       |_____\__,_|_|\__\___|\__,_|  |_(_)___(_)_|
                             |___/                                                           
[NONE ][22:46:51] 111111111111onClientSocketOpen
[NONE ][22:46:51] 333333333333onClientSocketOpen
[NONE ][22:46:51] 222222222222onClientSocketOpen
[NONE ][22:46:51] CONNECTED 127.0.0.1:61711, origin: "http://localhost"
[NONE ][22:46:51] 111111111111onClientSocketOpen
[NONE ][22:46:51] 333333333333onClientSocketOpen
[NONE ][22:46:51] 222222222222onClientSocketOpen
[NONE ][22:46:51] CONNECTED 127.0.0.1:61712, origin: "http://localhost"
[NONE ][22:46:53] spawnCells99999999999999
[NONE ][22:46:55] spawnCells99999999999999
[NONE ][22:46:57] spawnCells99999999999999
[NONE ][22:46:59] spawnCells99999999999999
[NONE ][22:47:01] spawnCells99999999999999
[NONE ][22:47:03] spawnCells99999999999999
[NONE ][22:47:05] spawnCells99999999999999
[NONE ][22:47:07] spawnCells99999999999999
[NONE ][22:47:09] spawnCells99999999999999
[NONE ][22:47:11] spawnCells99999999999999
[NONE ][22:47:13] spawnCells99999999999999
[NONE ][22:47:15] spawnCells99999999999999
[NONE ][22:47:17] spawnCells99999999999999
[NONE ][22:47:19] spawnCells99999999999999
[NONE ][22:47:21] spawnCells99999999999999
[NONE ][22:47:23] spawnCells99999999999999
[NONE ][22:47:25] spawnCells99999999999999
