=== Started 2019-09-20T22-47-29-567 ===
[INFO ][22:47:29] 418 bad words loaded
[WARN ][22:47:29] User account "Local Administrator" disabled
[WARN ][22:47:29] User account "Local Moderator" disabled
[WARN ][22:47:29] User account "Local User" disabled
[INFO ][22:47:29] 0 user records loaded.
[INFO ][22:47:29] 0 IP ban records loaded.
[INFO ][22:47:29] [1m[32mMultiOgar-Edited 1.6.1[37m - An open source multi-protocol ogar server[0m
[NONE ][22:47:29] 111111111111start
[NONE ][22:47:29] 0
[INFO ][22:47:29] WebSocket: ws
[INFO ][22:47:30] Started stats server on port 14
[NONE ][22:47:30] 111111111111http open
[NONE ][22:47:30] Listening on port 10014
[INFO ][22:47:30] Current game mode is Free For All
[NONE ][22:47:30] spawnCells99999999999999
[NONE ][22:47:30]   __  __       _ _   _  ___                        _____    _ _ _           _    _   __    _ 
 |  \/  |_   _| | |_(_)/ _ \  __ _  __ _ _ __     | ____|__| (_) |_ ___  __| |  / | / /_  / |
 | |\/| | | | | | __| | | | |/ _` |/ _` | '__|____|  _| / _` | | __/ _ \/ _` |  | || '_ \ | |
 | |  | | |_| | | |_| | |_| | (_| | (_| | | |_____| |__| (_| | | ||  __/ (_| |  | || (_) || |
 |_|  |_|\__,_|_|\__|_|\___/ \__, |\__,_|_|       |_____\__,_|_|\__\___|\__,_|  |_(_)___(_)_|
                             |___/                                                           
[NONE ][22:47:30] 111111111111onClientSocketOpen
[NONE ][22:47:30] 333333333333onClientSocketOpen
[NONE ][22:47:30] 222222222222onClientSocketOpen
[NONE ][22:47:30] CONNECTED 127.0.0.1:61715, origin: "http://localhost"
[NONE ][22:47:30] 111111111111onClientSocketOpen
[NONE ][22:47:30] 333333333333onClientSocketOpen
[NONE ][22:47:30] 222222222222onClientSocketOpen
[NONE ][22:47:30] CONNECTED 127.0.0.1:61716, origin: "http://localhost"
[ERROR][22:47:30] [127.0.0.1:61716] Error: read ECONNRESET
    at TCP.onStreamRead (internal/stream_base_commons.js:111:27)
[NONE ][22:47:30] DISCONNECTED 127.0.0.1:61716, code: 1001, reason: "", name: ""
[NONE ][22:47:30] 111111111111onClientSocketOpen
[NONE ][22:47:30] 333333333333onClientSocketOpen
[NONE ][22:47:30] 222222222222onClientSocketOpen
[NONE ][22:47:30] CONNECTED 127.0.0.1:61723, origin: "http://localhost"
[NONE ][22:47:32] spawnCells99999999999999
[ERROR][22:47:32] [127.0.0.1:61715] Error: read ECONNRESET
    at TCP.onStreamRead (internal/stream_base_commons.js:111:27)
[NONE ][22:47:32] DISCONNECTED 127.0.0.1:61715, code: 1001, reason: "", name: ""
[NONE ][22:47:32] 111111111111onClientSocketOpen
[NONE ][22:47:32] 333333333333onClientSocketOpen
[NONE ][22:47:32] 222222222222onClientSocketOpen
[NONE ][22:47:32] CONNECTED 127.0.0.1:61724, origin: "http://localhost"
[NONE ][22:47:34] spawnCells99999999999999
[NONE ][22:47:36] spawnCells99999999999999
[NONE ][22:47:38] spawnCells99999999999999
[NONE ][22:47:40] spawnCells99999999999999
[NONE ][22:47:42] spawnCells99999999999999
[NONE ][22:47:44] spawnCells99999999999999
[NONE ][22:47:46] spawnCells99999999999999
[NONE ][22:47:48] spawnCells99999999999999
[NONE ][22:47:50] spawnCells99999999999999
[NONE ][22:47:52] spawnCells99999999999999
[NONE ][22:47:54] spawnCells99999999999999
[NONE ][22:47:56] spawnCells99999999999999
[NONE ][22:47:58] spawnCells99999999999999
[NONE ][22:48:00] spawnCells99999999999999
[NONE ][22:48:02] spawnCells99999999999999
[NONE ][22:48:04] spawnCells99999999999999
[NONE ][22:48:06] spawnCells99999999999999
[NONE ][22:48:08] spawnCells99999999999999
[NONE ][22:48:10] spawnCells99999999999999
[NONE ][22:48:12] spawnCells99999999999999
[NONE ][22:48:14] spawnCells99999999999999
[NONE ][22:48:16] spawnCells99999999999999
[NONE ][22:48:18] spawnCells99999999999999
[NONE ][22:48:20] spawnCells99999999999999
[NONE ][22:48:22] spawnCells99999999999999
[NONE ][22:48:24] spawnCells99999999999999
[NONE ][22:48:26] spawnCells99999999999999
[NONE ][22:48:28] spawnCells99999999999999
[NONE ][22:48:30] spawnCells99999999999999
[NONE ][22:48:30] DISCONNECTED 127.0.0.1:61723, code: 1001, reason: "", name: "111111"
[ERROR][22:48:30] [127.0.0.1:61724] Error: read ECONNRESET
    at TCP.onStreamRead (internal/stream_base_commons.js:111:27)
[NONE ][22:48:30] DISCONNECTED 127.0.0.1:61724, code: 1001, reason: "", name: "vvvvvv"
[NONE ][22:48:30] 111111111111onClientSocketOpen
[NONE ][22:48:30] 333333333333onClientSocketOpen
[NONE ][22:48:30] 222222222222onClientSocketOpen
[NONE ][22:48:30] CONNECTED 127.0.0.1:61736, origin: "http://localhost"
[NONE ][22:48:30] 111111111111onClientSocketOpen
[NONE ][22:48:30] 333333333333onClientSocketOpen
[NONE ][22:48:30] 222222222222onClientSocketOpen
[NONE ][22:48:30] CONNECTED 127.0.0.1:61737, origin: "http://localhost"
[NONE ][22:48:32] spawnCells99999999999999
[NONE ][22:48:34] spawnCells99999999999999
[NONE ][22:48:36] spawnCells99999999999999
