=== Started 2019-09-21T22-58-56-133 ===
[INFO ][22:58:56] 418 bad words loaded
[WARN ][22:58:56] User account "Local Administrator" disabled
[WARN ][22:58:56] User account "Local Moderator" disabled
[WARN ][22:58:56] User account "Local User" disabled
[INFO ][22:58:56] 0 user records loaded.
[INFO ][22:58:56] 0 IP ban records loaded.
[INFO ][22:58:56] [1m[32mMultiOgar-Edited 1.6.1[37m - An open source multi-protocol ogar server[0m
[NONE ][22:58:56] 111111111111start
[NONE ][22:58:56] 0
[INFO ][22:58:56] WebSocket: ws
[INFO ][22:58:56] Started stats server on port 14
[NONE ][22:58:56] 111111111111http open
[NONE ][22:58:56] Listening on port 10014
[INFO ][22:58:56] Current game mode is Free For All
[NONE ][22:58:56] spawnCells99999999999999
[NONE ][22:58:56]   __  __       _ _   _  ___                        _____    _ _ _           _    _   __    _ 
 |  \/  |_   _| | |_(_)/ _ \  __ _  __ _ _ __     | ____|__| (_) |_ ___  __| |  / | / /_  / |
 | |\/| | | | | | __| | | | |/ _` |/ _` | '__|____|  _| / _` | | __/ _ \/ _` |  | || '_ \ | |
 | |  | | |_| | | |_| | |_| | (_| | (_| | | |_____| |__| (_| | | ||  __/ (_| |  | || (_) || |
 |_|  |_|\__,_|_|\__|_|\___/ \__, |\__,_|_|       |_____\__,_|_|\__\___|\__,_|  |_(_)___(_)_|
                             |___/                                                           
[NONE ][22:58:58] spawnCells99999999999999
[NONE ][22:59:00] spawnCells99999999999999
[NONE ][22:59:02] spawnCells99999999999999
[NONE ][22:59:04] spawnCells99999999999999
[NONE ][22:59:06] spawnCells99999999999999
[NONE ][22:59:07] 111111111111onClientSocketOpen
[NONE ][22:59:07] 333333333333onClientSocketOpen
[NONE ][22:59:07] 222222222222onClientSocketOpen
[NONE ][22:59:07] CONNECTED 127.0.0.1:58880, origin: "http://localhost"
[NONE ][22:59:08] spawnCells99999999999999
[NONE ][22:59:10] spawnCells99999999999999
[NONE ][22:59:12] spawnCells99999999999999
[NONE ][22:59:14] spawnCells99999999999999
[ERROR][22:59:14] [127.0.0.1:58880] Error: read ECONNRESET
    at TCP.onStreamRead (internal/stream_base_commons.js:111:27)
[NONE ][22:59:14] DISCONNECTED 127.0.0.1:58880, code: 1001, reason: "", name: ""
[NONE ][22:59:15] 111111111111onClientSocketOpen
[NONE ][22:59:15] 333333333333onClientSocketOpen
[NONE ][22:59:15] 222222222222onClientSocketOpen
[NONE ][22:59:15] CONNECTED 127.0.0.1:58885, origin: "http://localhost"
[NONE ][22:59:16] spawnCells99999999999999
[ERROR][22:59:17] [127.0.0.1:58885] Error: read ECONNRESET
    at TCP.onStreamRead (internal/stream_base_commons.js:111:27)
[NONE ][22:59:17] DISCONNECTED 127.0.0.1:58885, code: 1001, reason: "", name: ""
[NONE ][22:59:17] 111111111111onClientSocketOpen
[NONE ][22:59:17] 333333333333onClientSocketOpen
[NONE ][22:59:17] 222222222222onClientSocketOpen
[NONE ][22:59:17] CONNECTED 127.0.0.1:58887, origin: "http://localhost"
[NONE ][22:59:18] spawnCells99999999999999
[NONE ][22:59:20] spawnCells99999999999999
[NONE ][22:59:22] spawnCells99999999999999
[NONE ][22:59:24] spawnCells99999999999999
[NONE ][22:59:26] spawnCells99999999999999
[NONE ][22:59:27] 111111111111onClientSocketOpen
[NONE ][22:59:27] 333333333333onClientSocketOpen
[NONE ][22:59:27] 222222222222onClientSocketOpen
[NONE ][22:59:27] CONNECTED 127.0.0.1:58895, origin: "http://localhost"
[NONE ][22:59:28] spawnCells99999999999999
[NONE ][22:59:30] spawnCells99999999999999
[NONE ][22:59:32] spawnCells99999999999999
[NONE ][22:59:34] spawnCells99999999999999
[NONE ][22:59:36] spawnCells99999999999999
[NONE ][22:59:38] spawnCells99999999999999
[ERROR][22:59:39] [127.0.0.1:58895] Error: read ECONNRESET
    at TCP.onStreamRead (internal/stream_base_commons.js:111:27)
[NONE ][22:59:39] DISCONNECTED 127.0.0.1:58895, code: 1001, reason: "", name: "222"
[NONE ][22:59:39] 111111111111onClientSocketOpen
[NONE ][22:59:39] 333333333333onClientSocketOpen
[NONE ][22:59:39] 222222222222onClientSocketOpen
[NONE ][22:59:39] CONNECTED 127.0.0.1:58905, origin: "http://localhost"
[NONE ][22:59:40] spawnCells99999999999999
[NONE ][22:59:42] spawnCells99999999999999
[NONE ][22:59:44] spawnCells99999999999999
[NONE ][22:59:46] spawnCells99999999999999
[NONE ][22:59:48] spawnCells99999999999999
[NONE ][22:59:50] spawnCells99999999999999
[NONE ][22:59:52] spawnCells99999999999999
[NONE ][22:59:54] spawnCells99999999999999
[NONE ][22:59:56] spawnCells99999999999999
[NONE ][22:59:58] spawnCells99999999999999
[NONE ][23:00:00] spawnCells99999999999999
[NONE ][23:00:02] spawnCells99999999999999
[NONE ][23:00:04] spawnCells99999999999999
[NONE ][23:00:06] spawnCells99999999999999
[NONE ][23:00:08] spawnCells99999999999999
[NONE ][23:00:10] spawnCells99999999999999
[NONE ][23:00:12] spawnCells99999999999999
[NONE ][23:00:14] spawnCells99999999999999
[NONE ][23:00:16] spawnCells99999999999999
[NONE ][23:00:18] spawnCells99999999999999
[NONE ][23:00:20] spawnCells99999999999999
[NONE ][23:00:22] spawnCells99999999999999
[NONE ][23:00:24] spawnCells99999999999999
[NONE ][23:00:26] spawnCells99999999999999
[NONE ][23:00:28] spawnCells99999999999999
[NONE ][23:00:30] spawnCells99999999999999
[NONE ][23:00:32] spawnCells99999999999999
[NONE ][23:00:34] spawnCells99999999999999
[NONE ][23:00:36] spawnCells99999999999999
[NONE ][23:00:38] spawnCells99999999999999
[NONE ][23:00:40] spawnCells99999999999999
[NONE ][23:00:42] spawnCells99999999999999
[NONE ][23:00:44] spawnCells99999999999999
[NONE ][23:00:46] spawnCells99999999999999
[NONE ][23:00:48] spawnCells99999999999999
[NONE ][23:00:50] spawnCells99999999999999
[NONE ][23:00:52] spawnCells99999999999999
[NONE ][23:00:54] spawnCells99999999999999
[NONE ][23:00:56] spawnCells99999999999999
[NONE ][23:00:58] spawnCells99999999999999
[NONE ][23:00:58] DISCONNECTED 127.0.0.1:58887, code: 1001, reason: "", name: "111111"
[NONE ][23:00:58] 111111111111onClientSocketOpen
[NONE ][23:00:58] 333333333333onClientSocketOpen
[NONE ][23:00:58] 222222222222onClientSocketOpen
[NONE ][23:00:58] CONNECTED 127.0.0.1:58928, origin: "http://localhost"
[NONE ][23:01:00] spawnCells99999999999999
[NONE ][23:01:02] spawnCells99999999999999
[NONE ][23:01:04] spawnCells99999999999999
[NONE ][23:01:06] spawnCells99999999999999
[ERROR][23:01:08] [127.0.0.1:58928] Error: read ECONNRESET
    at TCP.onStreamRead (internal/stream_base_commons.js:111:27)
[NONE ][23:01:08] DISCONNECTED 127.0.0.1:58928, code: 1001, reason: "", name: "111111"
[NONE ][23:01:08] spawnCells99999999999999
[NONE ][23:01:08] 111111111111onClientSocketOpen
[NONE ][23:01:08] 333333333333onClientSocketOpen
[NONE ][23:01:08] 222222222222onClientSocketOpen
[NONE ][23:01:08] CONNECTED 127.0.0.1:58967, origin: "http://localhost"
[NONE ][23:01:10] spawnCells99999999999999
[NONE ][23:01:12] spawnCells99999999999999
[NONE ][23:01:14] spawnCells99999999999999
[NONE ][23:01:16] spawnCells99999999999999
[NONE ][23:01:18] spawnCells99999999999999
[NONE ][23:01:20] spawnCells99999999999999
[NONE ][23:01:22] spawnCells99999999999999
[NONE ][23:01:24] spawnCells99999999999999
[NONE ][23:01:26] spawnCells99999999999999
[NONE ][23:01:28] spawnCells99999999999999
[NONE ][23:01:30] spawnCells99999999999999
[NONE ][23:01:32] spawnCells99999999999999
[NONE ][23:01:34] spawnCells99999999999999
[NONE ][23:01:36] spawnCells99999999999999
[NONE ][23:01:38] spawnCells99999999999999
[NONE ][23:01:40] spawnCells99999999999999
[NONE ][23:01:42] spawnCells99999999999999
[ERROR][23:01:42] [127.0.0.1:58967] Error: read ECONNRESET
    at TCP.onStreamRead (internal/stream_base_commons.js:111:27)
[NONE ][23:01:42] DISCONNECTED 127.0.0.1:58967, code: 1001, reason: "", name: ""
[NONE ][23:01:42] 111111111111onClientSocketOpen
[NONE ][23:01:42] 333333333333onClientSocketOpen
[NONE ][23:01:42] 222222222222onClientSocketOpen
[NONE ][23:01:42] CONNECTED 127.0.0.1:58983, origin: "http://localhost"
[NONE ][23:01:44] spawnCells99999999999999
[NONE ][23:01:46] spawnCells99999999999999
[NONE ][23:01:48] spawnCells99999999999999
[NONE ][23:01:50] spawnCells99999999999999
[NONE ][23:01:52] spawnCells99999999999999
[NONE ][23:01:54] spawnCells99999999999999
[NONE ][23:01:56] spawnCells99999999999999
[NONE ][23:01:58] spawnCells99999999999999
[NONE ][23:02:00] spawnCells99999999999999
[NONE ][23:02:02] spawnCells99999999999999
[NONE ][23:02:04] spawnCells99999999999999
[NONE ][23:02:06] spawnCells99999999999999
[NONE ][23:02:08] spawnCells99999999999999
[NONE ][23:02:10] spawnCells99999999999999
[NONE ][23:02:12] spawnCells99999999999999
[NONE ][23:02:14] spawnCells99999999999999
[NONE ][23:02:16] spawnCells99999999999999
[NONE ][23:02:18] spawnCells99999999999999
[NONE ][23:02:20] spawnCells99999999999999
[NONE ][23:02:22] spawnCells99999999999999
[NONE ][23:02:24] spawnCells99999999999999
[ERROR][23:02:25] [127.0.0.1:58983] Error: read ECONNRESET
    at TCP.onStreamRead (internal/stream_base_commons.js:111:27)
[NONE ][23:02:25] DISCONNECTED 127.0.0.1:58983, code: 1001, reason: "", name: "111111"
[NONE ][23:02:26] 111111111111onClientSocketOpen
[NONE ][23:02:26] 333333333333onClientSocketOpen
[NONE ][23:02:26] 222222222222onClientSocketOpen
[NONE ][23:02:26] CONNECTED 127.0.0.1:59053, origin: "http://localhost"
[NONE ][23:02:26] spawnCells99999999999999
[NONE ][23:02:28] spawnCells99999999999999
[NONE ][23:02:30] spawnCells99999999999999
[NONE ][23:02:32] spawnCells99999999999999
[NONE ][23:02:34] spawnCells99999999999999
[NONE ][23:02:36] spawnCells99999999999999
[NONE ][23:02:38] spawnCells99999999999999
[NONE ][23:02:40] spawnCells99999999999999
[NONE ][23:02:42] spawnCells99999999999999
[NONE ][23:02:44] spawnCells99999999999999
[NONE ][23:02:46] spawnCells99999999999999
[NONE ][23:02:48] spawnCells99999999999999
[NONE ][23:02:50] spawnCells99999999999999
[NONE ][23:02:52] spawnCells99999999999999
[NONE ][23:02:54] spawnCells99999999999999
[NONE ][23:02:56] spawnCells99999999999999
[NONE ][23:02:58] spawnCells99999999999999
[NONE ][23:03:00] spawnCells99999999999999
[NONE ][23:03:02] spawnCells99999999999999
[NONE ][23:03:04] spawnCells99999999999999
[NONE ][23:03:06] spawnCells99999999999999
[NONE ][23:03:08] spawnCells99999999999999
[NONE ][23:03:10] spawnCells99999999999999
[NONE ][23:03:12] spawnCells99999999999999
[NONE ][23:03:14] spawnCells99999999999999
[NONE ][23:03:16] spawnCells99999999999999
[NONE ][23:03:18] spawnCells99999999999999
[NONE ][23:03:20] spawnCells99999999999999
[NONE ][23:03:22] spawnCells99999999999999
[NONE ][23:03:24] spawnCells99999999999999
[NONE ][23:03:26] spawnCells99999999999999
[NONE ][23:03:28] spawnCells99999999999999
[NONE ][23:03:30] spawnCells99999999999999
[NONE ][23:03:32] spawnCells99999999999999
[NONE ][23:03:34] spawnCells99999999999999
[NONE ][23:03:36] spawnCells99999999999999
[NONE ][23:03:38] spawnCells99999999999999
[NONE ][23:03:40] spawnCells99999999999999
[NONE ][23:03:42] spawnCells99999999999999
[NONE ][23:03:44] spawnCells99999999999999
[NONE ][23:03:46] spawnCells99999999999999
[NONE ][23:03:48] spawnCells99999999999999
[NONE ][23:03:50] spawnCells99999999999999
[NONE ][23:03:52] spawnCells99999999999999
[NONE ][23:03:54] spawnCells99999999999999
[NONE ][23:03:56] spawnCells99999999999999
[NONE ][23:03:58] spawnCells99999999999999
[NONE ][23:04:00] spawnCells99999999999999
[NONE ][23:04:02] spawnCells99999999999999
[NONE ][23:04:04] spawnCells99999999999999
[NONE ][23:04:06] spawnCells99999999999999
[NONE ][23:04:08] spawnCells99999999999999
[NONE ][23:04:10] spawnCells99999999999999
[NONE ][23:04:12] spawnCells99999999999999
[NONE ][23:04:14] spawnCells99999999999999
[NONE ][23:04:16] spawnCells99999999999999
[NONE ][23:04:18] spawnCells99999999999999
[NONE ][23:04:20] spawnCells99999999999999
[NONE ][23:04:22] spawnCells99999999999999
[NONE ][23:04:24] spawnCells99999999999999
[NONE ][23:04:26] spawnCells99999999999999
[NONE ][23:04:28] spawnCells99999999999999
[NONE ][23:04:30] spawnCells99999999999999
[NONE ][23:04:32] spawnCells99999999999999
[NONE ][23:04:34] spawnCells99999999999999
[NONE ][23:04:36] spawnCells99999999999999
[NONE ][23:04:38] spawnCells99999999999999
[NONE ][23:04:40] spawnCells99999999999999
[NONE ][23:04:42] spawnCells99999999999999
[NONE ][23:04:44] spawnCells99999999999999
[NONE ][23:04:46] spawnCells99999999999999
[NONE ][23:04:48] spawnCells99999999999999
[NONE ][23:04:50] spawnCells99999999999999
[NONE ][23:04:52] spawnCells99999999999999
[NONE ][23:04:54] spawnCells99999999999999
[NONE ][23:04:56] spawnCells99999999999999
[NONE ][23:04:58] spawnCells99999999999999
[NONE ][23:05:00] spawnCells99999999999999
[NONE ][23:05:02] spawnCells99999999999999
[NONE ][23:05:04] spawnCells99999999999999
[NONE ][23:05:06] spawnCells99999999999999
[NONE ][23:05:08] spawnCells99999999999999
[NONE ][23:05:10] spawnCells99999999999999
[NONE ][23:05:12] spawnCells99999999999999
[NONE ][23:05:14] spawnCells99999999999999
[NONE ][23:05:16] spawnCells99999999999999
[NONE ][23:05:18] spawnCells99999999999999
[NONE ][23:05:20] spawnCells99999999999999
[NONE ][23:05:22] spawnCells99999999999999
[NONE ][23:05:24] spawnCells99999999999999
[NONE ][23:05:26] spawnCells99999999999999
[NONE ][23:05:28] spawnCells99999999999999
[NONE ][23:05:30] spawnCells99999999999999
[NONE ][23:05:32] spawnCells99999999999999
[NONE ][23:05:34] spawnCells99999999999999
[NONE ][23:05:36] spawnCells99999999999999
[NONE ][23:05:38] spawnCells99999999999999
[NONE ][23:05:40] spawnCells99999999999999
[NONE ][23:05:42] spawnCells99999999999999
[NONE ][23:05:44] spawnCells99999999999999
[NONE ][23:05:46] spawnCells99999999999999
[NONE ][23:05:48] spawnCells99999999999999
[NONE ][23:05:50] spawnCells99999999999999
[NONE ][23:05:52] spawnCells99999999999999
[NONE ][23:05:54] spawnCells99999999999999
[NONE ][23:05:56] spawnCells99999999999999
[NONE ][23:05:58] spawnCells99999999999999
[NONE ][23:06:00] spawnCells99999999999999
[NONE ][23:06:02] spawnCells99999999999999
[NONE ][23:06:04] spawnCells99999999999999
[NONE ][23:06:06] spawnCells99999999999999
[NONE ][23:06:08] spawnCells99999999999999
[NONE ][23:06:10] spawnCells99999999999999
[NONE ][23:06:12] spawnCells99999999999999
[NONE ][23:06:14] spawnCells99999999999999
[NONE ][23:06:16] spawnCells99999999999999
[NONE ][23:06:18] spawnCells99999999999999
[NONE ][23:06:20] spawnCells99999999999999
[NONE ][23:06:22] spawnCells99999999999999
[NONE ][23:06:24] spawnCells99999999999999
[NONE ][23:06:26] spawnCells99999999999999
[NONE ][23:06:28] spawnCells99999999999999
[NONE ][23:06:30] spawnCells99999999999999
[NONE ][23:06:32] spawnCells99999999999999
[NONE ][23:06:34] spawnCells99999999999999
[NONE ][23:06:36] spawnCells99999999999999
[NONE ][23:06:38] spawnCells99999999999999
[NONE ][23:06:40] spawnCells99999999999999
[NONE ][23:06:42] spawnCells99999999999999
[NONE ][23:06:44] spawnCells99999999999999
[NONE ][23:06:46] spawnCells99999999999999
[NONE ][23:06:48] spawnCells99999999999999
[NONE ][23:06:50] spawnCells99999999999999
[NONE ][23:06:52] spawnCells99999999999999
[NONE ][23:06:54] spawnCells99999999999999
[NONE ][23:06:56] spawnCells99999999999999
[NONE ][23:06:58] spawnCells99999999999999
[NONE ][23:07:00] spawnCells99999999999999
[NONE ][23:07:02] spawnCells99999999999999
[NONE ][23:07:04] spawnCells99999999999999
[NONE ][23:07:06] spawnCells99999999999999
[NONE ][23:07:08] spawnCells99999999999999
[NONE ][23:07:10] spawnCells99999999999999
[NONE ][23:07:12] spawnCells99999999999999
[NONE ][23:07:14] spawnCells99999999999999
[NONE ][23:07:16] spawnCells99999999999999
[NONE ][23:07:18] spawnCells99999999999999
[NONE ][23:07:20] spawnCells99999999999999
[NONE ][23:07:22] spawnCells99999999999999
[NONE ][23:07:24] spawnCells99999999999999
[NONE ][23:07:26] spawnCells99999999999999
[NONE ][23:07:28] spawnCells99999999999999
[NONE ][23:07:30] spawnCells99999999999999
[NONE ][23:07:32] spawnCells99999999999999
[NONE ][23:07:34] spawnCells99999999999999
[NONE ][23:07:36] spawnCells99999999999999
[NONE ][23:07:38] spawnCells99999999999999
[NONE ][23:07:40] spawnCells99999999999999
[NONE ][23:07:42] spawnCells99999999999999
[NONE ][23:07:44] spawnCells99999999999999
[NONE ][23:07:46] spawnCells99999999999999
[NONE ][23:07:48] spawnCells99999999999999
[NONE ][23:07:50] spawnCells99999999999999
[NONE ][23:07:52] spawnCells99999999999999
[NONE ][23:07:54] spawnCells99999999999999
[NONE ][23:07:56] DISCONNECTED 127.0.0.1:59053, code: 1006, reason: "", name: ""
[NONE ][23:07:56] spawnCells99999999999999
[NONE ][23:07:58] spawnCells99999999999999
[NONE ][23:08:00] spawnCells99999999999999
[NONE ][23:08:02] spawnCells99999999999999
[NONE ][23:08:04] spawnCells99999999999999
[NONE ][23:08:06] spawnCells99999999999999
[NONE ][23:08:08] spawnCells99999999999999
[NONE ][23:08:10] spawnCells99999999999999
[NONE ][23:08:12] spawnCells99999999999999
[NONE ][23:08:14] spawnCells99999999999999
[NONE ][23:08:16] spawnCells99999999999999
[NONE ][23:08:18] spawnCells99999999999999
[NONE ][23:08:20] spawnCells99999999999999
[NONE ][23:08:22] spawnCells99999999999999
[NONE ][23:08:24] spawnCells99999999999999
[NONE ][23:08:26] spawnCells99999999999999
[NONE ][23:08:28] spawnCells99999999999999
[NONE ][23:08:30] spawnCells99999999999999
[NONE ][23:08:32] spawnCells99999999999999
[NONE ][23:08:34] spawnCells99999999999999
[NONE ][23:08:36] spawnCells99999999999999
[NONE ][23:08:38] spawnCells99999999999999
[NONE ][23:08:40] spawnCells99999999999999
[NONE ][23:08:42] spawnCells99999999999999
[NONE ][23:08:44] spawnCells99999999999999
[NONE ][23:08:46] spawnCells99999999999999
[NONE ][23:08:48] spawnCells99999999999999
[NONE ][23:08:50] spawnCells99999999999999
[NONE ][23:08:52] spawnCells99999999999999
[NONE ][23:08:54] spawnCells99999999999999
[NONE ][23:08:56] spawnCells99999999999999
[NONE ][23:08:58] spawnCells99999999999999
[NONE ][23:09:00] spawnCells99999999999999
[NONE ][23:09:02] spawnCells99999999999999
[ERROR][23:09:03] [127.0.0.1:58905] Error: read ECONNRESET
    at TCP.onStreamRead (internal/stream_base_commons.js:111:27)
[NONE ][23:09:03] DISCONNECTED 127.0.0.1:58905, code: 1001, reason: "", name: ""
[NONE ][23:09:04] spawnCells99999999999999
[NONE ][23:09:06] spawnCells99999999999999
[NONE ][23:09:07] 111111111111onClientSocketOpen
[NONE ][23:09:07] 333333333333onClientSocketOpen
[NONE ][23:09:07] 222222222222onClientSocketOpen
[NONE ][23:09:07] CONNECTED 127.0.0.1:59872, origin: "http://localhost"
[NONE ][23:09:08] spawnCells99999999999999
[NONE ][23:09:10] spawnCells99999999999999
[ERROR][23:09:11] [127.0.0.1:59872] Error: read ECONNRESET
    at TCP.onStreamRead (internal/stream_base_commons.js:111:27)
[NONE ][23:09:11] DISCONNECTED 127.0.0.1:59872, code: 1001, reason: "", name: "111111"
[NONE ][23:09:11] 111111111111onClientSocketOpen
[NONE ][23:09:11] 333333333333onClientSocketOpen
[NONE ][23:09:11] 222222222222onClientSocketOpen
[NONE ][23:09:11] CONNECTED 127.0.0.1:59879, origin: "http://localhost"
[NONE ][23:09:12] spawnCells99999999999999
[NONE ][23:09:14] spawnCells99999999999999
[NONE ][23:09:16] spawnCells99999999999999
[NONE ][23:09:18] spawnCells99999999999999
[NONE ][23:09:20] spawnCells99999999999999
[NONE ][23:09:22] spawnCells99999999999999
[NONE ][23:09:24] spawnCells99999999999999
[NONE ][23:09:26] spawnCells99999999999999
[NONE ][23:09:28] spawnCells99999999999999
[NONE ][23:09:30] spawnCells99999999999999
[NONE ][23:09:32] spawnCells99999999999999
[NONE ][23:09:34] spawnCells99999999999999
[NONE ][23:09:36] spawnCells99999999999999
[NONE ][23:09:38] spawnCells99999999999999
[NONE ][23:09:40] spawnCells99999999999999
[NONE ][23:09:42] spawnCells99999999999999
[NONE ][23:09:44] spawnCells99999999999999
[NONE ][23:09:46] spawnCells99999999999999
[NONE ][23:09:48] spawnCells99999999999999
[NONE ][23:09:50] spawnCells99999999999999
[NONE ][23:09:52] spawnCells99999999999999
[NONE ][23:09:54] spawnCells99999999999999
[NONE ][23:09:56] spawnCells99999999999999
[NONE ][23:09:58] spawnCells99999999999999
[NONE ][23:10:00] spawnCells99999999999999
[NONE ][23:10:02] spawnCells99999999999999
[NONE ][23:10:04] spawnCells99999999999999
[NONE ][23:10:06] spawnCells99999999999999
[NONE ][23:10:08] spawnCells99999999999999
[NONE ][23:10:10] spawnCells99999999999999
[NONE ][23:10:12] spawnCells99999999999999
[NONE ][23:10:14] spawnCells99999999999999
[NONE ][23:10:16] spawnCells99999999999999
[NONE ][23:10:18] spawnCells99999999999999
[NONE ][23:10:20] spawnCells99999999999999
[NONE ][23:10:22] spawnCells99999999999999
[NONE ][23:10:24] spawnCells99999999999999
[NONE ][23:10:26] spawnCells99999999999999
[NONE ][23:10:28] spawnCells99999999999999
[NONE ][23:10:30] spawnCells99999999999999
[NONE ][23:10:32] spawnCells99999999999999
[NONE ][23:10:34] spawnCells99999999999999
[NONE ][23:10:36] spawnCells99999999999999
[NONE ][23:10:38] spawnCells99999999999999
[NONE ][23:10:40] spawnCells99999999999999
[NONE ][23:10:42] spawnCells99999999999999
[NONE ][23:10:44] spawnCells99999999999999
[NONE ][23:10:46] spawnCells99999999999999
[NONE ][23:10:48] spawnCells99999999999999
[NONE ][23:10:50] spawnCells99999999999999
[NONE ][23:10:52] spawnCells99999999999999
[NONE ][23:10:54] spawnCells99999999999999
[NONE ][23:10:56] spawnCells99999999999999
[NONE ][23:10:58] spawnCells99999999999999
[NONE ][23:11:00] spawnCells99999999999999
[NONE ][23:11:02] spawnCells99999999999999
[NONE ][23:11:04] spawnCells99999999999999
[NONE ][23:11:06] spawnCells99999999999999
[NONE ][23:11:08] spawnCells99999999999999
[NONE ][23:11:10] spawnCells99999999999999
[NONE ][23:11:12] spawnCells99999999999999
[NONE ][23:11:14] spawnCells99999999999999
[NONE ][23:11:16] spawnCells99999999999999
[NONE ][23:11:18] spawnCells99999999999999
[NONE ][23:11:20] spawnCells99999999999999
[NONE ][23:11:22] spawnCells99999999999999
[NONE ][23:11:24] spawnCells99999999999999
[NONE ][23:11:26] spawnCells99999999999999
[NONE ][23:11:28] spawnCells99999999999999
[NONE ][23:11:30] spawnCells99999999999999
[NONE ][23:11:32] spawnCells99999999999999
[NONE ][23:11:34] spawnCells99999999999999
[NONE ][23:11:36] spawnCells99999999999999
[NONE ][23:11:38] spawnCells99999999999999
[NONE ][23:11:40] spawnCells99999999999999
[NONE ][23:11:42] spawnCells99999999999999
[NONE ][23:11:44] spawnCells99999999999999
[NONE ][23:11:46] spawnCells99999999999999
[NONE ][23:11:48] spawnCells99999999999999
[NONE ][23:11:50] spawnCells99999999999999
[NONE ][23:11:52] spawnCells99999999999999
[NONE ][23:11:54] spawnCells99999999999999
[NONE ][23:11:56] spawnCells99999999999999
[NONE ][23:11:58] spawnCells99999999999999
[NONE ][23:12:00] spawnCells99999999999999
[NONE ][23:12:02] spawnCells99999999999999
[NONE ][23:12:04] spawnCells99999999999999
[NONE ][23:12:06] spawnCells99999999999999
[NONE ][23:12:08] spawnCells99999999999999
[NONE ][23:12:10] spawnCells99999999999999
[NONE ][23:12:12] spawnCells99999999999999
[NONE ][23:12:14] spawnCells99999999999999
[NONE ][23:12:16] spawnCells99999999999999
[NONE ][23:12:18] spawnCells99999999999999
[NONE ][23:12:20] spawnCells99999999999999
[NONE ][23:12:22] spawnCells99999999999999
[NONE ][23:12:24] spawnCells99999999999999
[NONE ][23:12:26] spawnCells99999999999999
[NONE ][23:12:28] spawnCells99999999999999
[NONE ][23:12:30] spawnCells99999999999999
[NONE ][23:12:32] spawnCells99999999999999
[NONE ][23:12:34] spawnCells99999999999999
[NONE ][23:12:36] spawnCells99999999999999
[NONE ][23:12:38] spawnCells99999999999999
[NONE ][23:12:40] spawnCells99999999999999
[NONE ][23:12:42] spawnCells99999999999999
[NONE ][23:12:44] spawnCells99999999999999
[NONE ][23:12:46] spawnCells99999999999999
[NONE ][23:12:48] spawnCells99999999999999
[NONE ][23:12:50] spawnCells99999999999999
[NONE ][23:12:52] spawnCells99999999999999
[NONE ][23:12:54] spawnCells99999999999999
[NONE ][23:12:56] spawnCells99999999999999
[NONE ][23:12:58] spawnCells99999999999999
[NONE ][23:13:00] spawnCells99999999999999
[NONE ][23:13:02] spawnCells99999999999999
[NONE ][23:13:04] spawnCells99999999999999
[NONE ][23:13:06] spawnCells99999999999999
[NONE ][23:13:08] spawnCells99999999999999
[NONE ][23:13:10] spawnCells99999999999999
[NONE ][23:13:12] spawnCells99999999999999
[NONE ][23:13:14] spawnCells99999999999999
[NONE ][23:13:16] spawnCells99999999999999
[NONE ][23:13:18] spawnCells99999999999999
[NONE ][23:13:20] spawnCells99999999999999
[NONE ][23:13:22] spawnCells99999999999999
[NONE ][23:13:24] spawnCells99999999999999
[NONE ][23:13:26] spawnCells99999999999999
[NONE ][23:13:28] spawnCells99999999999999
[NONE ][23:13:30] spawnCells99999999999999
[NONE ][23:13:32] spawnCells99999999999999
[NONE ][23:13:34] spawnCells99999999999999
[NONE ][23:13:36] spawnCells99999999999999
[NONE ][23:13:38] spawnCells99999999999999
[NONE ][23:13:40] spawnCells99999999999999
[NONE ][23:13:42] spawnCells99999999999999
[NONE ][23:13:44] spawnCells99999999999999
[NONE ][23:13:46] spawnCells99999999999999
[NONE ][23:13:48] spawnCells99999999999999
[NONE ][23:13:50] spawnCells99999999999999
[NONE ][23:13:52] spawnCells99999999999999
[ERROR][23:13:52] [127.0.0.1:59879] Error: read ECONNRESET
    at TCP.onStreamRead (internal/stream_base_commons.js:111:27)
[NONE ][23:13:52] DISCONNECTED 127.0.0.1:59879, code: 1001, reason: "", name: "111111"
[NONE ][23:13:54] spawnCells99999999999999
[NONE ][23:13:56] spawnCells99999999999999
[NONE ][23:13:58] spawnCells99999999999999
[NONE ][23:13:59] 111111111111onClientSocketOpen
[NONE ][23:13:59] 333333333333onClientSocketOpen
[NONE ][23:13:59] 222222222222onClientSocketOpen
[NONE ][23:13:59] CONNECTED 127.0.0.1:60468, origin: "http://localhost"
[NONE ][23:14:00] spawnCells99999999999999
[NONE ][23:14:02] spawnCells99999999999999
[NONE ][23:14:04] spawnCells99999999999999
[NONE ][23:14:06] spawnCells99999999999999
[NONE ][23:14:08] spawnCells99999999999999
[NONE ][23:14:10] spawnCells99999999999999
[NONE ][23:14:12] spawnCells99999999999999
[NONE ][23:14:13] 111111111111onClientSocketOpen
[NONE ][23:14:13] 333333333333onClientSocketOpen
[NONE ][23:14:13] 222222222222onClientSocketOpen
[NONE ][23:14:13] CONNECTED 127.0.0.1:60475, origin: "http://localhost"
[NONE ][23:14:14] spawnCells99999999999999
[NONE ][23:14:16] spawnCells99999999999999
[ERROR][23:14:17] [127.0.0.1:60475] Error: read ECONNRESET
    at TCP.onStreamRead (internal/stream_base_commons.js:111:27)
[NONE ][23:14:17] DISCONNECTED 127.0.0.1:60475, code: 1001, reason: "", name: "111111"
[NONE ][23:14:18] spawnCells99999999999999
[NONE ][23:14:20] spawnCells99999999999999
[NONE ][23:14:22] spawnCells99999999999999
[NONE ][23:14:22] 111111111111onClientSocketOpen
[NONE ][23:14:22] 333333333333onClientSocketOpen
[NONE ][23:14:22] 222222222222onClientSocketOpen
[NONE ][23:14:22] CONNECTED 127.0.0.1:60485, origin: "http://localhost"
[NONE ][23:14:24] spawnCells99999999999999
[NONE ][23:14:26] spawnCells99999999999999
[NONE ][23:14:28] spawnCells99999999999999
[NONE ][23:14:30] spawnCells99999999999999
[NONE ][23:14:32] spawnCells99999999999999
[NONE ][23:14:34] spawnCells99999999999999
[NONE ][23:14:36] spawnCells99999999999999
[NONE ][23:14:38] spawnCells99999999999999
[NONE ][23:14:40] spawnCells99999999999999
[NONE ][23:14:42] spawnCells99999999999999
[NONE ][23:14:44] spawnCells99999999999999
[NONE ][23:14:46] spawnCells99999999999999
[NONE ][23:14:48] spawnCells99999999999999
[NONE ][23:14:50] spawnCells99999999999999
[NONE ][23:14:52] spawnCells99999999999999
[NONE ][23:14:54] spawnCells99999999999999
[NONE ][23:14:56] spawnCells99999999999999
[NONE ][23:14:58] spawnCells99999999999999
[NONE ][23:15:00] spawnCells99999999999999
[NONE ][23:15:02] spawnCells99999999999999
[NONE ][23:15:04] spawnCells99999999999999
[NONE ][23:15:06] spawnCells99999999999999
[NONE ][23:15:08] spawnCells99999999999999
[NONE ][23:15:10] spawnCells99999999999999
[NONE ][23:15:12] spawnCells99999999999999
[NONE ][23:15:14] spawnCells99999999999999
[NONE ][23:15:16] spawnCells99999999999999
[NONE ][23:15:18] spawnCells99999999999999
[NONE ][23:15:20] spawnCells99999999999999
[NONE ][23:15:22] spawnCells99999999999999
[NONE ][23:15:24] spawnCells99999999999999
[NONE ][23:15:26] spawnCells99999999999999
[NONE ][23:15:28] spawnCells99999999999999
[NONE ][23:15:30] spawnCells99999999999999
[ERROR][23:15:31] [127.0.0.1:60485] Error: read ECONNRESET
    at TCP.onStreamRead (internal/stream_base_commons.js:111:27)
[NONE ][23:15:31] DISCONNECTED 127.0.0.1:60485, code: 1001, reason: "", name: ""
[NONE ][23:15:32] spawnCells99999999999999
[NONE ][23:15:34] spawnCells99999999999999
[NONE ][23:15:36] spawnCells99999999999999
[NONE ][23:15:38] spawnCells99999999999999
[NONE ][23:15:40] spawnCells99999999999999
[NONE ][23:15:42] spawnCells99999999999999
[NONE ][23:15:44] spawnCells99999999999999
[NONE ][23:15:46] spawnCells99999999999999
[NONE ][23:15:48] spawnCells99999999999999
[NONE ][23:15:50] spawnCells99999999999999
[NONE ][23:15:52] spawnCells99999999999999
[NONE ][23:15:54] spawnCells99999999999999
[NONE ][23:15:56] spawnCells99999999999999
[NONE ][23:15:58] spawnCells99999999999999
[NONE ][23:16:00] spawnCells99999999999999
[NONE ][23:16:02] spawnCells99999999999999
[NONE ][23:16:04] spawnCells99999999999999
[NONE ][23:16:06] spawnCells99999999999999
[NONE ][23:16:08] spawnCells99999999999999
[NONE ][23:16:10] spawnCells99999999999999
[NONE ][23:16:12] spawnCells99999999999999
[NONE ][23:16:14] spawnCells99999999999999
[NONE ][23:16:16] spawnCells99999999999999
[NONE ][23:16:18] spawnCells99999999999999
[NONE ][23:16:20] spawnCells99999999999999
[NONE ][23:16:22] spawnCells99999999999999
[NONE ][23:16:24] spawnCells99999999999999
[NONE ][23:16:26] spawnCells99999999999999
[NONE ][23:16:28] spawnCells99999999999999
[NONE ][23:16:30] spawnCells99999999999999
[NONE ][23:16:32] spawnCells99999999999999
[NONE ][23:16:34] spawnCells99999999999999
[NONE ][23:16:36] spawnCells99999999999999
[NONE ][23:16:38] spawnCells99999999999999
[NONE ][23:16:40] spawnCells99999999999999
[NONE ][23:16:42] spawnCells99999999999999
[NONE ][23:16:44] spawnCells99999999999999
[NONE ][23:16:46] spawnCells99999999999999
[NONE ][23:16:48] spawnCells99999999999999
[NONE ][23:16:50] spawnCells99999999999999
[NONE ][23:16:52] spawnCells99999999999999
[NONE ][23:16:54] spawnCells99999999999999
[NONE ][23:16:56] spawnCells99999999999999
[NONE ][23:16:58] spawnCells99999999999999
[NONE ][23:17:00] spawnCells99999999999999
[NONE ][23:17:02] spawnCells99999999999999
[NONE ][23:17:04] spawnCells99999999999999
[NONE ][23:17:06] spawnCells99999999999999
[NONE ][23:17:08] spawnCells99999999999999
[NONE ][23:17:10] spawnCells99999999999999
[ERROR][23:17:12] [127.0.0.1:60468] Error: read ECONNRESET
    at TCP.onStreamRead (internal/stream_base_commons.js:111:27)
[NONE ][23:17:12] DISCONNECTED 127.0.0.1:60468, code: 1001, reason: "", name: "111111"
[NONE ][23:17:12] spawnCells99999999999999
[NONE ][23:17:13] 111111111111onClientSocketOpen
[NONE ][23:17:13] 333333333333onClientSocketOpen
[NONE ][23:17:13] 222222222222onClientSocketOpen
[NONE ][23:17:13] CONNECTED 127.0.0.1:54566, origin: "http://localhost"
[NONE ][23:17:14] spawnCells99999999999999
[NONE ][23:17:15] DISCONNECTED 127.0.0.1:54566, code: 1001, reason: "", name: ""
[NONE ][23:17:16] 111111111111onClientSocketOpen
[NONE ][23:17:16] 333333333333onClientSocketOpen
[NONE ][23:17:16] 222222222222onClientSocketOpen
[NONE ][23:17:16] CONNECTED 127.0.0.1:54569, origin: "http://localhost"
[NONE ][23:17:16] spawnCells99999999999999
[NONE ][23:17:18] spawnCells99999999999999
[NONE ][23:17:20] spawnCells99999999999999
[NONE ][23:17:22] spawnCells99999999999999
[NONE ][23:17:24] spawnCells99999999999999
[NONE ][23:17:26] spawnCells99999999999999
[NONE ][23:17:28] spawnCells99999999999999
[NONE ][23:17:30] spawnCells99999999999999
[NONE ][23:17:32] spawnCells99999999999999
[NONE ][23:17:34] spawnCells99999999999999
[NONE ][23:17:36] spawnCells99999999999999
[NONE ][23:17:38] spawnCells99999999999999
[NONE ][23:17:40] spawnCells99999999999999
[ERROR][23:17:41] [127.0.0.1:54569] Error: read ECONNRESET
    at TCP.onStreamRead (internal/stream_base_commons.js:111:27)
[NONE ][23:17:41] DISCONNECTED 127.0.0.1:54569, code: 1001, reason: "", name: "111111"
[NONE ][23:17:41] 111111111111onClientSocketOpen
[NONE ][23:17:41] 333333333333onClientSocketOpen
[NONE ][23:17:41] 222222222222onClientSocketOpen
[NONE ][23:17:41] CONNECTED 127.0.0.1:54581, origin: "http://localhost"
[NONE ][23:17:42] spawnCells99999999999999
[NONE ][23:17:44] spawnCells99999999999999
[NONE ][23:17:46] spawnCells99999999999999
[NONE ][23:17:48] spawnCells99999999999999
[NONE ][23:17:50] spawnCells99999999999999
[NONE ][23:17:52] spawnCells99999999999999
[NONE ][23:17:54] spawnCells99999999999999
[NONE ][23:17:56] spawnCells99999999999999
[ERROR][23:17:57] [127.0.0.1:54581] Error: read ECONNRESET
    at TCP.onStreamRead (internal/stream_base_commons.js:111:27)
[NONE ][23:17:57] DISCONNECTED 127.0.0.1:54581, code: 1001, reason: "", name: "222"
[NONE ][23:17:58] 111111111111onClientSocketOpen
[NONE ][23:17:58] 333333333333onClientSocketOpen
[NONE ][23:17:58] 222222222222onClientSocketOpen
[NONE ][23:17:58] CONNECTED 127.0.0.1:54590, origin: "http://localhost"
[NONE ][23:17:58] spawnCells99999999999999
[NONE ][23:18:00] spawnCells99999999999999
[NONE ][23:18:02] spawnCells99999999999999
[NONE ][23:18:04] spawnCells99999999999999
[NONE ][23:18:06] spawnCells99999999999999
[NONE ][23:18:08] spawnCells99999999999999
[NONE ][23:18:10] spawnCells99999999999999
[NONE ][23:18:12] spawnCells99999999999999
[NONE ][23:18:14] spawnCells99999999999999
[NONE ][23:18:16] spawnCells99999999999999
[NONE ][23:18:18] spawnCells99999999999999
[NONE ][23:18:20] spawnCells99999999999999
[NONE ][23:18:22] spawnCells99999999999999
[NONE ][23:18:24] spawnCells99999999999999
[NONE ][23:18:26] spawnCells99999999999999
[NONE ][23:18:28] spawnCells99999999999999
[NONE ][23:18:30] spawnCells99999999999999
[NONE ][23:18:32] spawnCells99999999999999
[NONE ][23:18:34] spawnCells99999999999999
[NONE ][23:18:36] spawnCells99999999999999
[NONE ][23:18:38] spawnCells99999999999999
[NONE ][23:18:40] spawnCells99999999999999
[NONE ][23:18:42] spawnCells99999999999999
[NONE ][23:18:44] spawnCells99999999999999
[NONE ][23:18:46] spawnCells99999999999999
[ERROR][23:18:46] [127.0.0.1:54590] Error: read ECONNRESET
    at TCP.onStreamRead (internal/stream_base_commons.js:111:27)
[NONE ][23:18:46] DISCONNECTED 127.0.0.1:54590, code: 1001, reason: "", name: "33333"
[NONE ][23:18:48] spawnCells99999999999999
[NONE ][23:18:50] spawnCells99999999999999
[NONE ][23:18:52] spawnCells99999999999999
[NONE ][23:18:54] spawnCells99999999999999
[NONE ][23:18:56] spawnCells99999999999999
[NONE ][23:18:58] spawnCells99999999999999
