=== Started 2019-09-21T20-14-58-905 ===
[INFO ][20:14:58] 418 bad words loaded
[WARN ][20:14:58] User account "Local Administrator" disabled
[WARN ][20:14:58] User account "Local Moderator" disabled
[WARN ][20:14:58] User account "Local User" disabled
[INFO ][20:14:58] 0 user records loaded.
[INFO ][20:14:58] 0 IP ban records loaded.
[INFO ][20:14:58] [1m[32mMultiOgar-Edited 1.6.1[37m - An open source multi-protocol ogar server[0m
[NONE ][20:14:58] 111111111111start
[NONE ][20:14:58] 0
[INFO ][20:14:58] WebSocket: ws
[INFO ][20:14:59] Started stats server on port 14
[NONE ][20:14:59] 111111111111http open
[NONE ][20:14:59] Listening on port 10014
[INFO ][20:14:59] Current game mode is Free For All
[NONE ][20:14:59] spawnCells99999999999999
[NONE ][20:14:59]   __  __       _ _   _  ___                        _____    _ _ _           _    _   __    _ 
 |  \/  |_   _| | |_(_)/ _ \  __ _  __ _ _ __     | ____|__| (_) |_ ___  __| |  / | / /_  / |
 | |\/| | | | | | __| | | | |/ _` |/ _` | '__|____|  _| / _` | | __/ _ \/ _` |  | || '_ \ | |
 | |  | | |_| | | |_| | |_| | (_| | (_| | | |_____| |__| (_| | | ||  __/ (_| |  | || (_) || |
 |_|  |_|\__,_|_|\__|_|\___/ \__, |\__,_|_|       |_____\__,_|_|\__\___|\__,_|  |_(_)___(_)_|
                             |___/                                                           
[NONE ][20:14:59] 111111111111onClientSocketOpen
[NONE ][20:14:59] 333333333333onClientSocketOpen
[NONE ][20:14:59] 222222222222onClientSocketOpen
[NONE ][20:14:59] CONNECTED 127.0.0.1:56299, origin: "http://localhost"
[NONE ][20:14:59] 111111111111onClientSocketOpen
[NONE ][20:14:59] 333333333333onClientSocketOpen
[NONE ][20:14:59] 222222222222onClientSocketOpen
[NONE ][20:14:59] CONNECTED 127.0.0.1:56301, origin: "http://localhost"
[NONE ][20:15:01] spawnCells99999999999999
[NONE ][20:15:03] spawnCells99999999999999
[NONE ][20:15:03] DISCONNECTED 127.0.0.1:56299, code: 1001, reason: "", name: ""
[NONE ][20:15:03] 111111111111onClientSocketOpen
[NONE ][20:15:03] 333333333333onClientSocketOpen
[NONE ][20:15:03] 222222222222onClientSocketOpen
[NONE ][20:15:03] CONNECTED 127.0.0.1:56311, origin: "http://localhost"
[NONE ][20:15:05] spawnCells99999999999999
[NONE ][20:15:07] spawnCells99999999999999
[ERROR][20:15:08] [127.0.0.1:56311] Error: read ECONNRESET
    at TCP.onStreamRead (internal/stream_base_commons.js:111:27)
[NONE ][20:15:08] DISCONNECTED 127.0.0.1:56311, code: 1001, reason: "", name: "111111"
[NONE ][20:15:09] 111111111111onClientSocketOpen
[NONE ][20:15:09] 333333333333onClientSocketOpen
[NONE ][20:15:09] 222222222222onClientSocketOpen
[NONE ][20:15:09] CONNECTED 127.0.0.1:56317, origin: "http://localhost"
[NONE ][20:15:09] spawnCells99999999999999
[NONE ][20:15:11] spawnCells99999999999999
[NONE ][20:15:13] spawnCells99999999999999
[ERROR][20:15:13] [127.0.0.1:56317] Error: read ECONNRESET
    at TCP.onStreamRead (internal/stream_base_commons.js:111:27)
[NONE ][20:15:13] DISCONNECTED 127.0.0.1:56317, code: 1001, reason: "", name: "111111"
[NONE ][20:15:13] 111111111111onClientSocketOpen
[NONE ][20:15:13] 333333333333onClientSocketOpen
[NONE ][20:15:13] 222222222222onClientSocketOpen
[NONE ][20:15:13] CONNECTED 127.0.0.1:56322, origin: "http://localhost"
[NONE ][20:15:15] spawnCells99999999999999
[NONE ][20:15:17] spawnCells99999999999999
[NONE ][20:15:19] spawnCells99999999999999
[ERROR][20:15:19] [127.0.0.1:56322] Error: read ECONNRESET
    at TCP.onStreamRead (internal/stream_base_commons.js:111:27)
[NONE ][20:15:19] DISCONNECTED 127.0.0.1:56322, code: 1001, reason: "", name: "111111"
[NONE ][20:15:21] spawnCells99999999999999
[NONE ][20:15:22] 111111111111onClientSocketOpen
[NONE ][20:15:22] 333333333333onClientSocketOpen
[NONE ][20:15:22] 222222222222onClientSocketOpen
[NONE ][20:15:22] CONNECTED 127.0.0.1:56335, origin: "http://localhost"
[NONE ][20:15:23] spawnCells99999999999999
[NONE ][20:15:25] spawnCells99999999999999
[NONE ][20:15:27] spawnCells99999999999999
[NONE ][20:15:29] spawnCells99999999999999
[NONE ][20:15:31] spawnCells99999999999999
[NONE ][20:15:33] spawnCells99999999999999
[NONE ][20:15:35] spawnCells99999999999999
[NONE ][20:15:37] spawnCells99999999999999
[NONE ][20:15:39] spawnCells99999999999999
[NONE ][20:15:41] spawnCells99999999999999
[NONE ][20:15:43] spawnCells99999999999999
[ERROR][20:15:44] [127.0.0.1:56335] Error: read ECONNRESET
    at TCP.onStreamRead (internal/stream_base_commons.js:111:27)
[NONE ][20:15:44] DISCONNECTED 127.0.0.1:56335, code: 1001, reason: "", name: "111111"
[NONE ][20:15:44] 111111111111onClientSocketOpen
[NONE ][20:15:44] 333333333333onClientSocketOpen
[NONE ][20:15:44] 222222222222onClientSocketOpen
[NONE ][20:15:44] CONNECTED 127.0.0.1:56345, origin: "http://localhost"
[NONE ][20:15:45] spawnCells99999999999999
[NONE ][20:15:47] spawnCells99999999999999
[NONE ][20:15:49] spawnCells99999999999999
[NONE ][20:15:51] spawnCells99999999999999
[NONE ][20:15:53] spawnCells99999999999999
[NONE ][20:15:55] spawnCells99999999999999
[NONE ][20:15:57] spawnCells99999999999999
[NONE ][20:15:59] spawnCells99999999999999
[NONE ][20:16:01] spawnCells99999999999999
[NONE ][20:16:03] spawnCells99999999999999
[NONE ][20:16:05] spawnCells99999999999999
[NONE ][20:16:07] spawnCells99999999999999
[NONE ][20:16:09] spawnCells99999999999999
[NONE ][20:16:11] spawnCells99999999999999
[NONE ][20:16:13] spawnCells99999999999999
[NONE ][20:16:15] spawnCells99999999999999
[NONE ][20:16:17] spawnCells99999999999999
[NONE ][20:16:19] spawnCells99999999999999
[NONE ][20:16:21] spawnCells99999999999999
[NONE ][20:16:23] spawnCells99999999999999
[NONE ][20:16:25] spawnCells99999999999999
[NONE ][20:16:27] spawnCells99999999999999
[NONE ][20:16:29] spawnCells99999999999999
[NONE ][20:16:31] spawnCells99999999999999
[NONE ][20:16:33] spawnCells99999999999999
[NONE ][20:16:35] spawnCells99999999999999
[NONE ][20:16:37] spawnCells99999999999999
[NONE ][20:16:39] spawnCells99999999999999
[NONE ][20:16:41] spawnCells99999999999999
[NONE ][20:16:43] spawnCells99999999999999
[NONE ][20:16:45] spawnCells99999999999999
[NONE ][20:16:47] spawnCells99999999999999
[NONE ][20:16:49] spawnCells99999999999999
[NONE ][20:16:51] spawnCells99999999999999
[NONE ][20:16:53] spawnCells99999999999999
[NONE ][20:16:55] spawnCells99999999999999
[NONE ][20:16:57] spawnCells99999999999999
[NONE ][20:16:59] spawnCells99999999999999
[NONE ][20:17:01] spawnCells99999999999999
[NONE ][20:17:03] spawnCells99999999999999
[NONE ][20:17:05] spawnCells99999999999999
[NONE ][20:17:07] spawnCells99999999999999
[NONE ][20:17:09] spawnCells99999999999999
[NONE ][20:17:11] spawnCells99999999999999
[NONE ][20:17:13] spawnCells99999999999999
[NONE ][20:17:15] spawnCells99999999999999
[NONE ][20:17:17] spawnCells99999999999999
[NONE ][20:17:19] spawnCells99999999999999
[NONE ][20:17:21] spawnCells99999999999999
[NONE ][20:17:23] spawnCells99999999999999
[NONE ][20:17:25] spawnCells99999999999999
[NONE ][20:17:27] spawnCells99999999999999
[NONE ][20:17:29] spawnCells99999999999999
[NONE ][20:17:31] spawnCells99999999999999
[NONE ][20:17:33] spawnCells99999999999999
[NONE ][20:17:35] spawnCells99999999999999
[NONE ][20:17:37] spawnCells99999999999999
[NONE ][20:17:39] spawnCells99999999999999
[NONE ][20:17:41] spawnCells99999999999999
[NONE ][20:17:43] spawnCells99999999999999
[NONE ][20:17:45] spawnCells99999999999999
[NONE ][20:17:47] spawnCells99999999999999
[NONE ][20:17:49] spawnCells99999999999999
[NONE ][20:17:51] spawnCells99999999999999
[NONE ][20:17:53] spawnCells99999999999999
[NONE ][20:17:55] spawnCells99999999999999
[NONE ][20:17:57] spawnCells99999999999999
[NONE ][20:17:59] spawnCells99999999999999
[NONE ][20:18:01] spawnCells99999999999999
[NONE ][20:18:03] spawnCells99999999999999
[NONE ][20:18:05] spawnCells99999999999999
[NONE ][20:18:07] spawnCells99999999999999
[NONE ][20:18:09] spawnCells99999999999999
[NONE ][20:18:11] spawnCells99999999999999
[NONE ][20:18:13] spawnCells99999999999999
[NONE ][20:18:15] spawnCells99999999999999
[NONE ][20:18:17] spawnCells99999999999999
[NONE ][20:18:19] spawnCells99999999999999
[NONE ][20:18:21] spawnCells99999999999999
[NONE ][20:18:23] spawnCells99999999999999
[NONE ][20:18:25] spawnCells99999999999999
[NONE ][20:18:27] spawnCells99999999999999
[NONE ][20:18:29] spawnCells99999999999999
[NONE ][20:18:31] spawnCells99999999999999
[NONE ][20:18:33] spawnCells99999999999999
[NONE ][20:18:35] spawnCells99999999999999
[NONE ][20:18:37] spawnCells99999999999999
[NONE ][20:18:39] spawnCells99999999999999
[NONE ][20:18:41] spawnCells99999999999999
[NONE ][20:18:43] spawnCells99999999999999
[NONE ][20:18:45] spawnCells99999999999999
[NONE ][20:18:47] spawnCells99999999999999
[NONE ][20:18:49] spawnCells99999999999999
[NONE ][20:18:51] spawnCells99999999999999
[NONE ][20:18:53] spawnCells99999999999999
[NONE ][20:18:55] spawnCells99999999999999
[NONE ][20:18:57] spawnCells99999999999999
[NONE ][20:18:59] spawnCells99999999999999
[NONE ][20:19:01] spawnCells99999999999999
[NONE ][20:19:03] spawnCells99999999999999
[NONE ][20:19:05] spawnCells99999999999999
[NONE ][20:19:07] spawnCells99999999999999
[NONE ][20:19:09] spawnCells99999999999999
[NONE ][20:19:11] spawnCells99999999999999
[NONE ][20:19:13] spawnCells99999999999999
[NONE ][20:19:15] spawnCells99999999999999
[NONE ][20:19:17] spawnCells99999999999999
[NONE ][20:19:19] spawnCells99999999999999
[NONE ][20:19:21] spawnCells99999999999999
[NONE ][20:19:23] spawnCells99999999999999
[NONE ][20:19:25] spawnCells99999999999999
[NONE ][20:19:27] spawnCells99999999999999
[NONE ][20:19:29] spawnCells99999999999999
[NONE ][20:19:31] spawnCells99999999999999
[NONE ][20:19:33] spawnCells99999999999999
[NONE ][20:19:35] spawnCells99999999999999
[NONE ][20:19:37] spawnCells99999999999999
[NONE ][20:19:39] spawnCells99999999999999
[NONE ][20:19:41] spawnCells99999999999999
[NONE ][20:19:43] spawnCells99999999999999
[NONE ][20:19:45] spawnCells99999999999999
[NONE ][20:19:47] spawnCells99999999999999
[NONE ][20:19:49] spawnCells99999999999999
[NONE ][20:19:51] spawnCells99999999999999
[NONE ][20:19:53] spawnCells99999999999999
[NONE ][20:19:55] spawnCells99999999999999
[NONE ][20:19:57] spawnCells99999999999999
[NONE ][20:19:59] spawnCells99999999999999
[NONE ][20:20:01] spawnCells99999999999999
[NONE ][20:20:03] spawnCells99999999999999
[NONE ][20:20:05] spawnCells99999999999999
[NONE ][20:20:07] spawnCells99999999999999
[NONE ][20:20:09] spawnCells99999999999999
[NONE ][20:20:11] spawnCells99999999999999
[NONE ][20:20:13] spawnCells99999999999999
[NONE ][20:20:15] spawnCells99999999999999
[NONE ][20:20:17] spawnCells99999999999999
[NONE ][20:20:19] spawnCells99999999999999
[NONE ][20:20:21] spawnCells99999999999999
[NONE ][20:20:23] spawnCells99999999999999
[NONE ][20:20:25] spawnCells99999999999999
[NONE ][20:20:27] spawnCells99999999999999
[NONE ][20:20:29] spawnCells99999999999999
[NONE ][20:20:31] spawnCells99999999999999
[NONE ][20:20:33] spawnCells99999999999999
[NONE ][20:20:35] spawnCells99999999999999
[NONE ][20:20:37] spawnCells99999999999999
[NONE ][20:20:39] spawnCells99999999999999
[NONE ][20:20:41] spawnCells99999999999999
[NONE ][20:20:43] spawnCells99999999999999
[NONE ][20:20:45] spawnCells99999999999999
[NONE ][20:20:47] spawnCells99999999999999
[NONE ][20:20:49] spawnCells99999999999999
[NONE ][20:20:51] spawnCells99999999999999
[NONE ][20:20:53] spawnCells99999999999999
[NONE ][20:20:55] spawnCells99999999999999
[NONE ][20:20:57] spawnCells99999999999999
[NONE ][20:20:59] spawnCells99999999999999
[NONE ][20:21:01] spawnCells99999999999999
[NONE ][20:21:03] spawnCells99999999999999
[NONE ][20:21:05] spawnCells99999999999999
[NONE ][20:21:07] spawnCells99999999999999
[NONE ][20:21:09] spawnCells99999999999999
[NONE ][20:21:11] spawnCells99999999999999
[NONE ][20:21:13] spawnCells99999999999999
[NONE ][20:21:15] spawnCells99999999999999
[NONE ][20:21:17] spawnCells99999999999999
[NONE ][20:21:19] spawnCells99999999999999
[NONE ][20:21:21] spawnCells99999999999999
[NONE ][20:21:23] spawnCells99999999999999
[NONE ][20:21:25] spawnCells99999999999999
[NONE ][20:21:27] spawnCells99999999999999
[NONE ][20:21:29] spawnCells99999999999999
[NONE ][20:21:31] spawnCells99999999999999
[NONE ][20:21:33] spawnCells99999999999999
[NONE ][20:21:35] spawnCells99999999999999
[NONE ][20:21:37] spawnCells99999999999999
[NONE ][20:21:39] spawnCells99999999999999
[NONE ][20:21:41] spawnCells99999999999999
[NONE ][20:21:43] spawnCells99999999999999
[NONE ][20:21:45] spawnCells99999999999999
[NONE ][20:21:47] spawnCells99999999999999
[NONE ][20:21:49] spawnCells99999999999999
[NONE ][20:21:51] spawnCells99999999999999
[NONE ][20:21:53] spawnCells99999999999999
[NONE ][20:21:55] spawnCells99999999999999
[NONE ][20:21:57] spawnCells99999999999999
[NONE ][20:21:59] spawnCells99999999999999
[NONE ][20:22:01] spawnCells99999999999999
[NONE ][20:22:03] spawnCells99999999999999
[NONE ][20:22:05] spawnCells99999999999999
[NONE ][20:22:07] spawnCells99999999999999
[NONE ][20:22:09] spawnCells99999999999999
[NONE ][20:22:11] spawnCells99999999999999
[NONE ][20:22:13] spawnCells99999999999999
[NONE ][20:22:15] spawnCells99999999999999
[NONE ][20:22:17] spawnCells99999999999999
[NONE ][20:22:19] spawnCells99999999999999
[NONE ][20:22:21] spawnCells99999999999999
[NONE ][20:22:23] spawnCells99999999999999
[NONE ][20:22:25] spawnCells99999999999999
[NONE ][20:22:27] spawnCells99999999999999
[NONE ][20:22:29] spawnCells99999999999999
[NONE ][20:22:31] spawnCells99999999999999
[NONE ][20:22:33] spawnCells99999999999999
[NONE ][20:22:35] spawnCells99999999999999
[NONE ][20:22:37] spawnCells99999999999999
[NONE ][20:22:39] spawnCells99999999999999
[NONE ][20:22:41] spawnCells99999999999999
[NONE ][20:22:43] spawnCells99999999999999
[NONE ][20:22:45] spawnCells99999999999999
[NONE ][20:22:47] spawnCells99999999999999
[NONE ][20:22:49] spawnCells99999999999999
[NONE ][20:22:51] spawnCells99999999999999
[NONE ][20:22:53] spawnCells99999999999999
[NONE ][20:22:55] spawnCells99999999999999
[NONE ][20:22:57] spawnCells99999999999999
[NONE ][20:22:59] spawnCells99999999999999
[NONE ][20:23:01] spawnCells99999999999999
[NONE ][20:23:03] spawnCells99999999999999
[NONE ][20:23:05] spawnCells99999999999999
[NONE ][20:23:07] spawnCells99999999999999
[NONE ][20:23:09] spawnCells99999999999999
[NONE ][20:23:11] spawnCells99999999999999
[NONE ][20:23:13] spawnCells99999999999999
[NONE ][20:23:15] spawnCells99999999999999
[NONE ][20:23:17] spawnCells99999999999999
[NONE ][20:23:19] spawnCells99999999999999
[NONE ][20:23:21] spawnCells99999999999999
[NONE ][20:23:23] spawnCells99999999999999
[NONE ][20:23:25] spawnCells99999999999999
[NONE ][20:23:27] spawnCells99999999999999
[NONE ][20:23:29] spawnCells99999999999999
[NONE ][20:23:31] spawnCells99999999999999
[NONE ][20:23:33] spawnCells99999999999999
[NONE ][20:23:35] spawnCells99999999999999
[NONE ][20:23:37] spawnCells99999999999999
[NONE ][20:23:39] spawnCells99999999999999
[NONE ][20:23:41] spawnCells99999999999999
[NONE ][20:23:43] spawnCells99999999999999
[NONE ][20:23:45] spawnCells99999999999999
[NONE ][20:23:47] spawnCells99999999999999
[NONE ][20:23:49] spawnCells99999999999999
[NONE ][20:23:51] spawnCells99999999999999
[NONE ][20:23:53] spawnCells99999999999999
[NONE ][20:23:55] spawnCells99999999999999
[NONE ][20:23:57] spawnCells99999999999999
[NONE ][20:23:59] spawnCells99999999999999
[NONE ][20:24:01] spawnCells99999999999999
[NONE ][20:24:03] spawnCells99999999999999
[NONE ][20:24:05] spawnCells99999999999999
[NONE ][20:24:07] spawnCells99999999999999
[NONE ][20:24:09] spawnCells99999999999999
[NONE ][20:24:11] spawnCells99999999999999
[NONE ][20:24:13] spawnCells99999999999999
[NONE ][20:24:15] spawnCells99999999999999
[NONE ][20:24:17] spawnCells99999999999999
[NONE ][20:24:19] spawnCells99999999999999
[NONE ][20:24:21] spawnCells99999999999999
[NONE ][20:24:23] spawnCells99999999999999
[NONE ][20:24:25] spawnCells99999999999999
[NONE ][20:24:27] spawnCells99999999999999
[NONE ][20:24:29] spawnCells99999999999999
[NONE ][20:24:31] spawnCells99999999999999
[NONE ][20:24:33] spawnCells99999999999999
[NONE ][20:24:35] spawnCells99999999999999
[NONE ][20:24:37] spawnCells99999999999999
[NONE ][20:24:39] spawnCells99999999999999
[NONE ][20:24:41] spawnCells99999999999999
[NONE ][20:24:43] spawnCells99999999999999
[NONE ][20:24:45] spawnCells99999999999999
[NONE ][20:24:47] spawnCells99999999999999
[NONE ][20:24:49] spawnCells99999999999999
[NONE ][20:24:51] spawnCells99999999999999
[NONE ][20:24:53] spawnCells99999999999999
[NONE ][20:24:55] spawnCells99999999999999
[NONE ][20:24:57] spawnCells99999999999999
[NONE ][20:24:59] spawnCells99999999999999
[NONE ][20:25:01] spawnCells99999999999999
[NONE ][20:25:03] spawnCells99999999999999
[NONE ][20:25:05] spawnCells99999999999999
[NONE ][20:25:07] spawnCells99999999999999
[NONE ][20:25:09] spawnCells99999999999999
[NONE ][20:25:11] spawnCells99999999999999
[NONE ][20:25:13] spawnCells99999999999999
[NONE ][20:25:15] spawnCells99999999999999
[NONE ][20:25:17] spawnCells99999999999999
[NONE ][20:25:19] spawnCells99999999999999
[NONE ][20:25:21] spawnCells99999999999999
[NONE ][20:25:23] spawnCells99999999999999
[NONE ][20:25:25] spawnCells99999999999999
[NONE ][20:25:27] spawnCells99999999999999
[NONE ][20:25:29] spawnCells99999999999999
[NONE ][20:25:31] spawnCells99999999999999
[NONE ][20:25:33] spawnCells99999999999999
[NONE ][20:25:35] spawnCells99999999999999
[NONE ][20:25:37] spawnCells99999999999999
[NONE ][20:25:39] spawnCells99999999999999
[NONE ][20:25:41] spawnCells99999999999999
[NONE ][20:25:43] spawnCells99999999999999
[NONE ][20:25:45] spawnCells99999999999999
[NONE ][20:25:47] spawnCells99999999999999
[NONE ][20:25:49] spawnCells99999999999999
[NONE ][20:25:51] spawnCells99999999999999
[NONE ][20:25:53] spawnCells99999999999999
[NONE ][20:25:55] spawnCells99999999999999
[NONE ][20:25:57] spawnCells99999999999999
[NONE ][20:25:59] spawnCells99999999999999
[NONE ][20:26:01] spawnCells99999999999999
[NONE ][20:26:03] spawnCells99999999999999
[NONE ][20:26:05] spawnCells99999999999999
[NONE ][20:26:07] spawnCells99999999999999
[NONE ][20:26:09] spawnCells99999999999999
[NONE ][20:26:11] spawnCells99999999999999
[NONE ][20:26:13] spawnCells99999999999999
[NONE ][20:26:15] spawnCells99999999999999
[NONE ][20:26:17] spawnCells99999999999999
[NONE ][20:26:19] spawnCells99999999999999
[NONE ][20:26:21] spawnCells99999999999999
[NONE ][20:26:23] spawnCells99999999999999
[NONE ][20:26:25] spawnCells99999999999999
[NONE ][20:26:27] spawnCells99999999999999
[NONE ][20:26:29] spawnCells99999999999999
[NONE ][20:26:31] spawnCells99999999999999
[NONE ][20:26:33] spawnCells99999999999999
[NONE ][20:26:35] spawnCells99999999999999
[NONE ][20:26:37] spawnCells99999999999999
[NONE ][20:26:39] spawnCells99999999999999
[NONE ][20:26:41] spawnCells99999999999999
[NONE ][20:26:43] spawnCells99999999999999
[NONE ][20:26:45] spawnCells99999999999999
[NONE ][20:26:47] spawnCells99999999999999
[NONE ][20:26:49] spawnCells99999999999999
[NONE ][20:26:51] spawnCells99999999999999
[NONE ][20:26:53] spawnCells99999999999999
[NONE ][20:26:55] spawnCells99999999999999
[NONE ][20:26:57] spawnCells99999999999999
[NONE ][20:26:59] spawnCells99999999999999
[NONE ][20:27:01] spawnCells99999999999999
[NONE ][20:27:03] spawnCells99999999999999
[NONE ][20:27:05] spawnCells99999999999999
[NONE ][20:27:07] spawnCells99999999999999
[NONE ][20:27:09] spawnCells99999999999999
[NONE ][20:27:11] spawnCells99999999999999
[NONE ][20:27:13] spawnCells99999999999999
[NONE ][20:27:15] spawnCells99999999999999
[NONE ][20:27:17] spawnCells99999999999999
[NONE ][20:27:19] spawnCells99999999999999
[NONE ][20:27:21] spawnCells99999999999999
[NONE ][20:27:23] spawnCells99999999999999
[NONE ][20:27:25] spawnCells99999999999999
[NONE ][20:27:27] spawnCells99999999999999
[NONE ][20:27:29] spawnCells99999999999999
[NONE ][20:27:31] spawnCells99999999999999
[NONE ][20:27:33] spawnCells99999999999999
[NONE ][20:27:35] spawnCells99999999999999
[NONE ][20:27:37] spawnCells99999999999999
[NONE ][20:27:39] spawnCells99999999999999
[NONE ][20:27:41] spawnCells99999999999999
[NONE ][20:27:43] spawnCells99999999999999
[NONE ][20:27:45] spawnCells99999999999999
[NONE ][20:27:47] spawnCells99999999999999
[NONE ][20:27:49] spawnCells99999999999999
[NONE ][20:27:51] spawnCells99999999999999
[NONE ][20:27:53] spawnCells99999999999999
[NONE ][20:27:55] spawnCells99999999999999
[NONE ][20:27:57] spawnCells99999999999999
[NONE ][20:27:59] spawnCells99999999999999
[NONE ][20:28:01] spawnCells99999999999999
[NONE ][20:28:03] spawnCells99999999999999
[NONE ][20:28:05] spawnCells99999999999999
[NONE ][20:28:07] spawnCells99999999999999
[NONE ][20:28:09] spawnCells99999999999999
[NONE ][20:28:11] spawnCells99999999999999
[NONE ][20:28:13] spawnCells99999999999999
[NONE ][20:28:15] spawnCells99999999999999
[NONE ][20:28:17] spawnCells99999999999999
[NONE ][20:28:19] spawnCells99999999999999
[NONE ][20:28:21] spawnCells99999999999999
[NONE ][20:28:23] spawnCells99999999999999
[NONE ][20:28:25] spawnCells99999999999999
[NONE ][20:28:27] spawnCells99999999999999
[NONE ][20:28:29] spawnCells99999999999999
[NONE ][20:28:31] spawnCells99999999999999
[NONE ][20:28:33] spawnCells99999999999999
[NONE ][20:28:35] spawnCells99999999999999
[NONE ][20:28:37] spawnCells99999999999999
[NONE ][20:28:39] spawnCells99999999999999
[NONE ][20:28:41] spawnCells99999999999999
[NONE ][20:28:43] spawnCells99999999999999
[NONE ][20:28:45] spawnCells99999999999999
[NONE ][20:28:47] spawnCells99999999999999
[NONE ][20:28:49] spawnCells99999999999999
[NONE ][20:28:51] spawnCells99999999999999
[NONE ][20:28:53] spawnCells99999999999999
[NONE ][20:28:55] spawnCells99999999999999
[NONE ][20:28:57] spawnCells99999999999999
[NONE ][20:28:59] spawnCells99999999999999
[NONE ][20:29:01] spawnCells99999999999999
[NONE ][20:29:03] spawnCells99999999999999
[NONE ][20:29:05] spawnCells99999999999999
[NONE ][20:29:07] spawnCells99999999999999
[NONE ][20:29:09] spawnCells99999999999999
[NONE ][20:29:11] spawnCells99999999999999
[NONE ][20:29:13] spawnCells99999999999999
[NONE ][20:29:15] spawnCells99999999999999
[NONE ][20:29:17] spawnCells99999999999999
[NONE ][20:29:19] spawnCells99999999999999
[NONE ][20:29:21] spawnCells99999999999999
[NONE ][20:29:23] spawnCells99999999999999
[NONE ][20:29:25] spawnCells99999999999999
[NONE ][20:29:27] spawnCells99999999999999
[NONE ][20:29:29] spawnCells99999999999999
[NONE ][20:29:31] spawnCells99999999999999
[NONE ][20:29:33] spawnCells99999999999999
[NONE ][20:29:35] spawnCells99999999999999
[NONE ][20:29:37] spawnCells99999999999999
[NONE ][20:29:39] spawnCells99999999999999
[ERROR][20:29:39] [127.0.0.1:56345] Error: read ECONNRESET
    at TCP.onStreamRead (internal/stream_base_commons.js:111:27)
[NONE ][20:29:39] DISCONNECTED 127.0.0.1:56345, code: 1001, reason: "", name: "111111"
[NONE ][20:29:40] 111111111111onClientSocketOpen
[NONE ][20:29:40] 333333333333onClientSocketOpen
[NONE ][20:29:40] 222222222222onClientSocketOpen
[NONE ][20:29:40] CONNECTED 127.0.0.1:56976, origin: "http://localhost"
[NONE ][20:29:41] spawnCells99999999999999
[NONE ][20:29:43] spawnCells99999999999999
[NONE ][20:29:45] spawnCells99999999999999
[NONE ][20:29:47] spawnCells99999999999999
[NONE ][20:29:49] spawnCells99999999999999
[NONE ][20:29:51] spawnCells99999999999999
[NONE ][20:29:53] spawnCells99999999999999
[NONE ][20:29:55] spawnCells99999999999999
[NONE ][20:29:57] spawnCells99999999999999
[NONE ][20:29:59] spawnCells99999999999999
[NONE ][20:30:01] spawnCells99999999999999
[NONE ][20:30:03] spawnCells99999999999999
[NONE ][20:30:05] spawnCells99999999999999
[NONE ][20:30:07] spawnCells99999999999999
[NONE ][20:30:09] spawnCells99999999999999
[NONE ][20:30:11] spawnCells99999999999999
[NONE ][20:30:13] spawnCells99999999999999
[NONE ][20:30:15] spawnCells99999999999999
[NONE ][20:30:17] spawnCells99999999999999
[NONE ][20:30:19] spawnCells99999999999999
[NONE ][20:30:21] spawnCells99999999999999
[NONE ][20:30:23] spawnCells99999999999999
[NONE ][20:30:25] spawnCells99999999999999
[NONE ][20:30:27] spawnCells99999999999999
[NONE ][20:30:29] spawnCells99999999999999
[NONE ][20:30:31] spawnCells99999999999999
[NONE ][20:30:33] spawnCells99999999999999
[NONE ][20:30:35] spawnCells99999999999999
[NONE ][20:30:37] spawnCells99999999999999
[NONE ][20:30:39] spawnCells99999999999999
[NONE ][20:30:41] spawnCells99999999999999
[NONE ][20:30:43] spawnCells99999999999999
[NONE ][20:30:45] spawnCells99999999999999
[NONE ][20:30:47] spawnCells99999999999999
[NONE ][20:30:49] spawnCells99999999999999
[NONE ][20:30:51] spawnCells99999999999999
[NONE ][20:30:53] spawnCells99999999999999
[NONE ][20:30:55] spawnCells99999999999999
[NONE ][20:30:57] spawnCells99999999999999
[NONE ][20:30:59] spawnCells99999999999999
[NONE ][20:31:01] spawnCells99999999999999
[NONE ][20:31:03] spawnCells99999999999999
[NONE ][20:31:05] spawnCells99999999999999
[NONE ][20:31:07] spawnCells99999999999999
[NONE ][20:31:09] spawnCells99999999999999
[NONE ][20:31:11] spawnCells99999999999999
[NONE ][20:31:13] spawnCells99999999999999
[NONE ][20:31:15] spawnCells99999999999999
[NONE ][20:31:17] spawnCells99999999999999
[NONE ][20:31:19] spawnCells99999999999999
[NONE ][20:31:21] spawnCells99999999999999
[NONE ][20:31:23] spawnCells99999999999999
[NONE ][20:31:25] spawnCells99999999999999
[NONE ][20:31:27] spawnCells99999999999999
[NONE ][20:31:29] spawnCells99999999999999
[NONE ][20:31:31] spawnCells99999999999999
[NONE ][20:31:33] spawnCells99999999999999
[NONE ][20:31:35] spawnCells99999999999999
[NONE ][20:31:37] spawnCells99999999999999
[NONE ][20:31:39] spawnCells99999999999999
[NONE ][20:31:41] spawnCells99999999999999
[NONE ][20:31:43] spawnCells99999999999999
[NONE ][20:31:45] spawnCells99999999999999
[NONE ][20:31:47] spawnCells99999999999999
[NONE ][20:31:49] spawnCells99999999999999
[NONE ][20:31:51] spawnCells99999999999999
[NONE ][20:31:53] spawnCells99999999999999
[NONE ][20:31:55] spawnCells99999999999999
[NONE ][20:31:57] spawnCells99999999999999
[NONE ][20:31:59] spawnCells99999999999999
[NONE ][20:32:01] spawnCells99999999999999
[NONE ][20:32:03] spawnCells99999999999999
[NONE ][20:32:05] spawnCells99999999999999
[NONE ][20:32:07] spawnCells99999999999999
[NONE ][20:32:09] spawnCells99999999999999
[NONE ][20:32:11] spawnCells99999999999999
[NONE ][20:32:13] spawnCells99999999999999
[NONE ][20:32:15] spawnCells99999999999999
[NONE ][20:32:17] spawnCells99999999999999
[NONE ][20:32:19] spawnCells99999999999999
[NONE ][20:32:21] spawnCells99999999999999
[NONE ][20:32:23] spawnCells99999999999999
[NONE ][20:32:25] spawnCells99999999999999
[NONE ][20:32:27] spawnCells99999999999999
[NONE ][20:32:29] spawnCells99999999999999
[NONE ][20:32:31] spawnCells99999999999999
[NONE ][20:32:33] spawnCells99999999999999
[NONE ][20:32:35] spawnCells99999999999999
[NONE ][20:32:37] spawnCells99999999999999
[NONE ][20:32:39] spawnCells99999999999999
[NONE ][20:32:41] spawnCells99999999999999
[NONE ][20:32:43] spawnCells99999999999999
[NONE ][20:32:45] spawnCells99999999999999
[NONE ][20:32:47] spawnCells99999999999999
[NONE ][20:32:49] spawnCells99999999999999
[NONE ][20:32:51] spawnCells99999999999999
[NONE ][20:32:53] spawnCells99999999999999
[NONE ][20:32:55] spawnCells99999999999999
[NONE ][20:32:57] spawnCells99999999999999
[NONE ][20:32:59] spawnCells99999999999999
[NONE ][20:33:01] spawnCells99999999999999
[NONE ][20:33:03] spawnCells99999999999999
[NONE ][20:33:05] spawnCells99999999999999
[NONE ][20:33:07] spawnCells99999999999999
[NONE ][20:33:09] spawnCells99999999999999
[NONE ][20:33:11] spawnCells99999999999999
[NONE ][20:33:13] spawnCells99999999999999
[NONE ][20:33:15] spawnCells99999999999999
[NONE ][20:33:17] spawnCells99999999999999
[NONE ][20:33:19] spawnCells99999999999999
[NONE ][20:33:21] spawnCells99999999999999
[NONE ][20:33:23] spawnCells99999999999999
[NONE ][20:33:25] spawnCells99999999999999
[NONE ][20:33:27] spawnCells99999999999999
[NONE ][20:33:29] spawnCells99999999999999
[NONE ][20:33:31] spawnCells99999999999999
[NONE ][20:33:33] spawnCells99999999999999
[NONE ][20:33:35] spawnCells99999999999999
[NONE ][20:33:37] spawnCells99999999999999
[NONE ][20:33:39] spawnCells99999999999999
[NONE ][20:33:41] spawnCells99999999999999
[NONE ][20:33:43] spawnCells99999999999999
[NONE ][20:33:45] spawnCells99999999999999
[NONE ][20:33:47] spawnCells99999999999999
[NONE ][20:33:49] spawnCells99999999999999
[ERROR][20:33:49] [127.0.0.1:56976] Error: read ECONNRESET
    at TCP.onStreamRead (internal/stream_base_commons.js:111:27)
[NONE ][20:33:49] DISCONNECTED 127.0.0.1:56976, code: 1001, reason: "", name: "111111"
[NONE ][20:33:49] 111111111111onClientSocketOpen
[NONE ][20:33:49] 333333333333onClientSocketOpen
[NONE ][20:33:49] 222222222222onClientSocketOpen
[NONE ][20:33:49] CONNECTED 127.0.0.1:57207, origin: "http://localhost"
[NONE ][20:33:51] spawnCells99999999999999
[NONE ][20:33:53] spawnCells99999999999999
[NONE ][20:33:55] spawnCells99999999999999
[ERROR][20:33:56] [127.0.0.1:57207] Error: read ECONNRESET
    at TCP.onStreamRead (internal/stream_base_commons.js:111:27)
[NONE ][20:33:56] DISCONNECTED 127.0.0.1:57207, code: 1001, reason: "", name: ""
[NONE ][20:33:56] 111111111111onClientSocketOpen
[NONE ][20:33:56] 333333333333onClientSocketOpen
[NONE ][20:33:56] 222222222222onClientSocketOpen
[NONE ][20:33:56] CONNECTED 127.0.0.1:57217, origin: "http://localhost"
[NONE ][20:33:57] spawnCells99999999999999
[NONE ][20:33:59] spawnCells99999999999999
[NONE ][20:34:01] spawnCells99999999999999
[NONE ][20:34:03] spawnCells99999999999999
[NONE ][20:34:05] spawnCells99999999999999
[NONE ][20:34:07] spawnCells99999999999999
[ERROR][20:34:08] [127.0.0.1:56301] Error: read ECONNRESET
    at TCP.onStreamRead (internal/stream_base_commons.js:111:27)
[NONE ][20:34:08] DISCONNECTED 127.0.0.1:56301, code: 1001, reason: "", name: "2222"
[NONE ][20:34:09] spawnCells99999999999999
[ERROR][20:34:10] [127.0.0.1:57217] Error: read ECONNRESET
    at TCP.onStreamRead (internal/stream_base_commons.js:111:27)
[NONE ][20:34:10] DISCONNECTED 127.0.0.1:57217, code: 1001, reason: "", name: ""
[NONE ][20:34:11] spawnCells99999999999999
[NONE ][20:34:11] 111111111111onClientSocketOpen
[NONE ][20:34:11] 333333333333onClientSocketOpen
[NONE ][20:34:11] 222222222222onClientSocketOpen
[NONE ][20:34:11] CONNECTED 127.0.0.1:57249, origin: "http://localhost"
[NONE ][20:34:13] spawnCells99999999999999
[NONE ][20:34:15] spawnCells99999999999999
[NONE ][20:34:17] spawnCells99999999999999
[NONE ][20:34:19] spawnCells99999999999999
[NONE ][20:34:21] spawnCells99999999999999
[ERROR][20:34:21] [127.0.0.1:57249] Error: read ECONNRESET
    at TCP.onStreamRead (internal/stream_base_commons.js:111:27)
[NONE ][20:34:21] DISCONNECTED 127.0.0.1:57249, code: 1001, reason: "", name: "111111"
[NONE ][20:34:21] 111111111111onClientSocketOpen
[NONE ][20:34:21] 333333333333onClientSocketOpen
[NONE ][20:34:21] 222222222222onClientSocketOpen
[NONE ][20:34:21] CONNECTED 127.0.0.1:57265, origin: "http://localhost"
[NONE ][20:34:23] spawnCells99999999999999
[NONE ][20:34:25] spawnCells99999999999999
[NONE ][20:34:27] spawnCells99999999999999
[NONE ][20:34:29] spawnCells99999999999999
[NONE ][20:34:31] spawnCells99999999999999
[NONE ][20:34:33] spawnCells99999999999999
[NONE ][20:34:35] spawnCells99999999999999
[NONE ][20:34:37] spawnCells99999999999999
[NONE ][20:34:39] spawnCells99999999999999
[NONE ][20:34:41] spawnCells99999999999999
[NONE ][20:34:43] spawnCells99999999999999
[NONE ][20:34:45] spawnCells99999999999999
[NONE ][20:34:47] spawnCells99999999999999
[NONE ][20:34:49] spawnCells99999999999999
[NONE ][20:34:51] spawnCells99999999999999
[NONE ][20:34:53] spawnCells99999999999999
[NONE ][20:34:55] spawnCells99999999999999
[NONE ][20:34:57] spawnCells99999999999999
[NONE ][20:34:59] spawnCells99999999999999
[NONE ][20:35:01] spawnCells99999999999999
[NONE ][20:35:03] spawnCells99999999999999
[NONE ][20:35:05] spawnCells99999999999999
[NONE ][20:35:07] spawnCells99999999999999
[NONE ][20:35:09] spawnCells99999999999999
[NONE ][20:35:11] spawnCells99999999999999
[NONE ][20:35:13] spawnCells99999999999999
[NONE ][20:35:15] spawnCells99999999999999
[NONE ][20:35:17] spawnCells99999999999999
[NONE ][20:35:19] spawnCells99999999999999
[NONE ][20:35:21] spawnCells99999999999999
[NONE ][20:35:23] spawnCells99999999999999
[NONE ][20:35:25] spawnCells99999999999999
[NONE ][20:35:27] spawnCells99999999999999
[NONE ][20:35:29] spawnCells99999999999999
[NONE ][20:35:31] spawnCells99999999999999
[NONE ][20:35:33] spawnCells99999999999999
[NONE ][20:35:35] spawnCells99999999999999
[NONE ][20:35:37] spawnCells99999999999999
[NONE ][20:35:39] spawnCells99999999999999
[NONE ][20:35:41] spawnCells99999999999999
[NONE ][20:35:43] spawnCells99999999999999
[NONE ][20:35:45] spawnCells99999999999999
[NONE ][20:35:47] spawnCells99999999999999
[NONE ][20:35:49] spawnCells99999999999999
[NONE ][20:35:51] spawnCells99999999999999
[NONE ][20:35:53] spawnCells99999999999999
[NONE ][20:35:55] spawnCells99999999999999
[NONE ][20:35:57] spawnCells99999999999999
[NONE ][20:35:59] spawnCells99999999999999
[NONE ][20:36:01] spawnCells99999999999999
[NONE ][20:36:03] spawnCells99999999999999
[NONE ][20:36:05] spawnCells99999999999999
[NONE ][20:36:07] spawnCells99999999999999
[NONE ][20:36:09] spawnCells99999999999999
[NONE ][20:36:11] spawnCells99999999999999
[NONE ][20:36:13] spawnCells99999999999999
[NONE ][20:36:15] spawnCells99999999999999
[NONE ][20:36:17] spawnCells99999999999999
[NONE ][20:36:19] spawnCells99999999999999
[NONE ][20:36:21] spawnCells99999999999999
[NONE ][20:36:23] spawnCells99999999999999
[NONE ][20:36:25] spawnCells99999999999999
[NONE ][20:36:27] spawnCells99999999999999
[NONE ][20:36:29] spawnCells99999999999999
[NONE ][20:36:31] spawnCells99999999999999
[NONE ][20:36:33] spawnCells99999999999999
[NONE ][20:36:35] spawnCells99999999999999
[NONE ][20:36:37] spawnCells99999999999999
[NONE ][20:36:39] spawnCells99999999999999
[NONE ][20:36:41] spawnCells99999999999999
[NONE ][20:36:43] spawnCells99999999999999
[NONE ][20:36:45] spawnCells99999999999999
[NONE ][20:36:47] spawnCells99999999999999
[NONE ][20:36:49] spawnCells99999999999999
[NONE ][20:36:51] spawnCells99999999999999
[NONE ][20:36:53] spawnCells99999999999999
[NONE ][20:36:55] spawnCells99999999999999
[NONE ][20:36:57] spawnCells99999999999999
[NONE ][20:36:59] spawnCells99999999999999
[NONE ][20:37:01] spawnCells99999999999999
[NONE ][20:37:03] spawnCells99999999999999
[NONE ][20:37:05] spawnCells99999999999999
[NONE ][20:37:07] spawnCells99999999999999
[NONE ][20:37:09] spawnCells99999999999999
[NONE ][20:37:11] spawnCells99999999999999
[NONE ][20:37:13] spawnCells99999999999999
[NONE ][20:37:15] spawnCells99999999999999
[NONE ][20:37:17] spawnCells99999999999999
[NONE ][20:37:19] spawnCells99999999999999
[NONE ][20:37:21] spawnCells99999999999999
[NONE ][20:37:23] spawnCells99999999999999
[NONE ][20:37:25] spawnCells99999999999999
[NONE ][20:37:27] spawnCells99999999999999
[NONE ][20:37:29] spawnCells99999999999999
[NONE ][20:37:31] spawnCells99999999999999
[NONE ][20:37:33] spawnCells99999999999999
[NONE ][20:37:35] spawnCells99999999999999
[NONE ][20:37:37] spawnCells99999999999999
[NONE ][20:37:39] spawnCells99999999999999
[NONE ][20:37:41] spawnCells99999999999999
[NONE ][20:37:43] spawnCells99999999999999
[NONE ][20:37:45] spawnCells99999999999999
[NONE ][20:37:47] spawnCells99999999999999
[NONE ][20:37:49] spawnCells99999999999999
[NONE ][20:37:51] spawnCells99999999999999
[NONE ][20:37:53] spawnCells99999999999999
[NONE ][20:37:55] spawnCells99999999999999
[NONE ][20:37:57] spawnCells99999999999999
[NONE ][20:37:59] spawnCells99999999999999
[NONE ][20:38:01] spawnCells99999999999999
[NONE ][20:38:03] spawnCells99999999999999
[NONE ][20:38:05] spawnCells99999999999999
[NONE ][20:38:07] spawnCells99999999999999
[NONE ][20:38:09] spawnCells99999999999999
[NONE ][20:38:11] spawnCells99999999999999
[NONE ][20:38:13] spawnCells99999999999999
[NONE ][20:38:15] spawnCells99999999999999
[NONE ][20:38:17] spawnCells99999999999999
[NONE ][20:38:19] spawnCells99999999999999
[NONE ][20:38:21] spawnCells99999999999999
[NONE ][20:38:23] spawnCells99999999999999
[NONE ][20:38:25] spawnCells99999999999999
[NONE ][20:38:27] spawnCells99999999999999
[NONE ][20:38:29] spawnCells99999999999999
[NONE ][20:38:31] spawnCells99999999999999
[NONE ][20:38:33] spawnCells99999999999999
[NONE ][20:38:35] spawnCells99999999999999
[NONE ][20:38:37] spawnCells99999999999999
[NONE ][20:38:39] spawnCells99999999999999
[NONE ][20:38:41] spawnCells99999999999999
[NONE ][20:38:43] spawnCells99999999999999
[NONE ][20:38:45] spawnCells99999999999999
[NONE ][20:38:47] spawnCells99999999999999
[NONE ][20:38:49] spawnCells99999999999999
[NONE ][20:38:51] spawnCells99999999999999
[NONE ][20:38:53] spawnCells99999999999999
[NONE ][20:38:55] spawnCells99999999999999
[NONE ][20:38:57] spawnCells99999999999999
[NONE ][20:38:59] spawnCells99999999999999
[NONE ][20:39:01] spawnCells99999999999999
[NONE ][20:39:03] spawnCells99999999999999
[NONE ][20:39:05] spawnCells99999999999999
[NONE ][20:39:07] spawnCells99999999999999
[NONE ][20:39:09] spawnCells99999999999999
[NONE ][20:39:11] spawnCells99999999999999
[NONE ][20:39:13] spawnCells99999999999999
[NONE ][20:39:15] spawnCells99999999999999
[NONE ][20:39:17] spawnCells99999999999999
[NONE ][20:39:19] spawnCells99999999999999
[NONE ][20:39:21] spawnCells99999999999999
[NONE ][20:39:23] spawnCells99999999999999
[NONE ][20:39:25] spawnCells99999999999999
[NONE ][20:39:27] spawnCells99999999999999
[NONE ][20:39:29] spawnCells99999999999999
[NONE ][20:39:31] spawnCells99999999999999
[NONE ][20:39:33] spawnCells99999999999999
[NONE ][20:39:35] spawnCells99999999999999
[NONE ][20:39:37] spawnCells99999999999999
[NONE ][20:39:39] spawnCells99999999999999
[NONE ][20:39:41] spawnCells99999999999999
[NONE ][20:39:43] spawnCells99999999999999
[NONE ][20:39:45] spawnCells99999999999999
[NONE ][20:39:47] spawnCells99999999999999
[NONE ][20:39:49] spawnCells99999999999999
[NONE ][20:39:51] spawnCells99999999999999
[NONE ][20:39:53] spawnCells99999999999999
[NONE ][20:39:55] spawnCells99999999999999
[NONE ][20:39:57] spawnCells99999999999999
[NONE ][20:39:59] spawnCells99999999999999
[NONE ][20:40:01] spawnCells99999999999999
[NONE ][20:40:03] spawnCells99999999999999
[NONE ][20:40:05] spawnCells99999999999999
[NONE ][20:40:07] spawnCells99999999999999
[NONE ][20:40:09] spawnCells99999999999999
[NONE ][20:40:11] spawnCells99999999999999
[NONE ][20:40:13] spawnCells99999999999999
[NONE ][20:40:15] spawnCells99999999999999
[NONE ][20:40:17] spawnCells99999999999999
[NONE ][20:40:19] spawnCells99999999999999
[NONE ][20:40:21] spawnCells99999999999999
[NONE ][20:40:23] spawnCells99999999999999
[NONE ][20:40:25] spawnCells99999999999999
[NONE ][20:40:27] spawnCells99999999999999
[NONE ][20:40:29] spawnCells99999999999999
[NONE ][20:40:31] spawnCells99999999999999
[NONE ][20:40:33] spawnCells99999999999999
[NONE ][20:40:35] spawnCells99999999999999
[NONE ][20:40:37] spawnCells99999999999999
[NONE ][20:40:39] spawnCells99999999999999
[NONE ][20:40:41] spawnCells99999999999999
[NONE ][20:40:43] spawnCells99999999999999
[NONE ][20:40:45] spawnCells99999999999999
[NONE ][20:40:47] spawnCells99999999999999
[NONE ][20:40:49] spawnCells99999999999999
[NONE ][20:40:51] spawnCells99999999999999
[NONE ][20:40:53] spawnCells99999999999999
[NONE ][20:40:55] spawnCells99999999999999
[NONE ][20:40:57] spawnCells99999999999999
[NONE ][20:40:59] spawnCells99999999999999
[NONE ][20:41:01] spawnCells99999999999999
[NONE ][20:41:03] spawnCells99999999999999
[NONE ][20:41:05] spawnCells99999999999999
[NONE ][20:41:07] spawnCells99999999999999
[NONE ][20:41:09] spawnCells99999999999999
[NONE ][20:41:11] spawnCells99999999999999
[NONE ][20:41:13] spawnCells99999999999999
[NONE ][20:41:15] spawnCells99999999999999
[NONE ][20:41:17] spawnCells99999999999999
[NONE ][20:41:19] spawnCells99999999999999
[NONE ][20:41:21] spawnCells99999999999999
[NONE ][20:41:23] spawnCells99999999999999
[NONE ][20:41:25] spawnCells99999999999999
[NONE ][20:41:27] spawnCells99999999999999
[NONE ][20:41:29] spawnCells99999999999999
[NONE ][20:41:31] spawnCells99999999999999
[NONE ][20:41:33] spawnCells99999999999999
[NONE ][20:41:35] spawnCells99999999999999
[NONE ][20:41:37] spawnCells99999999999999
[NONE ][20:41:39] spawnCells99999999999999
[NONE ][20:41:41] spawnCells99999999999999
[NONE ][20:41:43] spawnCells99999999999999
[NONE ][20:41:45] spawnCells99999999999999
[NONE ][20:41:47] spawnCells99999999999999
[NONE ][20:41:49] spawnCells99999999999999
[NONE ][20:41:51] spawnCells99999999999999
[NONE ][20:41:53] spawnCells99999999999999
[NONE ][20:41:55] spawnCells99999999999999
[NONE ][20:41:57] spawnCells99999999999999
[NONE ][20:41:59] spawnCells99999999999999
[NONE ][20:42:01] spawnCells99999999999999
[NONE ][20:42:03] spawnCells99999999999999
[NONE ][20:42:05] spawnCells99999999999999
[NONE ][20:42:07] spawnCells99999999999999
[NONE ][20:42:09] spawnCells99999999999999
[NONE ][20:42:11] spawnCells99999999999999
[NONE ][20:42:13] spawnCells99999999999999
[NONE ][20:42:15] spawnCells99999999999999
[NONE ][20:42:17] spawnCells99999999999999
[NONE ][20:42:19] spawnCells99999999999999
[NONE ][20:42:21] spawnCells99999999999999
[NONE ][20:42:23] spawnCells99999999999999
[NONE ][20:42:25] spawnCells99999999999999
[NONE ][20:42:27] spawnCells99999999999999
[NONE ][20:42:29] spawnCells99999999999999
[NONE ][20:42:31] spawnCells99999999999999
[NONE ][20:42:33] spawnCells99999999999999
[NONE ][20:42:35] spawnCells99999999999999
[NONE ][20:42:37] spawnCells99999999999999
[NONE ][20:42:39] spawnCells99999999999999
[NONE ][20:42:41] spawnCells99999999999999
[NONE ][20:42:43] spawnCells99999999999999
[NONE ][20:42:45] spawnCells99999999999999
[NONE ][20:42:47] spawnCells99999999999999
[NONE ][20:42:49] spawnCells99999999999999
[NONE ][20:42:51] spawnCells99999999999999
[NONE ][20:42:53] spawnCells99999999999999
[NONE ][20:42:55] spawnCells99999999999999
[NONE ][20:42:57] spawnCells99999999999999
[NONE ][20:42:59] spawnCells99999999999999
[NONE ][20:43:01] spawnCells99999999999999
[NONE ][20:43:03] spawnCells99999999999999
[NONE ][20:43:05] spawnCells99999999999999
[NONE ][20:43:07] spawnCells99999999999999
[NONE ][20:43:09] spawnCells99999999999999
[NONE ][20:43:11] spawnCells99999999999999
[NONE ][20:43:13] spawnCells99999999999999
[NONE ][20:43:15] spawnCells99999999999999
[NONE ][20:43:17] spawnCells99999999999999
[NONE ][20:43:19] spawnCells99999999999999
[NONE ][20:43:21] spawnCells99999999999999
[NONE ][20:43:23] spawnCells99999999999999
[NONE ][20:43:25] spawnCells99999999999999
[NONE ][20:43:27] spawnCells99999999999999
[NONE ][20:43:29] spawnCells99999999999999
[NONE ][20:43:31] spawnCells99999999999999
[NONE ][20:43:33] spawnCells99999999999999
[NONE ][20:43:35] spawnCells99999999999999
[NONE ][20:43:37] spawnCells99999999999999
[NONE ][20:43:39] spawnCells99999999999999
[NONE ][20:43:41] spawnCells99999999999999
[NONE ][20:43:43] spawnCells99999999999999
[NONE ][20:43:45] spawnCells99999999999999
[NONE ][20:43:47] spawnCells99999999999999
[NONE ][20:43:49] spawnCells99999999999999
[NONE ][20:43:51] spawnCells99999999999999
[NONE ][20:43:53] spawnCells99999999999999
[NONE ][20:43:55] spawnCells99999999999999
[NONE ][20:43:57] spawnCells99999999999999
[NONE ][20:43:59] spawnCells99999999999999
[NONE ][20:44:01] spawnCells99999999999999
[NONE ][20:44:03] spawnCells99999999999999
[NONE ][20:44:05] spawnCells99999999999999
[NONE ][20:44:07] spawnCells99999999999999
[NONE ][20:44:09] spawnCells99999999999999
[NONE ][20:44:11] spawnCells99999999999999
[NONE ][20:44:13] spawnCells99999999999999
[NONE ][20:44:15] spawnCells99999999999999
[NONE ][20:44:17] spawnCells99999999999999
[NONE ][20:44:19] spawnCells99999999999999
[NONE ][20:44:21] spawnCells99999999999999
[NONE ][20:44:23] spawnCells99999999999999
[NONE ][20:44:25] spawnCells99999999999999
[NONE ][20:44:27] spawnCells99999999999999
[NONE ][20:44:29] spawnCells99999999999999
[NONE ][20:44:31] spawnCells99999999999999
[NONE ][20:44:33] spawnCells99999999999999
[NONE ][20:44:35] spawnCells99999999999999
[NONE ][20:44:37] spawnCells99999999999999
[NONE ][20:44:39] spawnCells99999999999999
[NONE ][20:44:41] spawnCells99999999999999
[NONE ][20:44:43] spawnCells99999999999999
[NONE ][20:44:45] spawnCells99999999999999
[NONE ][20:44:47] spawnCells99999999999999
[NONE ][20:44:49] spawnCells99999999999999
[NONE ][20:44:51] spawnCells99999999999999
[NONE ][20:44:53] spawnCells99999999999999
[NONE ][20:44:55] spawnCells99999999999999
[NONE ][20:44:57] spawnCells99999999999999
[NONE ][20:44:59] spawnCells99999999999999
[NONE ][20:45:01] spawnCells99999999999999
[NONE ][20:45:03] spawnCells99999999999999
[NONE ][20:45:05] spawnCells99999999999999
[NONE ][20:45:07] spawnCells99999999999999
[NONE ][20:45:09] spawnCells99999999999999
[NONE ][20:45:11] spawnCells99999999999999
[NONE ][20:45:13] spawnCells99999999999999
[NONE ][20:45:15] spawnCells99999999999999
[NONE ][20:45:17] spawnCells99999999999999
[NONE ][20:45:19] spawnCells99999999999999
[NONE ][20:45:21] spawnCells99999999999999
[NONE ][20:45:23] spawnCells99999999999999
[NONE ][20:45:25] spawnCells99999999999999
[NONE ][20:45:27] spawnCells99999999999999
[NONE ][20:45:29] spawnCells99999999999999
[NONE ][20:45:31] spawnCells99999999999999
[NONE ][20:45:33] spawnCells99999999999999
[NONE ][20:45:35] spawnCells99999999999999
[NONE ][20:45:37] spawnCells99999999999999
[NONE ][20:45:39] spawnCells99999999999999
[NONE ][20:45:41] spawnCells99999999999999
[NONE ][20:45:43] spawnCells99999999999999
[NONE ][20:45:45] spawnCells99999999999999
[NONE ][20:45:47] spawnCells99999999999999
[NONE ][20:45:49] spawnCells99999999999999
[NONE ][20:45:51] spawnCells99999999999999
[NONE ][20:45:53] spawnCells99999999999999
[NONE ][20:45:55] spawnCells99999999999999
[NONE ][20:45:57] spawnCells99999999999999
[NONE ][20:45:59] spawnCells99999999999999
[NONE ][20:46:01] spawnCells99999999999999
[NONE ][20:46:03] spawnCells99999999999999
[NONE ][20:46:05] spawnCells99999999999999
[NONE ][20:46:07] spawnCells99999999999999
[NONE ][20:46:09] spawnCells99999999999999
[NONE ][20:46:11] spawnCells99999999999999
[NONE ][20:46:13] spawnCells99999999999999
[NONE ][20:46:15] spawnCells99999999999999
[NONE ][20:46:17] spawnCells99999999999999
[NONE ][20:46:19] spawnCells99999999999999
[NONE ][20:46:21] spawnCells99999999999999
[NONE ][20:46:23] spawnCells99999999999999
[NONE ][20:46:25] spawnCells99999999999999
[NONE ][20:46:27] spawnCells99999999999999
[NONE ][20:46:29] spawnCells99999999999999
[NONE ][20:46:31] spawnCells99999999999999
[NONE ][20:46:33] spawnCells99999999999999
[NONE ][20:46:35] spawnCells99999999999999
[NONE ][20:46:37] spawnCells99999999999999
[NONE ][20:46:39] spawnCells99999999999999
[ERROR][20:46:39] [127.0.0.1:57265] Error: read ECONNRESET
    at TCP.onStreamRead (internal/stream_base_commons.js:111:27)
[NONE ][20:46:39] DISCONNECTED 127.0.0.1:57265, code: 1001, reason: "", name: ""
[NONE ][20:46:40] 111111111111onClientSocketOpen
[NONE ][20:46:40] 333333333333onClientSocketOpen
[NONE ][20:46:40] 222222222222onClientSocketOpen
[NONE ][20:46:40] CONNECTED 127.0.0.1:56580, origin: "http://localhost"
[NONE ][20:46:41] spawnCells99999999999999
[NONE ][20:46:43] spawnCells99999999999999
[NONE ][20:46:45] spawnCells99999999999999
[NONE ][20:46:47] spawnCells99999999999999
[NONE ][20:46:49] spawnCells99999999999999
[NONE ][20:46:51] spawnCells99999999999999
[NONE ][20:46:53] spawnCells99999999999999
[NONE ][20:46:55] spawnCells99999999999999
[NONE ][20:46:57] spawnCells99999999999999
[NONE ][20:46:59] spawnCells99999999999999
[NONE ][20:47:01] spawnCells99999999999999
[NONE ][20:47:03] spawnCells99999999999999
[ERROR][20:47:04] [127.0.0.1:56580] Error: read ECONNRESET
    at TCP.onStreamRead (internal/stream_base_commons.js:111:27)
[NONE ][20:47:04] DISCONNECTED 127.0.0.1:56580, code: 1001, reason: "", name: ""
[NONE ][20:47:04] 111111111111onClientSocketOpen
[NONE ][20:47:04] 333333333333onClientSocketOpen
[NONE ][20:47:04] 222222222222onClientSocketOpen
[NONE ][20:47:04] CONNECTED 127.0.0.1:56611, origin: "http://localhost"
[NONE ][20:47:05] spawnCells99999999999999
[NONE ][20:47:07] spawnCells99999999999999
[NONE ][20:47:09] spawnCells99999999999999
[NONE ][20:47:11] spawnCells99999999999999
[NONE ][20:47:13] spawnCells99999999999999
[NONE ][20:47:15] spawnCells99999999999999
[NONE ][20:47:17] spawnCells99999999999999
[NONE ][20:47:19] spawnCells99999999999999
[NONE ][20:47:21] spawnCells99999999999999
[NONE ][20:47:23] spawnCells99999999999999
[NONE ][20:47:25] spawnCells99999999999999
[NONE ][20:47:27] spawnCells99999999999999
[NONE ][20:47:29] spawnCells99999999999999
[NONE ][20:47:31] spawnCells99999999999999
[NONE ][20:47:33] spawnCells99999999999999
[NONE ][20:47:35] spawnCells99999999999999
[NONE ][20:47:37] spawnCells99999999999999
[NONE ][20:47:39] spawnCells99999999999999
[NONE ][20:47:41] spawnCells99999999999999
[NONE ][20:47:43] spawnCells99999999999999
[NONE ][20:47:45] spawnCells99999999999999
[NONE ][20:47:47] spawnCells99999999999999
[NONE ][20:47:49] spawnCells99999999999999
[NONE ][20:47:51] spawnCells99999999999999
[NONE ][20:47:53] spawnCells99999999999999
[NONE ][20:47:55] spawnCells99999999999999
[NONE ][20:47:57] spawnCells99999999999999
[NONE ][20:47:59] spawnCells99999999999999
[NONE ][20:48:01] spawnCells99999999999999
[NONE ][20:48:03] spawnCells99999999999999
[NONE ][20:48:05] spawnCells99999999999999
[NONE ][20:48:07] spawnCells99999999999999
[NONE ][20:48:09] spawnCells99999999999999
[NONE ][20:48:11] spawnCells99999999999999
[NONE ][20:48:13] spawnCells99999999999999
[NONE ][20:48:15] spawnCells99999999999999
[NONE ][20:48:17] spawnCells99999999999999
[NONE ][20:48:19] spawnCells99999999999999
[NONE ][20:48:21] spawnCells99999999999999
[NONE ][20:48:23] spawnCells99999999999999
[NONE ][20:48:25] spawnCells99999999999999
[NONE ][20:48:27] spawnCells99999999999999
[NONE ][20:48:29] spawnCells99999999999999
[NONE ][20:48:31] spawnCells99999999999999
[NONE ][20:48:33] spawnCells99999999999999
[NONE ][20:48:35] spawnCells99999999999999
[NONE ][20:48:37] spawnCells99999999999999
[NONE ][20:48:39] spawnCells99999999999999
[NONE ][20:48:41] spawnCells99999999999999
[NONE ][20:48:43] spawnCells99999999999999
[NONE ][20:48:45] spawnCells99999999999999
[NONE ][20:48:47] spawnCells99999999999999
[NONE ][20:48:49] spawnCells99999999999999
[NONE ][20:48:51] spawnCells99999999999999
[NONE ][20:48:53] spawnCells99999999999999
[NONE ][20:48:55] spawnCells99999999999999
[NONE ][20:48:57] spawnCells99999999999999
[NONE ][20:48:59] spawnCells99999999999999
[NONE ][20:49:01] spawnCells99999999999999
[NONE ][20:49:03] spawnCells99999999999999
[NONE ][20:49:05] spawnCells99999999999999
[NONE ][20:49:07] spawnCells99999999999999
[NONE ][20:49:09] spawnCells99999999999999
[NONE ][20:49:11] spawnCells99999999999999
[NONE ][20:49:13] spawnCells99999999999999
[NONE ][20:49:15] spawnCells99999999999999
[NONE ][20:49:17] spawnCells99999999999999
[NONE ][20:49:19] spawnCells99999999999999
[NONE ][20:49:21] spawnCells99999999999999
[NONE ][20:49:23] spawnCells99999999999999
[NONE ][20:49:25] spawnCells99999999999999
[NONE ][20:49:27] spawnCells99999999999999
[NONE ][20:49:29] spawnCells99999999999999
[NONE ][20:49:31] spawnCells99999999999999
[NONE ][20:49:33] spawnCells99999999999999
[NONE ][20:49:35] spawnCells99999999999999
[NONE ][20:49:37] spawnCells99999999999999
[NONE ][20:49:39] spawnCells99999999999999
[NONE ][20:49:41] spawnCells99999999999999
[NONE ][20:49:43] spawnCells99999999999999
[NONE ][20:49:45] spawnCells99999999999999
[NONE ][20:49:47] spawnCells99999999999999
[NONE ][20:49:49] spawnCells99999999999999
[NONE ][20:49:51] spawnCells99999999999999
[NONE ][20:49:53] spawnCells99999999999999
[NONE ][20:49:55] spawnCells99999999999999
[NONE ][20:49:57] spawnCells99999999999999
[NONE ][20:49:59] spawnCells99999999999999
[NONE ][20:50:01] spawnCells99999999999999
[NONE ][20:50:03] spawnCells99999999999999
[NONE ][20:50:05] spawnCells99999999999999
[NONE ][20:50:07] spawnCells99999999999999
[NONE ][20:50:09] spawnCells99999999999999
[NONE ][20:50:11] spawnCells99999999999999
[NONE ][20:50:13] spawnCells99999999999999
[NONE ][20:50:15] spawnCells99999999999999
[NONE ][20:50:17] spawnCells99999999999999
[NONE ][20:50:19] spawnCells99999999999999
[NONE ][20:50:21] spawnCells99999999999999
[NONE ][20:50:23] spawnCells99999999999999
[NONE ][20:50:25] spawnCells99999999999999
[NONE ][20:50:27] spawnCells99999999999999
[NONE ][20:50:29] spawnCells99999999999999
[NONE ][20:50:31] spawnCells99999999999999
[NONE ][20:50:33] spawnCells99999999999999
[NONE ][20:50:35] spawnCells99999999999999
[NONE ][20:50:37] spawnCells99999999999999
[NONE ][20:50:39] spawnCells99999999999999
[NONE ][20:50:41] spawnCells99999999999999
[NONE ][20:50:43] spawnCells99999999999999
[NONE ][20:50:45] spawnCells99999999999999
[NONE ][20:50:47] spawnCells99999999999999
[NONE ][20:50:49] spawnCells99999999999999
[NONE ][20:50:51] spawnCells99999999999999
[NONE ][20:50:53] spawnCells99999999999999
[NONE ][20:50:55] spawnCells99999999999999
[NONE ][20:50:57] spawnCells99999999999999
[NONE ][20:50:59] spawnCells99999999999999
[NONE ][20:51:01] spawnCells99999999999999
[NONE ][20:51:03] spawnCells99999999999999
[NONE ][20:51:05] spawnCells99999999999999
[NONE ][20:51:07] spawnCells99999999999999
[NONE ][20:51:09] spawnCells99999999999999
[NONE ][20:51:11] spawnCells99999999999999
[NONE ][20:51:13] spawnCells99999999999999
[NONE ][20:51:15] spawnCells99999999999999
[NONE ][20:51:17] spawnCells99999999999999
[NONE ][20:51:19] spawnCells99999999999999
[NONE ][20:51:21] spawnCells99999999999999
[NONE ][20:51:23] spawnCells99999999999999
[NONE ][20:51:25] spawnCells99999999999999
[NONE ][20:51:27] spawnCells99999999999999
[NONE ][20:51:29] spawnCells99999999999999
[NONE ][20:51:31] spawnCells99999999999999
[NONE ][20:51:33] spawnCells99999999999999
[NONE ][20:51:35] spawnCells99999999999999
[NONE ][20:51:37] spawnCells99999999999999
[NONE ][20:51:39] spawnCells99999999999999
[NONE ][20:51:41] spawnCells99999999999999
[NONE ][20:51:43] spawnCells99999999999999
[NONE ][20:51:45] spawnCells99999999999999
[NONE ][20:51:47] spawnCells99999999999999
[NONE ][20:51:49] spawnCells99999999999999
[NONE ][20:51:51] spawnCells99999999999999
[NONE ][20:51:53] spawnCells99999999999999
[NONE ][20:51:55] spawnCells99999999999999
[NONE ][20:51:57] spawnCells99999999999999
[NONE ][20:51:59] spawnCells99999999999999
[NONE ][20:52:01] spawnCells99999999999999
[NONE ][20:52:03] spawnCells99999999999999
[NONE ][20:52:05] spawnCells99999999999999
[NONE ][20:52:07] spawnCells99999999999999
[NONE ][20:52:09] spawnCells99999999999999
[NONE ][20:52:11] spawnCells99999999999999
[NONE ][20:52:13] spawnCells99999999999999
[NONE ][20:52:15] spawnCells99999999999999
[NONE ][20:52:17] spawnCells99999999999999
[NONE ][20:52:19] spawnCells99999999999999
[NONE ][20:52:21] spawnCells99999999999999
[NONE ][20:52:23] spawnCells99999999999999
[NONE ][20:52:25] spawnCells99999999999999
[NONE ][20:52:27] spawnCells99999999999999
[NONE ][20:52:29] spawnCells99999999999999
[NONE ][20:52:31] spawnCells99999999999999
[NONE ][20:52:33] spawnCells99999999999999
[NONE ][20:52:35] spawnCells99999999999999
[NONE ][20:52:37] spawnCells99999999999999
[NONE ][20:52:39] spawnCells99999999999999
[NONE ][20:52:41] spawnCells99999999999999
[NONE ][20:52:43] spawnCells99999999999999
[NONE ][20:52:45] spawnCells99999999999999
[NONE ][20:52:47] spawnCells99999999999999
[NONE ][20:52:49] spawnCells99999999999999
[NONE ][20:52:51] spawnCells99999999999999
[NONE ][20:52:53] spawnCells99999999999999
[NONE ][20:52:53] DISCONNECTED 127.0.0.1:56611, code: 1006, reason: "", name: ""
[NONE ][20:52:55] spawnCells99999999999999
[NONE ][20:52:57] spawnCells99999999999999
[NONE ][20:52:59] spawnCells99999999999999
[NONE ][20:53:01] spawnCells99999999999999
[NONE ][20:53:03] spawnCells99999999999999
[NONE ][20:53:05] spawnCells99999999999999
[NONE ][20:53:07] spawnCells99999999999999
[NONE ][20:53:09] spawnCells99999999999999
[NONE ][20:53:11] spawnCells99999999999999
[NONE ][20:53:13] spawnCells99999999999999
[NONE ][20:53:15] spawnCells99999999999999
[NONE ][20:53:17] spawnCells99999999999999
[NONE ][20:53:19] spawnCells99999999999999
[NONE ][20:53:21] spawnCells99999999999999
[NONE ][20:53:23] spawnCells99999999999999
[NONE ][20:53:25] spawnCells99999999999999
[NONE ][20:53:27] spawnCells99999999999999
[NONE ][20:53:29] spawnCells99999999999999
[NONE ][20:53:31] spawnCells99999999999999
[NONE ][20:53:33] spawnCells99999999999999
[NONE ][20:53:35] spawnCells99999999999999
[NONE ][20:53:37] spawnCells99999999999999
[NONE ][20:53:39] spawnCells99999999999999
[NONE ][20:53:41] spawnCells99999999999999
[NONE ][20:53:43] spawnCells99999999999999
[NONE ][20:53:45] spawnCells99999999999999
[NONE ][20:53:47] spawnCells99999999999999
[NONE ][20:53:49] spawnCells99999999999999
[NONE ][20:53:51] spawnCells99999999999999
[NONE ][20:53:53] spawnCells99999999999999
[NONE ][20:53:55] spawnCells99999999999999
[NONE ][20:53:57] spawnCells99999999999999
[NONE ][20:53:59] spawnCells99999999999999
[NONE ][20:54:01] spawnCells99999999999999
[NONE ][20:54:03] spawnCells99999999999999
[NONE ][20:54:05] spawnCells99999999999999
[NONE ][20:54:07] spawnCells99999999999999
[NONE ][20:54:09] spawnCells99999999999999
[NONE ][20:54:11] spawnCells99999999999999
[NONE ][20:54:13] spawnCells99999999999999
[NONE ][20:54:15] spawnCells99999999999999
[NONE ][20:54:17] spawnCells99999999999999
[NONE ][20:54:19] spawnCells99999999999999
[NONE ][20:54:21] spawnCells99999999999999
[NONE ][20:54:23] spawnCells99999999999999
[NONE ][20:54:25] spawnCells99999999999999
[NONE ][20:54:27] spawnCells99999999999999
[NONE ][20:54:29] spawnCells99999999999999
[NONE ][20:54:31] spawnCells99999999999999
[NONE ][20:54:33] spawnCells99999999999999
[NONE ][20:54:35] spawnCells99999999999999
[NONE ][20:54:37] spawnCells99999999999999
[NONE ][20:54:39] spawnCells99999999999999
[NONE ][20:54:41] spawnCells99999999999999
[NONE ][20:54:43] spawnCells99999999999999
[NONE ][20:54:45] spawnCells99999999999999
[NONE ][20:54:47] spawnCells99999999999999
[NONE ][20:54:49] spawnCells99999999999999
[NONE ][20:54:51] spawnCells99999999999999
[NONE ][20:54:53] spawnCells99999999999999
[NONE ][20:54:55] spawnCells99999999999999
[NONE ][20:54:57] spawnCells99999999999999
[NONE ][20:54:59] spawnCells99999999999999
[NONE ][20:55:01] spawnCells99999999999999
[NONE ][20:55:03] spawnCells99999999999999
[NONE ][20:55:05] spawnCells99999999999999
[NONE ][20:55:07] spawnCells99999999999999
[NONE ][20:55:09] spawnCells99999999999999
[NONE ][20:55:11] spawnCells99999999999999
[NONE ][20:55:13] spawnCells99999999999999
[NONE ][20:55:15] spawnCells99999999999999
[NONE ][20:55:17] spawnCells99999999999999
[NONE ][20:55:19] spawnCells99999999999999
[NONE ][20:55:21] spawnCells99999999999999
[NONE ][20:55:23] spawnCells99999999999999
[NONE ][20:55:25] spawnCells99999999999999
[NONE ][20:55:27] spawnCells99999999999999
[NONE ][20:55:29] spawnCells99999999999999
[NONE ][20:55:31] spawnCells99999999999999
[NONE ][20:55:33] spawnCells99999999999999
[NONE ][20:55:35] spawnCells99999999999999
[NONE ][20:55:37] spawnCells99999999999999
[NONE ][20:55:39] spawnCells99999999999999
[NONE ][20:55:41] spawnCells99999999999999
[NONE ][20:55:43] spawnCells99999999999999
[NONE ][20:55:45] spawnCells99999999999999
[NONE ][20:55:47] spawnCells99999999999999
[NONE ][20:55:49] spawnCells99999999999999
[NONE ][20:55:51] spawnCells99999999999999
[NONE ][20:55:53] spawnCells99999999999999
[NONE ][20:55:55] spawnCells99999999999999
[NONE ][20:55:57] spawnCells99999999999999
[NONE ][20:55:59] spawnCells99999999999999
[NONE ][20:56:01] spawnCells99999999999999
[NONE ][20:56:03] spawnCells99999999999999
[NONE ][20:56:05] spawnCells99999999999999
[NONE ][20:56:07] spawnCells99999999999999
[NONE ][20:56:09] spawnCells99999999999999
[NONE ][20:56:11] spawnCells99999999999999
[NONE ][20:56:13] spawnCells99999999999999
[NONE ][20:56:15] spawnCells99999999999999
[NONE ][20:56:17] spawnCells99999999999999
[NONE ][20:56:19] spawnCells99999999999999
[NONE ][20:56:21] spawnCells99999999999999
[NONE ][20:56:23] spawnCells99999999999999
[NONE ][20:56:25] spawnCells99999999999999
[NONE ][20:56:27] spawnCells99999999999999
[NONE ][20:56:29] spawnCells99999999999999
[NONE ][20:56:31] spawnCells99999999999999
[NONE ][20:56:33] spawnCells99999999999999
[NONE ][20:56:35] spawnCells99999999999999
[NONE ][20:56:37] spawnCells99999999999999
[NONE ][20:56:39] spawnCells99999999999999
[NONE ][20:56:41] spawnCells99999999999999
[NONE ][20:56:43] spawnCells99999999999999
[NONE ][20:56:45] spawnCells99999999999999
[NONE ][20:56:47] spawnCells99999999999999
[NONE ][20:56:49] spawnCells99999999999999
[NONE ][20:56:51] spawnCells99999999999999
[NONE ][20:56:53] spawnCells99999999999999
[NONE ][20:56:55] spawnCells99999999999999
[NONE ][20:56:57] spawnCells99999999999999
[NONE ][20:56:59] spawnCells99999999999999
[NONE ][20:57:01] spawnCells99999999999999
[NONE ][20:57:03] spawnCells99999999999999
[NONE ][20:57:05] spawnCells99999999999999
[NONE ][20:57:07] spawnCells99999999999999
[NONE ][20:57:09] spawnCells99999999999999
[NONE ][20:57:11] spawnCells99999999999999
[NONE ][20:57:13] spawnCells99999999999999
[NONE ][20:57:15] spawnCells99999999999999
[NONE ][20:57:17] spawnCells99999999999999
[NONE ][20:57:19] spawnCells99999999999999
[NONE ][20:57:21] spawnCells99999999999999
[NONE ][20:57:23] spawnCells99999999999999
[NONE ][20:57:25] spawnCells99999999999999
[NONE ][20:57:27] spawnCells99999999999999
[NONE ][20:57:29] spawnCells99999999999999
[NONE ][20:57:31] spawnCells99999999999999
[NONE ][20:57:33] spawnCells99999999999999
[NONE ][20:57:35] spawnCells99999999999999
[NONE ][20:57:37] spawnCells99999999999999
[NONE ][20:57:39] spawnCells99999999999999
[NONE ][20:57:41] spawnCells99999999999999
[NONE ][20:57:43] spawnCells99999999999999
[NONE ][20:57:45] spawnCells99999999999999
[NONE ][20:57:47] spawnCells99999999999999
[NONE ][20:57:49] spawnCells99999999999999
[NONE ][20:57:51] spawnCells99999999999999
[NONE ][20:57:53] spawnCells99999999999999
[NONE ][20:57:55] spawnCells99999999999999
[NONE ][20:57:57] spawnCells99999999999999
[NONE ][20:57:59] spawnCells99999999999999
[NONE ][20:58:01] spawnCells99999999999999
[NONE ][20:58:03] spawnCells99999999999999
[NONE ][20:58:05] spawnCells99999999999999
[NONE ][20:58:07] spawnCells99999999999999
[NONE ][20:58:09] spawnCells99999999999999
[NONE ][20:58:11] spawnCells99999999999999
[NONE ][20:58:13] spawnCells99999999999999
[NONE ][20:58:15] spawnCells99999999999999
[NONE ][20:58:17] spawnCells99999999999999
[NONE ][20:58:19] spawnCells99999999999999
[NONE ][20:58:21] spawnCells99999999999999
[NONE ][20:58:23] spawnCells99999999999999
[NONE ][20:58:25] spawnCells99999999999999
[NONE ][20:58:27] spawnCells99999999999999
[NONE ][20:58:29] spawnCells99999999999999
[NONE ][20:58:31] spawnCells99999999999999
[NONE ][20:58:33] spawnCells99999999999999
[NONE ][20:58:35] spawnCells99999999999999
[NONE ][20:58:37] spawnCells99999999999999
[NONE ][20:58:39] spawnCells99999999999999
[NONE ][20:58:41] spawnCells99999999999999
[NONE ][20:58:43] spawnCells99999999999999
[NONE ][20:58:45] spawnCells99999999999999
[NONE ][20:58:47] spawnCells99999999999999
[NONE ][20:58:49] spawnCells99999999999999
[NONE ][20:58:51] spawnCells99999999999999
[NONE ][20:58:53] spawnCells99999999999999
[NONE ][20:58:55] spawnCells99999999999999
[NONE ][20:58:57] spawnCells99999999999999
[NONE ][20:58:59] spawnCells99999999999999
[NONE ][20:59:01] spawnCells99999999999999
[NONE ][20:59:03] spawnCells99999999999999
[NONE ][20:59:05] spawnCells99999999999999
[NONE ][20:59:07] spawnCells99999999999999
[NONE ][20:59:09] spawnCells99999999999999
[NONE ][20:59:11] spawnCells99999999999999
[NONE ][20:59:13] spawnCells99999999999999
[NONE ][20:59:15] spawnCells99999999999999
[NONE ][20:59:16] 111111111111onClientSocketOpen
[NONE ][20:59:16] 333333333333onClientSocketOpen
[NONE ][20:59:16] 222222222222onClientSocketOpen
[NONE ][20:59:16] CONNECTED 127.0.0.1:57247, origin: "http://localhost"
[NONE ][20:59:17] spawnCells99999999999999
[NONE ][20:59:19] spawnCells99999999999999
[NONE ][20:59:21] spawnCells99999999999999
[NONE ][20:59:23] spawnCells99999999999999
[NONE ][20:59:25] spawnCells99999999999999
[NONE ][20:59:27] spawnCells99999999999999
[NONE ][20:59:29] spawnCells99999999999999
[NONE ][20:59:31] spawnCells99999999999999
[NONE ][20:59:33] spawnCells99999999999999
[NONE ][20:59:35] spawnCells99999999999999
[NONE ][20:59:37] spawnCells99999999999999
[NONE ][20:59:39] spawnCells99999999999999
[NONE ][20:59:41] spawnCells99999999999999
[NONE ][20:59:43] spawnCells99999999999999
[NONE ][20:59:45] spawnCells99999999999999
[NONE ][20:59:47] spawnCells99999999999999
[NONE ][20:59:49] spawnCells99999999999999
[NONE ][20:59:51] spawnCells99999999999999
[NONE ][20:59:53] spawnCells99999999999999
[NONE ][20:59:55] spawnCells99999999999999
[NONE ][20:59:57] spawnCells99999999999999
[NONE ][20:59:59] spawnCells99999999999999
[NONE ][21:00:01] spawnCells99999999999999
[NONE ][21:00:03] spawnCells99999999999999
[NONE ][21:00:05] spawnCells99999999999999
[NONE ][21:00:07] spawnCells99999999999999
[NONE ][21:00:09] spawnCells99999999999999
[NONE ][21:00:11] spawnCells99999999999999
[NONE ][21:00:13] spawnCells99999999999999
[NONE ][21:00:15] spawnCells99999999999999
[NONE ][21:00:17] spawnCells99999999999999
[NONE ][21:00:19] spawnCells99999999999999
[NONE ][21:00:21] spawnCells99999999999999
[NONE ][21:00:23] spawnCells99999999999999
[NONE ][21:00:25] spawnCells99999999999999
[NONE ][21:00:27] spawnCells99999999999999
[NONE ][21:00:29] spawnCells99999999999999
[NONE ][21:00:31] spawnCells99999999999999
[NONE ][21:00:33] spawnCells99999999999999
[NONE ][21:00:35] spawnCells99999999999999
[NONE ][21:00:37] spawnCells99999999999999
[NONE ][21:00:39] spawnCells99999999999999
[NONE ][21:00:41] spawnCells99999999999999
[NONE ][21:00:43] spawnCells99999999999999
[NONE ][21:00:45] spawnCells99999999999999
[NONE ][21:00:47] spawnCells99999999999999
[NONE ][21:00:49] spawnCells99999999999999
[NONE ][21:00:51] spawnCells99999999999999
[NONE ][21:00:53] spawnCells99999999999999
[NONE ][21:00:55] spawnCells99999999999999
[NONE ][21:00:57] spawnCells99999999999999
[NONE ][21:00:59] spawnCells99999999999999
[NONE ][21:01:01] spawnCells99999999999999
[NONE ][21:01:03] spawnCells99999999999999
[NONE ][21:01:05] spawnCells99999999999999
[NONE ][21:01:07] spawnCells99999999999999
[NONE ][21:01:09] spawnCells99999999999999
[NONE ][21:01:11] spawnCells99999999999999
[NONE ][21:01:13] spawnCells99999999999999
[NONE ][21:01:15] spawnCells99999999999999
[NONE ][21:01:17] spawnCells99999999999999
[NONE ][21:01:19] spawnCells99999999999999
[NONE ][21:01:21] spawnCells99999999999999
[NONE ][21:01:23] spawnCells99999999999999
[NONE ][21:01:25] spawnCells99999999999999
[NONE ][21:01:27] spawnCells99999999999999
[NONE ][21:01:29] spawnCells99999999999999
[NONE ][21:01:31] spawnCells99999999999999
[NONE ][21:01:33] spawnCells99999999999999
[NONE ][21:01:35] spawnCells99999999999999
[NONE ][21:01:37] spawnCells99999999999999
[NONE ][21:01:39] spawnCells99999999999999
[NONE ][21:01:41] spawnCells99999999999999
[NONE ][21:01:43] spawnCells99999999999999
[NONE ][21:01:45] spawnCells99999999999999
[NONE ][21:01:47] spawnCells99999999999999
[NONE ][21:01:49] spawnCells99999999999999
[NONE ][21:01:51] spawnCells99999999999999
[NONE ][21:01:53] spawnCells99999999999999
[NONE ][21:01:55] spawnCells99999999999999
[NONE ][21:01:57] spawnCells99999999999999
[NONE ][21:01:59] spawnCells99999999999999
[NONE ][21:02:01] spawnCells99999999999999
[NONE ][21:02:03] spawnCells99999999999999
[NONE ][21:02:05] spawnCells99999999999999
[NONE ][21:02:07] spawnCells99999999999999
[NONE ][21:02:09] spawnCells99999999999999
[NONE ][21:02:11] spawnCells99999999999999
[NONE ][21:02:13] spawnCells99999999999999
[NONE ][21:02:15] spawnCells99999999999999
[NONE ][21:02:17] spawnCells99999999999999
[NONE ][21:02:19] spawnCells99999999999999
[NONE ][21:02:21] spawnCells99999999999999
[NONE ][21:02:23] spawnCells99999999999999
[NONE ][21:02:25] spawnCells99999999999999
[NONE ][21:02:27] spawnCells99999999999999
[NONE ][21:02:29] spawnCells99999999999999
[NONE ][21:02:31] spawnCells99999999999999
[NONE ][21:02:33] spawnCells99999999999999
[NONE ][21:02:35] spawnCells99999999999999
[NONE ][21:02:37] spawnCells99999999999999
[NONE ][21:02:39] spawnCells99999999999999
[NONE ][21:02:41] spawnCells99999999999999
[NONE ][21:02:43] spawnCells99999999999999
[NONE ][21:02:45] spawnCells99999999999999
[NONE ][21:02:47] spawnCells99999999999999
[NONE ][21:02:49] spawnCells99999999999999
[NONE ][21:02:51] spawnCells99999999999999
[NONE ][21:02:53] spawnCells99999999999999
[NONE ][21:02:55] spawnCells99999999999999
[NONE ][21:02:57] spawnCells99999999999999
[NONE ][21:02:59] spawnCells99999999999999
[NONE ][21:03:01] spawnCells99999999999999
[NONE ][21:03:03] spawnCells99999999999999
[NONE ][21:03:05] spawnCells99999999999999
[NONE ][21:03:07] spawnCells99999999999999
[NONE ][21:03:09] spawnCells99999999999999
[NONE ][21:03:11] spawnCells99999999999999
[NONE ][21:03:13] spawnCells99999999999999
[NONE ][21:03:15] spawnCells99999999999999
[NONE ][21:03:17] spawnCells99999999999999
[NONE ][21:03:19] spawnCells99999999999999
[NONE ][21:03:21] spawnCells99999999999999
[NONE ][21:03:23] spawnCells99999999999999
[NONE ][21:03:25] spawnCells99999999999999
[NONE ][21:03:27] spawnCells99999999999999
[NONE ][21:03:29] spawnCells99999999999999
[NONE ][21:03:31] spawnCells99999999999999
[NONE ][21:03:33] spawnCells99999999999999
[NONE ][21:03:35] spawnCells99999999999999
[NONE ][21:03:37] spawnCells99999999999999
[NONE ][21:03:39] spawnCells99999999999999
[NONE ][21:03:41] spawnCells99999999999999
[NONE ][21:03:43] spawnCells99999999999999
[ERROR][21:03:43] [127.0.0.1:57247] Error: read ECONNRESET
    at TCP.onStreamRead (internal/stream_base_commons.js:111:27)
[NONE ][21:03:43] DISCONNECTED 127.0.0.1:57247, code: 1001, reason: "", name: "111111"
[NONE ][21:03:43] 111111111111onClientSocketOpen
[NONE ][21:03:43] 333333333333onClientSocketOpen
[NONE ][21:03:43] 222222222222onClientSocketOpen
[NONE ][21:03:43] CONNECTED 127.0.0.1:57485, origin: "http://localhost"
[NONE ][21:03:45] spawnCells99999999999999
[NONE ][21:03:47] spawnCells99999999999999
[NONE ][21:03:49] spawnCells99999999999999
[NONE ][21:03:51] spawnCells99999999999999
[NONE ][21:03:53] spawnCells99999999999999
[NONE ][21:03:55] spawnCells99999999999999
[NONE ][21:03:57] spawnCells99999999999999
[NONE ][21:03:59] spawnCells99999999999999
[NONE ][21:04:01] spawnCells99999999999999
[NONE ][21:04:03] spawnCells99999999999999
[NONE ][21:04:05] spawnCells99999999999999
[NONE ][21:04:07] spawnCells99999999999999
[NONE ][21:04:09] spawnCells99999999999999
[NONE ][21:04:11] spawnCells99999999999999
[NONE ][21:04:13] spawnCells99999999999999
[NONE ][21:04:15] spawnCells99999999999999
[NONE ][21:04:17] spawnCells99999999999999
[NONE ][21:04:19] spawnCells99999999999999
[NONE ][21:04:21] spawnCells99999999999999
[NONE ][21:04:23] spawnCells99999999999999
[NONE ][21:04:25] spawnCells99999999999999
[NONE ][21:04:27] spawnCells99999999999999
[NONE ][21:04:29] spawnCells99999999999999
[NONE ][21:04:31] spawnCells99999999999999
[NONE ][21:04:33] spawnCells99999999999999
[NONE ][21:04:35] spawnCells99999999999999
[NONE ][21:04:37] spawnCells99999999999999
[NONE ][21:04:39] spawnCells99999999999999
[NONE ][21:04:41] spawnCells99999999999999
[NONE ][21:04:43] spawnCells99999999999999
[NONE ][21:04:45] spawnCells99999999999999
[NONE ][21:04:47] spawnCells99999999999999
[NONE ][21:04:48] 111111111111onClientSocketOpen
[NONE ][21:04:48] 333333333333onClientSocketOpen
[NONE ][21:04:48] 222222222222onClientSocketOpen
[NONE ][21:04:48] CONNECTED 127.0.0.1:57556, origin: "http://localhost"
[NONE ][21:04:49] spawnCells99999999999999
[NONE ][21:04:51] spawnCells99999999999999
[NONE ][21:04:53] spawnCells99999999999999
[NONE ][21:04:55] spawnCells99999999999999
[NONE ][21:04:57] spawnCells99999999999999
[NONE ][21:04:59] spawnCells99999999999999
[NONE ][21:05:00] DISCONNECTED 127.0.0.1:57485, code: 1001, reason: "", name: "111111"
[NONE ][21:05:00] 111111111111onClientSocketOpen
[NONE ][21:05:00] 333333333333onClientSocketOpen
[NONE ][21:05:00] 222222222222onClientSocketOpen
[NONE ][21:05:00] CONNECTED 127.0.0.1:57574, origin: "http://localhost"
[NONE ][21:05:01] spawnCells99999999999999
[ERROR][21:05:01] [127.0.0.1:57556] Error: read ECONNRESET
    at TCP.onStreamRead (internal/stream_base_commons.js:111:27)
[NONE ][21:05:01] DISCONNECTED 127.0.0.1:57556, code: 1006, reason: "", name: "2222"
[NONE ][21:05:01] 111111111111onClientSocketOpen
[NONE ][21:05:01] 333333333333onClientSocketOpen
[NONE ][21:05:01] 222222222222onClientSocketOpen
[NONE ][21:05:01] CONNECTED 127.0.0.1:57576, origin: "http://localhost"
[NONE ][21:05:03] spawnCells99999999999999
[NONE ][21:05:05] spawnCells99999999999999
[NONE ][21:05:07] spawnCells99999999999999
[NONE ][21:05:09] spawnCells99999999999999
[NONE ][21:05:11] spawnCells99999999999999
[NONE ][21:05:13] spawnCells99999999999999
[NONE ][21:05:15] spawnCells99999999999999
[NONE ][21:05:17] spawnCells99999999999999
